
$ git fetch origin main
From https://github.com/DrYGuo/Aberration-Simulation
 * branch            main       -> FETCH_HEAD

$ git pull --ff-only origin main
From https://github.com/DrYGuo/Aberration-Simulation
 * branch            main       -> FETCH_HEAD
Already up to date.

$ python3 scripts/generate_targeted_enhanced_dataset.py --search-root training_results --output-root training_results/feature_regression_enhanced --run-prefix enhanced_v4_a1_b2_s3 --dataset-version enhanced_v4_targeted_a1_b2_s3 --case-counts-json configs/targeted_expansion_a1_b2_s3.json --seed 43 --batch-base-cases 256 --bootstrap-if-missing --bootstrap-notebook notebooks/uno_feature_regression_enhanced_dataset_bootstrap.ipynb --bootstrap-timeout 3600
No training_features_enhanced.csv found under training_results; bootstrapping parent enhanced dataset.
$ /usr/bin/python3 scripts/run_notebook_headless.py notebooks/uno_feature_regression_enhanced_dataset_bootstrap.ipynb --output-dir colab_worker_logs --timeout 3600
$ /usr/local/bin/jupyter nbconvert --to notebook --execute /content/Aberration-Simulation/notebooks/uno_feature_regression_enhanced_dataset_bootstrap.ipynb --output uno_feature_regression_enhanced_dataset_bootstrap_executed_20260609_051234_utc.ipynb --output-dir /content/Aberration-Simulation/colab_worker_logs --ExecutePreprocessor.timeout=3600
[NbConvertApp] Converting notebook /content/Aberration-Simulation/notebooks/uno_feature_regression_enhanced_dataset_bootstrap.ipynb to notebook
/usr/local/lib/python3.12/dist-packages/nbformat/__init__.py:96: MissingIDFieldWarning: Cell is missing an id field, this will become a hard error in future nbformat versions. You may want to use `normalize()` on your notebooks before validations (available since nbformat 5.1.4). Previous versions of nbformat are fixing this issue transparently, and will stop doing so in the future.
  validate(nb)
0.00s - Debugger warning: It seems that frozen modules are being used, which may
0.00s - make the debugger miss breakpoints. Please pass -Xfrozen_modules=off
0.00s - to python to disable frozen modules.
0.00s - Note: Debugging will proceed. Set PYDEVD_DISABLE_FILE_VALIDATION=1 to disable this validation.
0.00s - Debugger warning: It seems that frozen modules are being used, which may
0.00s - make the debugger miss breakpoints. Please pass -Xfrozen_modules=off
0.00s - to python to disable frozen modules.
0.00s - Note: Debugging will proceed. Set PYDEVD_DISABLE_FILE_VALIDATION=1 to disable this validation.
[NbConvertApp] ERROR | unhandled iopub msg: colab_request
[NbConvertApp] ERROR | unhandled iopub msg: colab_request
[NbConvertApp] ERROR | unhandled iopub msg: colab_request
From https://github.com/DrYGuo/Aberration-Simulation
 * branch            main       -> FETCH_HEAD
HEAD is now at 1a33d33 Enable Colab dataset bootstrap for v4 expansion
[NbConvertApp] Writing 65836 bytes to /content/Aberration-Simulation/colab_worker_logs/uno_feature_regression_enhanced_dataset_bootstrap_executed_20260609_051234_utc.ipynb
manifest: /content/Aberration-Simulation/colab_worker_logs/uno_feature_regression_enhanced_dataset_bootstrap_executed_20260609_051234_utc.json
source CSV: /content/Aberration-Simulation/training_results/feature_regression_enhanced/enhanced_v2_coupled16k_stratified_dropout_20260609_051244_utc/training_features_enhanced.csv
source rows: 16446
feature columns: 66
target columns: ['C1', 'C3', 'A1_x', 'A1_y', 'B2_x', 'B2_y', 'A2_x', 'A2_y', 'S3_x', 'S3_y', 'A3_x', 'A3_y']
new targeted rows planned: 11000
targeted case counts: {'coupled_A1_B2_S3_random': 5000, 'coupled_full_random': 1500, 'coupled_A1_B2_random': 1500, 'coupled_sparse_random': 1500, 'coupled_A1_S3_random': 1500}
targeted base cases: 11000
batch base cases: 256
processed 256/11000 targeted cases
processed 512/11000 targeted cases
processed 768/11000 targeted cases
processed 1024/11000 targeted cases
processed 1280/11000 targeted cases
processed 1536/11000 targeted cases
processed 1792/11000 targeted cases
processed 2048/11000 targeted cases
processed 2304/11000 targeted cases
processed 2560/11000 targeted cases
processed 2816/11000 targeted cases
processed 3072/11000 targeted cases
processed 3328/11000 targeted cases
processed 3584/11000 targeted cases
processed 3840/11000 targeted cases
processed 4096/11000 targeted cases
processed 4352/11000 targeted cases
processed 4608/11000 targeted cases
processed 4864/11000 targeted cases
processed 5120/11000 targeted cases
processed 5376/11000 targeted cases
processed 5632/11000 targeted cases
processed 5888/11000 targeted cases
processed 6144/11000 targeted cases
processed 6400/11000 targeted cases
processed 6656/11000 targeted cases
processed 6912/11000 targeted cases
processed 7168/11000 targeted cases
processed 7424/11000 targeted cases
processed 7680/11000 targeted cases
processed 7936/11000 targeted cases
processed 8192/11000 targeted cases
processed 8448/11000 targeted cases
processed 8704/11000 targeted cases
processed 8960/11000 targeted cases
processed 9216/11000 targeted cases
processed 9472/11000 targeted cases
processed 9728/11000 targeted cases
processed 9984/11000 targeted cases
processed 10240/11000 targeted cases
processed 10496/11000 targeted cases
processed 10752/11000 targeted cases
processed 11000/11000 targeted cases
wrote combined enhanced dataset: training_results/feature_regression_enhanced/enhanced_v4_a1_b2_s3_20260609_051644_utc/training_features_enhanced.csv
combined rows: 27446
manifest: training_results/feature_regression_enhanced/enhanced_v4_a1_b2_s3_20260609_051644_utc/dataset_manifest.json

$ git config user.name 'Colab Regression Worker'

$ git config user.email colab-regression-worker@users.noreply.github.com

$ git add --force -- colab_worker_logs/colab_worker_cycle_03_20260606_030642_utc.json colab_worker_logs/colab_worker_cycle_07_20260606_032821_utc.json colab_worker_logs/uno_feature_regression_enhanced_dataset_bootstrap_executed_20260606_215106_utc.json colab_worker_logs/colab_worker_cycle_01_20260607_044108_utc.json colab_worker_logs/colab_worker_cycle_03_20260606_025207_utc.json colab_worker_logs/colab_worker_cycle_11_20260606_083544_utc.json colab_worker_logs/colab_worker_cycle_09_20260606_032952_utc.json colab_worker_logs/colab_worker_cycle_05_20260606_025747_utc.json colab_worker_logs/colab_worker_cycle_05_20260606_023734_utc.json colab_worker_logs/colab_worker_cycle_02_20260606_103119_utc.json colab_worker_logs/colab_worker_cycle_10_20260606_031207_utc.json colab_worker_logs/colab_worker_cycle_01_20260606_023529_utc.json colab_worker_logs/colab_worker_cycle_04_20260606_024606_utc.json colab_worker_logs/colab_worker_notebook_smoke_executed_20260606_025512_utc.json colab_worker_logs/colab_worker_cycle_03_20260606_025632_utc.json colab_worker_logs/colab_worker_cycle_06_20260606_030901_utc.json colab_worker_logs/colab_worker_cycle_02_20260606_024503_utc.json colab_worker_logs/uno_feature_regression_enhanced_dataset_bootstrap_executed_20260609_051234_utc.json colab_worker_logs/uno_feature_regression_enhanced_dataset_bootstrap_executed_20260606_102045_utc.json colab_worker_logs/colab_worker_cycle_04_20260606_030728_utc.json colab_worker_logs/colab_worker_cycle_01_20260606_030509_utc.json colab_worker_logs/colab_worker_cycle_03_20260606_024534_utc.json colab_worker_logs/colab_worker_cycle_06_20260607_062752_utc.json colab_worker_logs/colab_worker_notebook_smoke_executed_20260606_025741_utc.json colab_worker_logs/colab_worker_cycle_09_20260606_083240_utc.json colab_worker_logs/colab_worker_cycle_05_20260606_082600_utc.json colab_worker_logs/colab_worker_cycle_02_20260606_030555_utc.json colab_worker_logs/colab_worker_cycle_01_20260607_045916_utc.json colab_worker_logs/colab_worker_cycle_08_20260606_032907_utc.json colab_worker_logs/colab_worker_cycle_04_20260606_082413_utc.json colab_worker_logs/colab_worker_cycle_05_20260606_221217_utc.json colab_worker_logs/colab_worker_cycle_12_20260606_083701_utc.json colab_worker_logs/colab_worker_cycle_01_20260606_081951_utc.json colab_worker_logs/colab_worker_cycle_05_20260606_032650_utc.json colab_worker_logs/colab_worker_cycle_03_20260606_220000_utc.json colab_worker_logs/colab_worker_cycle_09_20260606_031120_utc.json colab_worker_logs/colab_worker_cycle_02_20260606_025136_utc.json colab_worker_logs/colab_worker_cycle_03_20260606_032519_utc.json colab_worker_logs/colab_worker_cycle_04_20260606_025710_utc.json colab_worker_logs/colab_worker_cycle_08_20260606_222844_utc.json colab_worker_logs/colab_worker_cycle_02_20260606_025556_utc.json colab_worker_logs/colab_worker_notebook_smoke_executed_20260606_025627_utc.json colab_worker_logs/colab_worker_cycle_12_20260606_033208_utc.json colab_worker_logs/colab_worker_cycle_02_20260606_082108_utc.json colab_worker_logs/colab_worker_cycle_04_20260606_023703_utc.json colab_worker_logs/colab_worker_cycle_01_20260606_093303_utc.json colab_worker_logs/colab_worker_cycle_07_20260606_222305_utc.json colab_worker_logs/colab_worker_cycle_02_20260606_023600_utc.json colab_worker_logs/colab_worker_cycle_11_20260606_031253_utc.json colab_worker_logs/colab_worker_cycle_05_20260607_055253_utc.json colab_worker_logs/colab_worker_cycle_01_20260606_024431_utc.json colab_worker_logs/colab_worker_cycle_01_20260609_045237_utc.json colab_worker_logs/colab_worker_cycle_08_20260606_083052_utc.json colab_worker_logs/colab_worker_cycle_01_20260606_032349_utc.json colab_worker_logs/colab_worker_cycle_01_20260606_025518_utc.json colab_worker_logs/colab_worker_cycle_03_20260607_052303_utc.json colab_worker_logs/colab_worker_cycle_02_20260607_051122_utc.json colab_worker_logs/colab_worker_cycle_07_20260606_030947_utc.json colab_worker_logs/colab_worker_cycle_06_20260606_032736_utc.json colab_worker_logs/colab_worker_cycle_01_20260606_102529_utc.json colab_worker_logs/colab_worker_cycle_06_20260606_082717_utc.json colab_worker_logs/colab_worker_cycle_05_20260606_024637_utc.json colab_worker_logs/colab_worker_cycle_10_20260606_083357_utc.json colab_worker_logs/colab_worker_cycle_01_20260606_215550_utc.json colab_worker_logs/colab_worker_cycle_02_20260606_032434_utc.json colab_worker_logs/colab_worker_cycle_03_20260606_103337_utc.json colab_worker_logs/colab_worker_notebook_smoke_executed_20260606_025704_utc.json colab_worker_logs/colab_worker_cycle_03_20260606_023631_utc.json colab_worker_logs/colab_worker_cycle_04_20260606_220638_utc.json colab_worker_logs/colab_worker_cycle_02_20260606_215736_utc.json colab_worker_logs/colab_worker_cycle_05_20260606_030814_utc.json colab_worker_logs/colab_worker_notebook_smoke_executed_20260606_025550_utc.json colab_worker_logs/colab_worker_cycle_01_20260606_025104_utc.json colab_worker_logs/uno_feature_regression_enhanced_dataset_bootstrap_executed_20260607_045023_utc.json colab_worker_logs/colab_worker_cycle_03_20260606_082256_utc.json colab_worker_logs/colab_worker_cycle_05_20260606_025310_utc.json colab_worker_logs/colab_worker_cycle_12_20260606_031340_utc.json colab_worker_logs/colab_worker_cycle_08_20260606_031034_utc.json colab_worker_logs/colab_worker_cycle_11_20260606_033123_utc.json colab_worker_logs/colab_worker_cycle_10_20260606_033038_utc.json colab_worker_logs/colab_worker_cycle_04_20260606_103610_utc.json colab_worker_logs/colab_worker_cycle_07_20260606_082905_utc.json colab_worker_logs/colab_worker_cycle_04_20260606_032605_utc.json colab_worker_logs/colab_worker_cycle_04_20260607_053830_utc.json colab_worker_logs/colab_worker_cycle_06_20260606_221756_utc.json colab_worker_logs/colab_worker_cycle_04_20260606_025239_utc.json colab_worker_logs/colab_worker_20260609_045236_utc.log colab_worker_logs/colab_worker_20260607_045022_utc.log colab_worker_logs/colab_worker_20260607_044106_utc.log colab_worker_logs/colab_worker_20260609_051233_utc.log colab_worker_logs/colab_worker_20260606_215105_utc.log colab_worker_logs/colab_worker_20260606_102044_utc.log training_results/feature_regression_enhanced/enhanced_v3_targeted25k_20260607_045410_utc/dataset_manifest.json training_results/feature_regression_enhanced/enhanced_v4_a1_b2_s3_20260609_051644_utc/dataset_manifest.json training_results/feature_regression_enhanced/enhanced_v3_targeted25k_20260607_045410_utc/targeted25k_audit.json training_results/feature_regression_enhanced/enhanced_v4_a1_b2_s3_20260609_051644_utc/targeted25k_audit.json training_results/feature_regression_enhanced/enhanced_v3_targeted25k_20260607_045410_utc/label_summary.csv training_results/feature_regression_enhanced/enhanced_v3_targeted25k_20260607_045410_utc/new_targeted_label_summary.csv training_results/feature_regression_enhanced/enhanced_v4_a1_b2_s3_20260609_051644_utc/label_summary.csv training_results/feature_regression_enhanced/enhanced_v4_a1_b2_s3_20260609_051644_utc/new_targeted_label_summary.csv training_results/feature_regression_enhanced/enhanced_v3_targeted25k_20260607_045410_utc/feature_columns_enhanced.json training_results/feature_regression_enhanced/enhanced_v2_coupled16k_stratified_dropout_20260607_045033_utc/feature_columns_enhanced.json training_results/feature_regression_enhanced/enhanced_v4_a1_b2_s3_20260609_051644_utc/feature_columns_enhanced.json training_results/feature_regression_enhanced/enhanced_v2_coupled16k_stratified_dropout_20260609_051244_utc/feature_columns_enhanced.json training_results/feature_regression_enhanced/enhanced_v3_targeted25k_20260607_045410_utc/hard_target_histograms/S3_x__A3_y_hist2d.png training_results/feature_regression_enhanced/enhanced_v3_targeted25k_20260607_045410_utc/hard_target_histograms/S3_x__A3_x_hist2d.png training_results/feature_regression_enhanced/enhanced_v3_targeted25k_20260607_045410_utc/hard_target_histograms/C1__A3_y_hist2d.png training_results/feature_regression_enhanced/enhanced_v3_targeted25k_20260607_045410_utc/hard_target_histograms/C1__A3_x_hist2d.png training_results/feature_regression_enhanced/enhanced_v3_targeted25k_20260607_045410_utc/hard_target_histograms/C1__S3_x_hist2d.png training_results/feature_regression_enhanced/enhanced_v3_targeted25k_20260607_045410_utc/hard_target_histograms/S3_y__A3_y_hist2d.png training_results/feature_regression_enhanced/enhanced_v3_targeted25k_20260607_045410_utc/hard_target_histograms/S3_y__A3_x_hist2d.png training_results/feature_regression_enhanced/enhanced_v3_targeted25k_20260607_045410_utc/hard_target_histograms/A3_x__A3_y_hist2d.png training_results/feature_regression_enhanced/enhanced_v3_targeted25k_20260607_045410_utc/hard_target_histograms/C1__S3_y_hist2d.png training_results/feature_regression_enhanced/enhanced_v3_targeted25k_20260607_045410_utc/hard_target_histograms/S3_x__S3_y_hist2d.png training_results/feature_regression_enhanced/enhanced_v4_a1_b2_s3_20260609_051644_utc/hard_target_histograms/S3_x__A3_y_hist2d.png training_results/feature_regression_enhanced/enhanced_v4_a1_b2_s3_20260609_051644_utc/hard_target_histograms/S3_x__A3_x_hist2d.png training_results/feature_regression_enhanced/enhanced_v4_a1_b2_s3_20260609_051644_utc/hard_target_histograms/C1__A3_y_hist2d.png training_results/feature_regression_enhanced/enhanced_v4_a1_b2_s3_20260609_051644_utc/hard_target_histograms/C1__A3_x_hist2d.png training_results/feature_regression_enhanced/enhanced_v4_a1_b2_s3_20260609_051644_utc/hard_target_histograms/C1__S3_x_hist2d.png training_results/feature_regression_enhanced/enhanced_v4_a1_b2_s3_20260609_051644_utc/hard_target_histograms/S3_y__A3_y_hist2d.png training_results/feature_regression_enhanced/enhanced_v4_a1_b2_s3_20260609_051644_utc/hard_target_histograms/S3_y__A3_x_hist2d.png training_results/feature_regression_enhanced/enhanced_v4_a1_b2_s3_20260609_051644_utc/hard_target_histograms/A3_x__A3_y_hist2d.png training_results/feature_regression_enhanced/enhanced_v4_a1_b2_s3_20260609_051644_utc/hard_target_histograms/C1__S3_y_hist2d.png training_results/feature_regression_enhanced/enhanced_v4_a1_b2_s3_20260609_051644_utc/hard_target_histograms/S3_x__S3_y_hist2d.png training_results/model_selection_loop/D66_grouped_width256_lr6e-4_dropout0.075_targeted25k_20260607_051606_utc/run_manifest_model_loop.json training_results/model_selection_loop/D66_grouped_width384_lr6e-4_dropout0.075_targeted25k_20260607_060416_utc/run_manifest_model_loop.json training_results/model_selection_loop/D66_grouped_width192_lr6e-4_dropout0.075_targeted25k_20260607_050604_utc/run_manifest_model_loop.json training_results/model_selection_loop/D66_architectureD_width128_lr6e-4_respen1e-3_rerun_validation_protocol_20260606_215909_utc/run_manifest_model_loop.json training_results/model_selection_loop/D66_width128_lr8e-4_dropout0.05_20260606_103252_utc/run_manifest_model_loop.json training_results/model_selection_loop/D66_grouped_width192_lr4e-4_dropout0.075_validation_protocol_20260606_221623_utc/run_manifest_model_loop.json training_results/model_selection_loop/D66_grouped_width256_lr4e-4_dropout0.10_targeted25k_20260607_052920_utc/run_manifest_model_loop.json training_results/model_selection_loop/D66_width128_lr8e-4_dropout0.05_rerun_validation_protocol_20260606_215654_utc/run_manifest_model_loop.json training_results/model_selection_loop/D66_grouped_width320_lr8e-4_dropout0.075_targeted25k_20260607_055328_utc/run_manifest_model_loop.json training_results/model_selection_loop/D66_grouped_width192_lr4e-4_dropout0.10_validation_protocol_20260606_221043_utc/run_manifest_model_loop.json training_results/model_selection_loop/D66_grouped_width192_lr6e-4_dropout0.075_validation_protocol_20260606_222131_utc/run_manifest_model_loop.json training_results/model_selection_loop/D66_grouped_width320_lr6e-4_dropout0.10_targeted25k_20260607_061703_utc/run_manifest_model_loop.json training_results/model_selection_loop/D66_grouped_width320_lr6e-4_dropout0.075_targeted25k_20260607_054212_utc/run_manifest_model_loop.json training_results/model_selection_loop/D66_width128_lr6e-4_dropout0.05_20260606_103035_utc/run_manifest_model_loop.json training_results/model_selection_loop/D66_grouped_width192_lr4e-4_dropout0.05_validation_protocol_20260606_220507_utc/run_manifest_model_loop.json training_results/model_selection_loop/D66_width128_lr4e-4_dropout0.05_20260606_102435_utc/run_manifest_model_loop.json training_results/model_selection_loop/D66_grouped_width192_lr8e-4_dropout0.075_validation_protocol_20260606_222710_utc/run_manifest_model_loop.json training_results/model_selection_loop/D66_width128_lr8e-4_dropout0.05_rerun_validation_protocol_20260606_215459_utc/run_manifest_model_loop.json training_results/model_selection_loop/D66_grouped_width256_lr6e-4_dropout0.075_targeted25k_20260607_051606_utc/metrics_model_loop.json training_results/model_selection_loop/D66_grouped_width384_lr6e-4_dropout0.075_targeted25k_20260607_060416_utc/metrics_model_loop.json training_results/model_selection_loop/D66_grouped_width192_lr6e-4_dropout0.075_targeted25k_20260607_050604_utc/metrics_model_loop.json training_results/model_selection_loop/D66_architectureD_width128_lr6e-4_respen1e-3_rerun_validation_protocol_20260606_215909_utc/metrics_model_loop.json training_results/model_selection_loop/D66_width128_lr8e-4_dropout0.05_20260606_103252_utc/metrics_model_loop.json training_results/model_selection_loop/D66_grouped_width192_lr4e-4_dropout0.075_validation_protocol_20260606_221623_utc/metrics_model_loop.json training_results/model_selection_loop/D66_grouped_width256_lr4e-4_dropout0.10_targeted25k_20260607_052920_utc/metrics_model_loop.json training_results/model_selection_loop/D66_width128_lr8e-4_dropout0.05_rerun_validation_protocol_20260606_215654_utc/metrics_model_loop.json training_results/model_selection_loop/D66_grouped_width320_lr8e-4_dropout0.075_targeted25k_20260607_055328_utc/metrics_model_loop.json training_results/model_selection_loop/D66_grouped_width192_lr4e-4_dropout0.10_validation_protocol_20260606_221043_utc/metrics_model_loop.json training_results/model_selection_loop/D66_grouped_width192_lr6e-4_dropout0.075_validation_protocol_20260606_222131_utc/metrics_model_loop.json training_results/model_selection_loop/D66_grouped_width320_lr6e-4_dropout0.10_targeted25k_20260607_061703_utc/metrics_model_loop.json training_results/model_selection_loop/D66_grouped_width320_lr6e-4_dropout0.075_targeted25k_20260607_054212_utc/metrics_model_loop.json training_results/model_selection_loop/D66_width128_lr6e-4_dropout0.05_20260606_103035_utc/metrics_model_loop.json training_results/model_selection_loop/D66_grouped_width192_lr4e-4_dropout0.05_validation_protocol_20260606_220507_utc/metrics_model_loop.json training_results/model_selection_loop/D66_width128_lr4e-4_dropout0.05_20260606_102435_utc/metrics_model_loop.json training_results/model_selection_loop/D66_grouped_width192_lr8e-4_dropout0.075_validation_protocol_20260606_222710_utc/metrics_model_loop.json training_results/model_selection_loop/D66_width128_lr8e-4_dropout0.05_rerun_validation_protocol_20260606_215459_utc/metrics_model_loop.json training_results/model_selection_loop/D66_grouped_width256_lr6e-4_dropout0.075_targeted25k_20260607_051606_utc/per_target_diagnostics.json training_results/model_selection_loop/D66_grouped_width384_lr6e-4_dropout0.075_targeted25k_20260607_060416_utc/per_target_diagnostics.json training_results/model_selection_loop/D66_grouped_width192_lr6e-4_dropout0.075_targeted25k_20260607_050604_utc/per_target_diagnostics.json training_results/model_selection_loop/D66_grouped_width256_lr4e-4_dropout0.10_targeted25k_20260607_052920_utc/per_target_diagnostics.json training_results/model_selection_loop/D66_grouped_width320_lr8e-4_dropout0.075_targeted25k_20260607_055328_utc/per_target_diagnostics.json training_results/model_selection_loop/D66_grouped_width320_lr6e-4_dropout0.10_targeted25k_20260607_061703_utc/per_target_diagnostics.json training_results/model_selection_loop/D66_grouped_width320_lr6e-4_dropout0.075_targeted25k_20260607_054212_utc/per_target_diagnostics.json training_results/model_selection_loop/D66_grouped_width256_lr6e-4_dropout0.075_targeted25k_20260607_051606_utc/selection_score.json training_results/model_selection_loop/D66_grouped_width384_lr6e-4_dropout0.075_targeted25k_20260607_060416_utc/selection_score.json training_results/model_selection_loop/D66_grouped_width192_lr6e-4_dropout0.075_targeted25k_20260607_050604_utc/selection_score.json training_results/model_selection_loop/D66_architectureD_width128_lr6e-4_respen1e-3_rerun_validation_protocol_20260606_215909_utc/selection_score.json training_results/model_selection_loop/D66_width128_lr8e-4_dropout0.05_20260606_103252_utc/selection_score.json training_results/model_selection_loop/D66_grouped_width192_lr4e-4_dropout0.075_validation_protocol_20260606_221623_utc/selection_score.json training_results/model_selection_loop/D66_grouped_width256_lr4e-4_dropout0.10_targeted25k_20260607_052920_utc/selection_score.json training_results/model_selection_loop/D66_width128_lr8e-4_dropout0.05_rerun_validation_protocol_20260606_215654_utc/selection_score.json training_results/model_selection_loop/D66_grouped_width320_lr8e-4_dropout0.075_targeted25k_20260607_055328_utc/selection_score.json training_results/model_selection_loop/D66_grouped_width192_lr4e-4_dropout0.10_validation_protocol_20260606_221043_utc/selection_score.json training_results/model_selection_loop/D66_grouped_width192_lr6e-4_dropout0.075_validation_protocol_20260606_222131_utc/selection_score.json training_results/model_selection_loop/D66_grouped_width320_lr6e-4_dropout0.10_targeted25k_20260607_061703_utc/selection_score.json training_results/model_selection_loop/D66_grouped_width320_lr6e-4_dropout0.075_targeted25k_20260607_054212_utc/selection_score.json training_results/model_selection_loop/D66_width128_lr6e-4_dropout0.05_20260606_103035_utc/selection_score.json training_results/model_selection_loop/D66_grouped_width192_lr4e-4_dropout0.05_validation_protocol_20260606_220507_utc/selection_score.json training_results/model_selection_loop/D66_width128_lr4e-4_dropout0.05_20260606_102435_utc/selection_score.json training_results/model_selection_loop/D66_grouped_width192_lr8e-4_dropout0.075_validation_protocol_20260606_222710_utc/selection_score.json training_results/model_selection_loop/D66_width128_lr8e-4_dropout0.05_rerun_validation_protocol_20260606_215459_utc/selection_score.json training_results/model_selection_loop/D66_grouped_width256_lr6e-4_dropout0.075_targeted25k_20260607_051606_utc/model_registry_model_loop.csv training_results/model_selection_loop/D66_grouped_width384_lr6e-4_dropout0.075_targeted25k_20260607_060416_utc/model_registry_model_loop.csv training_results/model_selection_loop/D66_grouped_width192_lr6e-4_dropout0.075_targeted25k_20260607_050604_utc/model_registry_model_loop.csv training_results/model_selection_loop/D66_architectureD_width128_lr6e-4_respen1e-3_rerun_validation_protocol_20260606_215909_utc/model_registry_model_loop.csv training_results/model_selection_loop/D66_width128_lr8e-4_dropout0.05_20260606_103252_utc/model_registry_model_loop.csv training_results/model_selection_loop/D66_grouped_width192_lr4e-4_dropout0.075_validation_protocol_20260606_221623_utc/model_registry_model_loop.csv training_results/model_selection_loop/D66_grouped_width256_lr4e-4_dropout0.10_targeted25k_20260607_052920_utc/model_registry_model_loop.csv training_results/model_selection_loop/D66_width128_lr8e-4_dropout0.05_rerun_validation_protocol_20260606_215654_utc/model_registry_model_loop.csv training_results/model_selection_loop/D66_grouped_width320_lr8e-4_dropout0.075_targeted25k_20260607_055328_utc/model_registry_model_loop.csv training_results/model_selection_loop/D66_grouped_width192_lr4e-4_dropout0.10_validation_protocol_20260606_221043_utc/model_registry_model_loop.csv training_results/model_selection_loop/D66_grouped_width192_lr6e-4_dropout0.075_validation_protocol_20260606_222131_utc/model_registry_model_loop.csv training_results/model_selection_loop/D66_grouped_width320_lr6e-4_dropout0.10_targeted25k_20260607_061703_utc/model_registry_model_loop.csv training_results/model_selection_loop/D66_grouped_width320_lr6e-4_dropout0.075_targeted25k_20260607_054212_utc/model_registry_model_loop.csv training_results/model_selection_loop/D66_width128_lr6e-4_dropout0.05_20260606_103035_utc/model_registry_model_loop.csv training_results/model_selection_loop/D66_grouped_width192_lr4e-4_dropout0.05_validation_protocol_20260606_220507_utc/model_registry_model_loop.csv training_results/model_selection_loop/D66_width128_lr4e-4_dropout0.05_20260606_102435_utc/model_registry_model_loop.csv training_results/model_selection_loop/D66_grouped_width192_lr8e-4_dropout0.075_validation_protocol_20260606_222710_utc/model_registry_model_loop.csv training_results/model_selection_loop/D66_width128_lr8e-4_dropout0.05_rerun_validation_protocol_20260606_215459_utc/model_registry_model_loop.csv training_results/model_selection_loop/D66_grouped_width256_lr6e-4_dropout0.075_targeted25k_20260607_051606_utc/feature_scale_summary.csv training_results/model_selection_loop/D66_grouped_width256_lr6e-4_dropout0.075_targeted25k_20260607_051606_utc/training_history_summary.csv training_results/model_selection_loop/D66_grouped_width256_lr6e-4_dropout0.075_targeted25k_20260607_051606_utc/target_scale_summary.csv training_results/model_selection_loop/D66_grouped_width384_lr6e-4_dropout0.075_targeted25k_20260607_060416_utc/feature_scale_summary.csv training_results/model_selection_loop/D66_grouped_width384_lr6e-4_dropout0.075_targeted25k_20260607_060416_utc/training_history_summary.csv training_results/model_selection_loop/D66_grouped_width384_lr6e-4_dropout0.075_targeted25k_20260607_060416_utc/target_scale_summary.csv training_results/model_selection_loop/D66_grouped_width192_lr6e-4_dropout0.075_targeted25k_20260607_050604_utc/feature_scale_summary.csv training_results/model_selection_loop/D66_grouped_width192_lr6e-4_dropout0.075_targeted25k_20260607_050604_utc/training_history_summary.csv training_results/model_selection_loop/D66_grouped_width192_lr6e-4_dropout0.075_targeted25k_20260607_050604_utc/target_scale_summary.csv training_results/model_selection_loop/D66_width128_lr8e-4_dropout0.05_20260606_103252_utc/feature_scale_summary.csv training_results/model_selection_loop/D66_width128_lr8e-4_dropout0.05_20260606_103252_utc/training_history_summary.csv training_results/model_selection_loop/D66_width128_lr8e-4_dropout0.05_20260606_103252_utc/target_scale_summary.csv training_results/model_selection_loop/D66_grouped_width256_lr4e-4_dropout0.10_targeted25k_20260607_052920_utc/feature_scale_summary.csv training_results/model_selection_loop/D66_grouped_width256_lr4e-4_dropout0.10_targeted25k_20260607_052920_utc/training_history_summary.csv training_results/model_selection_loop/D66_grouped_width256_lr4e-4_dropout0.10_targeted25k_20260607_052920_utc/target_scale_summary.csv training_results/model_selection_loop/D66_grouped_width320_lr8e-4_dropout0.075_targeted25k_20260607_055328_utc/feature_scale_summary.csv training_results/model_selection_loop/D66_grouped_width320_lr8e-4_dropout0.075_targeted25k_20260607_055328_utc/training_history_summary.csv training_results/model_selection_loop/D66_grouped_width320_lr8e-4_dropout0.075_targeted25k_20260607_055328_utc/target_scale_summary.csv training_results/model_selection_loop/D66_grouped_width320_lr6e-4_dropout0.10_targeted25k_20260607_061703_utc/feature_scale_summary.csv training_results/model_selection_loop/D66_grouped_width320_lr6e-4_dropout0.10_targeted25k_20260607_061703_utc/training_history_summary.csv training_results/model_selection_loop/D66_grouped_width320_lr6e-4_dropout0.10_targeted25k_20260607_061703_utc/target_scale_summary.csv training_results/model_selection_loop/D66_grouped_width320_lr6e-4_dropout0.075_targeted25k_20260607_054212_utc/feature_scale_summary.csv training_results/model_selection_loop/D66_grouped_width320_lr6e-4_dropout0.075_targeted25k_20260607_054212_utc/training_history_summary.csv training_results/model_selection_loop/D66_grouped_width320_lr6e-4_dropout0.075_targeted25k_20260607_054212_utc/target_scale_summary.csv training_results/model_selection_loop/D66_width128_lr6e-4_dropout0.05_20260606_103035_utc/feature_scale_summary.csv training_results/model_selection_loop/D66_width128_lr6e-4_dropout0.05_20260606_103035_utc/training_history_summary.csv training_results/model_selection_loop/D66_width128_lr6e-4_dropout0.05_20260606_103035_utc/target_scale_summary.csv training_results/model_selection_loop/D66_width128_lr4e-4_dropout0.05_20260606_102435_utc/feature_scale_summary.csv training_results/model_selection_loop/D66_width128_lr4e-4_dropout0.05_20260606_102435_utc/training_history_summary.csv training_results/model_selection_loop/D66_width128_lr4e-4_dropout0.05_20260606_102435_utc/target_scale_summary.csv training_results/model_selection_loop/D66_grouped_width256_lr6e-4_dropout0.075_targeted25k_20260607_051606_utc/prediction_scatter_model_loop.png training_results/model_selection_loop/D66_grouped_width256_lr6e-4_dropout0.075_targeted25k_20260607_051606_utc/training_history_model_loop.png training_results/model_selection_loop/D66_grouped_width384_lr6e-4_dropout0.075_targeted25k_20260607_060416_utc/prediction_scatter_model_loop.png training_results/model_selection_loop/D66_grouped_width384_lr6e-4_dropout0.075_targeted25k_20260607_060416_utc/training_history_model_loop.png training_results/model_selection_loop/D66_grouped_width192_lr6e-4_dropout0.075_targeted25k_20260607_050604_utc/prediction_scatter_model_loop.png training_results/model_selection_loop/D66_grouped_width192_lr6e-4_dropout0.075_targeted25k_20260607_050604_utc/training_history_model_loop.png training_results/model_selection_loop/D66_architectureD_width128_lr6e-4_respen1e-3_rerun_validation_protocol_20260606_215909_utc/prediction_scatter_model_loop.png training_results/model_selection_loop/D66_architectureD_width128_lr6e-4_respen1e-3_rerun_validation_protocol_20260606_215909_utc/training_history_model_loop.png training_results/model_selection_loop/D66_width128_lr8e-4_dropout0.05_20260606_103252_utc/prediction_scatter_model_loop.png training_results/model_selection_loop/D66_width128_lr8e-4_dropout0.05_20260606_103252_utc/training_history_model_loop.png training_results/model_selection_loop/D66_grouped_width192_lr4e-4_dropout0.075_validation_protocol_20260606_221623_utc/prediction_scatter_model_loop.png training_results/model_selection_loop/D66_grouped_width192_lr4e-4_dropout0.075_validation_protocol_20260606_221623_utc/training_history_model_loop.png training_results/model_selection_loop/D66_grouped_width256_lr4e-4_dropout0.10_targeted25k_20260607_052920_utc/prediction_scatter_model_loop.png training_results/model_selection_loop/D66_grouped_width256_lr4e-4_dropout0.10_targeted25k_20260607_052920_utc/training_history_model_loop.png training_results/model_selection_loop/D66_width128_lr8e-4_dropout0.05_rerun_validation_protocol_20260606_215654_utc/prediction_scatter_model_loop.png training_results/model_selection_loop/D66_width128_lr8e-4_dropout0.05_rerun_validation_protocol_20260606_215654_utc/training_history_model_loop.png training_results/model_selection_loop/D66_grouped_width320_lr8e-4_dropout0.075_targeted25k_20260607_055328_utc/prediction_scatter_model_loop.png training_results/model_selection_loop/D66_grouped_width320_lr8e-4_dropout0.075_targeted25k_20260607_055328_utc/training_history_model_loop.png training_results/model_selection_loop/D66_grouped_width192_lr4e-4_dropout0.10_validation_protocol_20260606_221043_utc/prediction_scatter_model_loop.png training_results/model_selection_loop/D66_grouped_width192_lr4e-4_dropout0.10_validation_protocol_20260606_221043_utc/training_history_model_loop.png training_results/model_selection_loop/D66_grouped_width192_lr6e-4_dropout0.075_validation_protocol_20260606_222131_utc/prediction_scatter_model_loop.png training_results/model_selection_loop/D66_grouped_width192_lr6e-4_dropout0.075_validation_protocol_20260606_222131_utc/training_history_model_loop.png training_results/model_selection_loop/D66_grouped_width320_lr6e-4_dropout0.10_targeted25k_20260607_061703_utc/prediction_scatter_model_loop.png training_results/model_selection_loop/D66_grouped_width320_lr6e-4_dropout0.10_targeted25k_20260607_061703_utc/training_history_model_loop.png training_results/model_selection_loop/D66_grouped_width320_lr6e-4_dropout0.075_targeted25k_20260607_054212_utc/prediction_scatter_model_loop.png training_results/model_selection_loop/D66_grouped_width320_lr6e-4_dropout0.075_targeted25k_20260607_054212_utc/training_history_model_loop.png training_results/model_selection_loop/D66_width128_lr6e-4_dropout0.05_20260606_103035_utc/prediction_scatter_model_loop.png training_results/model_selection_loop/D66_width128_lr6e-4_dropout0.05_20260606_103035_utc/training_history_model_loop.png training_results/model_selection_loop/D66_grouped_width192_lr4e-4_dropout0.05_validation_protocol_20260606_220507_utc/prediction_scatter_model_loop.png training_results/model_selection_loop/D66_grouped_width192_lr4e-4_dropout0.05_validation_protocol_20260606_220507_utc/training_history_model_loop.png training_results/model_selection_loop/D66_width128_lr4e-4_dropout0.05_20260606_102435_utc/prediction_scatter_model_loop.png training_results/model_selection_loop/D66_width128_lr4e-4_dropout0.05_20260606_102435_utc/training_history_model_loop.png training_results/model_selection_loop/D66_grouped_width192_lr8e-4_dropout0.075_validation_protocol_20260606_222710_utc/prediction_scatter_model_loop.png training_results/model_selection_loop/D66_grouped_width192_lr8e-4_dropout0.075_validation_protocol_20260606_222710_utc/training_history_model_loop.png training_results/model_selection_loop/D66_width128_lr8e-4_dropout0.05_rerun_validation_protocol_20260606_215459_utc/prediction_scatter_model_loop.png training_results/model_selection_loop/D66_width128_lr8e-4_dropout0.05_rerun_validation_protocol_20260606_215459_utc/training_history_model_loop.png training_results/model_selection_batches/targeted25k_architecture_batch_live_20260607_055327_utc/batch_manifest.json training_results/model_selection_batches/targeted25k_architecture_batch_live_20260607_055327_utc/batch_summary.csv colab_worker_logs/colab_worker_cycle_01_20260609_051905_utc.json

$ git commit -m 'Add Colab model-loop artifacts cycle 1/8'
[main fd9bac1] Add Colab model-loop artifacts cycle 1/8
 19 files changed, 6465 insertions(+)
 create mode 100644 colab_worker_logs/colab_worker_20260609_051233_utc.log
 create mode 100644 colab_worker_logs/colab_worker_cycle_01_20260609_051905_utc.json
 create mode 100644 colab_worker_logs/uno_feature_regression_enhanced_dataset_bootstrap_executed_20260609_051234_utc.json
 create mode 100644 training_results/feature_regression_enhanced/enhanced_v2_coupled16k_stratified_dropout_20260609_051244_utc/feature_columns_enhanced.json
 create mode 100644 training_results/feature_regression_enhanced/enhanced_v4_a1_b2_s3_20260609_051644_utc/dataset_manifest.json
 create mode 100644 training_results/feature_regression_enhanced/enhanced_v4_a1_b2_s3_20260609_051644_utc/feature_columns_enhanced.json
 create mode 100644 training_results/feature_regression_enhanced/enhanced_v4_a1_b2_s3_20260609_051644_utc/hard_target_histograms/A3_x__A3_y_hist2d.png
 create mode 100644 training_results/feature_regression_enhanced/enhanced_v4_a1_b2_s3_20260609_051644_utc/hard_target_histograms/C1__A3_x_hist2d.png
 create mode 100644 training_results/feature_regression_enhanced/enhanced_v4_a1_b2_s3_20260609_051644_utc/hard_target_histograms/C1__A3_y_hist2d.png
 create mode 100644 training_results/feature_regression_enhanced/enhanced_v4_a1_b2_s3_20260609_051644_utc/hard_target_histograms/C1__S3_x_hist2d.png
 create mode 100644 training_results/feature_regression_enhanced/enhanced_v4_a1_b2_s3_20260609_051644_utc/hard_target_histograms/C1__S3_y_hist2d.png
 create mode 100644 training_results/feature_regression_enhanced/enhanced_v4_a1_b2_s3_20260609_051644_utc/hard_target_histograms/S3_x__A3_x_hist2d.png
 create mode 100644 training_results/feature_regression_enhanced/enhanced_v4_a1_b2_s3_20260609_051644_utc/hard_target_histograms/S3_x__A3_y_hist2d.png
 create mode 100644 training_results/feature_regression_enhanced/enhanced_v4_a1_b2_s3_20260609_051644_utc/hard_target_histograms/S3_x__S3_y_hist2d.png
 create mode 100644 training_results/feature_regression_enhanced/enhanced_v4_a1_b2_s3_20260609_051644_utc/hard_target_histograms/S3_y__A3_x_hist2d.png
 create mode 100644 training_results/feature_regression_enhanced/enhanced_v4_a1_b2_s3_20260609_051644_utc/hard_target_histograms/S3_y__A3_y_hist2d.png
 create mode 100644 training_results/feature_regression_enhanced/enhanced_v4_a1_b2_s3_20260609_051644_utc/label_summary.csv
 create mode 100644 training_results/feature_regression_enhanced/enhanced_v4_a1_b2_s3_20260609_051644_utc/new_targeted_label_summary.csv
 create mode 100644 training_results/feature_regression_enhanced/enhanced_v4_a1_b2_s3_20260609_051644_utc/targeted25k_audit.json

$ git push origin main
To https://github.com/DrYGuo/Aberration-Simulation.git
   1a33d33..fd9bac1  main -> main

$ git fetch origin main
From https://github.com/DrYGuo/Aberration-Simulation
 * branch            main       -> FETCH_HEAD

$ git pull --ff-only origin main
From https://github.com/DrYGuo/Aberration-Simulation
 * branch            main       -> FETCH_HEAD
Already up to date.

$ git fetch origin main
From https://github.com/DrYGuo/Aberration-Simulation
 * branch            main       -> FETCH_HEAD

$ git pull --ff-only origin main
From https://github.com/DrYGuo/Aberration-Simulation
 * branch            main       -> FETCH_HEAD
Already up to date.

$ git fetch origin main
From https://github.com/DrYGuo/Aberration-Simulation
 * branch            main       -> FETCH_HEAD

$ git pull --ff-only origin main
From https://github.com/DrYGuo/Aberration-Simulation
 * branch            main       -> FETCH_HEAD
Already up to date.

$ git fetch origin main
From https://github.com/DrYGuo/Aberration-Simulation
 * branch            main       -> FETCH_HEAD

$ git pull --ff-only origin main
From https://github.com/DrYGuo/Aberration-Simulation
 * branch            main       -> FETCH_HEAD
Already up to date.

$ git fetch origin main
From https://github.com/DrYGuo/Aberration-Simulation
 * branch            main       -> FETCH_HEAD

$ git pull --ff-only origin main
From https://github.com/DrYGuo/Aberration-Simulation
 * branch            main       -> FETCH_HEAD
Already up to date.

$ git fetch origin main
From https://github.com/DrYGuo/Aberration-Simulation
 * branch            main       -> FETCH_HEAD

$ git pull --ff-only origin main
From https://github.com/DrYGuo/Aberration-Simulation
 * branch            main       -> FETCH_HEAD
Already up to date.

$ git fetch origin main
From https://github.com/DrYGuo/Aberration-Simulation
 * branch            main       -> FETCH_HEAD

$ git pull --ff-only origin main
From https://github.com/DrYGuo/Aberration-Simulation
 * branch            main       -> FETCH_HEAD
Already up to date.

$ git fetch origin main
From https://github.com/DrYGuo/Aberration-Simulation
 * branch            main       -> FETCH_HEAD

$ git pull --ff-only origin main
From https://github.com/DrYGuo/Aberration-Simulation
 * branch            main       -> FETCH_HEAD
Already up to date.

$ git fetch origin main
From https://github.com/DrYGuo/Aberration-Simulation
 * branch            main       -> FETCH_HEAD

$ git pull --ff-only origin main
From https://github.com/DrYGuo/Aberration-Simulation
 * branch            main       -> FETCH_HEAD
Already up to date.

$ git fetch origin main
From https://github.com/DrYGuo/Aberration-Simulation
 * branch            main       -> FETCH_HEAD
   fd9bac1..f0a4b8e  main       -> origin/main

$ git pull --ff-only origin main
From https://github.com/DrYGuo/Aberration-Simulation
 * branch            main       -> FETCH_HEAD
Updating fd9bac1..f0a4b8e
Fast-forward
 configs/targeted_expansion_a1_b2_s3_topup14k.json | 19 +++++++++++++++++++
 experiments/colab_worker_model_loop.json          | 12 ++++++------
 scripts/generate_targeted_enhanced_dataset.py     |  1 +
 3 files changed, 26 insertions(+), 6 deletions(-)
 create mode 100644 configs/targeted_expansion_a1_b2_s3_topup14k.json

$ python3 scripts/generate_targeted_enhanced_dataset.py --search-root training_results --output-root training_results/feature_regression_enhanced --run-prefix enhanced_v4b_a1_b2_s3_topup14k --dataset-version enhanced_v4b_targeted_a1_b2_s3_topup14k --case-counts-json configs/targeted_expansion_a1_b2_s3_topup14k.json --seed 44 --batch-base-cases 256 --bootstrap-if-missing --bootstrap-notebook notebooks/uno_feature_regression_enhanced_dataset_bootstrap.ipynb --bootstrap-timeout 3600
source CSV: /content/Aberration-Simulation/training_results/feature_regression_enhanced/enhanced_v4_a1_b2_s3_20260609_051644_utc/training_features_enhanced.csv
source rows: 27446
feature columns: 66
target columns: ['C1', 'C3', 'A1_x', 'A1_y', 'B2_x', 'B2_y', 'A2_x', 'A2_y', 'S3_x', 'S3_y', 'A3_x', 'A3_y']
new targeted rows planned: 14000
targeted case counts: {'coupled_full_random': 1000, 'coupled_A1_B2_S3_random': 6000, 'coupled_A1_S3_random': 1500, 'coupled_B2_S3_random': 2500, 'coupled_sparse_random': 1500, 'coupled_A1_B2_random': 1500}
targeted base cases: 14000
batch base cases: 256
processed 256/14000 targeted cases
processed 512/14000 targeted cases
processed 768/14000 targeted cases
processed 1024/14000 targeted cases
processed 1280/14000 targeted cases
processed 1536/14000 targeted cases
processed 1792/14000 targeted cases
processed 2048/14000 targeted cases
processed 2304/14000 targeted cases
processed 2560/14000 targeted cases
processed 2816/14000 targeted cases
processed 3072/14000 targeted cases
processed 3328/14000 targeted cases
processed 3584/14000 targeted cases
processed 3840/14000 targeted cases
processed 4096/14000 targeted cases
processed 4352/14000 targeted cases
processed 4608/14000 targeted cases
processed 4864/14000 targeted cases
processed 5120/14000 targeted cases
processed 5376/14000 targeted cases
processed 5632/14000 targeted cases
processed 5888/14000 targeted cases
processed 6144/14000 targeted cases
processed 6400/14000 targeted cases
processed 6656/14000 targeted cases
processed 6912/14000 targeted cases
processed 7168/14000 targeted cases
processed 7424/14000 targeted cases
processed 7680/14000 targeted cases
processed 7936/14000 targeted cases
processed 8192/14000 targeted cases
processed 8448/14000 targeted cases
processed 8704/14000 targeted cases
processed 8960/14000 targeted cases
processed 9216/14000 targeted cases
processed 9472/14000 targeted cases
processed 9728/14000 targeted cases
processed 9984/14000 targeted cases
processed 10240/14000 targeted cases
processed 10496/14000 targeted cases
processed 10752/14000 targeted cases
processed 11008/14000 targeted cases
processed 11264/14000 targeted cases
processed 11520/14000 targeted cases
processed 11776/14000 targeted cases
processed 12032/14000 targeted cases
processed 12288/14000 targeted cases
processed 12544/14000 targeted cases
processed 12800/14000 targeted cases
processed 13056/14000 targeted cases
processed 13312/14000 targeted cases
processed 13568/14000 targeted cases
processed 13824/14000 targeted cases
processed 14000/14000 targeted cases
wrote combined enhanced dataset: training_results/feature_regression_enhanced/enhanced_v4b_a1_b2_s3_topup14k_20260609_052343_utc/training_features_enhanced.csv
combined rows: 41446
manifest: training_results/feature_regression_enhanced/enhanced_v4b_a1_b2_s3_topup14k_20260609_052343_utc/dataset_manifest.json

$ git add --force -- colab_worker_logs/colab_worker_cycle_03_20260606_030642_utc.json colab_worker_logs/colab_worker_cycle_07_20260606_032821_utc.json colab_worker_logs/uno_feature_regression_enhanced_dataset_bootstrap_executed_20260606_215106_utc.json colab_worker_logs/colab_worker_cycle_01_20260607_044108_utc.json colab_worker_logs/colab_worker_cycle_03_20260606_025207_utc.json colab_worker_logs/colab_worker_cycle_11_20260606_083544_utc.json colab_worker_logs/colab_worker_cycle_09_20260606_032952_utc.json colab_worker_logs/colab_worker_cycle_05_20260606_025747_utc.json colab_worker_logs/colab_worker_cycle_05_20260606_023734_utc.json colab_worker_logs/colab_worker_cycle_02_20260606_103119_utc.json colab_worker_logs/colab_worker_cycle_10_20260606_031207_utc.json colab_worker_logs/colab_worker_cycle_01_20260606_023529_utc.json colab_worker_logs/colab_worker_cycle_04_20260606_024606_utc.json colab_worker_logs/colab_worker_notebook_smoke_executed_20260606_025512_utc.json colab_worker_logs/colab_worker_cycle_03_20260606_025632_utc.json colab_worker_logs/colab_worker_cycle_06_20260606_030901_utc.json colab_worker_logs/colab_worker_cycle_02_20260606_024503_utc.json colab_worker_logs/uno_feature_regression_enhanced_dataset_bootstrap_executed_20260609_051234_utc.json colab_worker_logs/uno_feature_regression_enhanced_dataset_bootstrap_executed_20260606_102045_utc.json colab_worker_logs/colab_worker_cycle_04_20260606_030728_utc.json colab_worker_logs/colab_worker_cycle_01_20260606_030509_utc.json colab_worker_logs/colab_worker_cycle_03_20260606_024534_utc.json colab_worker_logs/colab_worker_cycle_06_20260607_062752_utc.json colab_worker_logs/colab_worker_notebook_smoke_executed_20260606_025741_utc.json colab_worker_logs/colab_worker_cycle_09_20260606_083240_utc.json colab_worker_logs/colab_worker_cycle_05_20260606_082600_utc.json colab_worker_logs/colab_worker_cycle_02_20260606_030555_utc.json colab_worker_logs/colab_worker_cycle_01_20260607_045916_utc.json colab_worker_logs/colab_worker_cycle_08_20260606_032907_utc.json colab_worker_logs/colab_worker_cycle_04_20260606_082413_utc.json colab_worker_logs/colab_worker_cycle_05_20260606_221217_utc.json colab_worker_logs/colab_worker_cycle_12_20260606_083701_utc.json colab_worker_logs/colab_worker_cycle_01_20260606_081951_utc.json colab_worker_logs/colab_worker_cycle_05_20260606_032650_utc.json colab_worker_logs/colab_worker_cycle_03_20260606_220000_utc.json colab_worker_logs/colab_worker_cycle_09_20260606_031120_utc.json colab_worker_logs/colab_worker_cycle_02_20260606_025136_utc.json colab_worker_logs/colab_worker_cycle_03_20260606_032519_utc.json colab_worker_logs/colab_worker_cycle_04_20260606_025710_utc.json colab_worker_logs/colab_worker_cycle_01_20260609_051905_utc.json colab_worker_logs/colab_worker_cycle_08_20260606_222844_utc.json colab_worker_logs/colab_worker_cycle_02_20260606_025556_utc.json colab_worker_logs/colab_worker_notebook_smoke_executed_20260606_025627_utc.json colab_worker_logs/colab_worker_cycle_12_20260606_033208_utc.json colab_worker_logs/colab_worker_cycle_02_20260606_082108_utc.json colab_worker_logs/colab_worker_cycle_04_20260606_023703_utc.json colab_worker_logs/colab_worker_cycle_01_20260606_093303_utc.json colab_worker_logs/colab_worker_cycle_07_20260606_222305_utc.json colab_worker_logs/colab_worker_cycle_02_20260606_023600_utc.json colab_worker_logs/colab_worker_cycle_11_20260606_031253_utc.json colab_worker_logs/colab_worker_cycle_05_20260607_055253_utc.json colab_worker_logs/colab_worker_cycle_01_20260606_024431_utc.json colab_worker_logs/colab_worker_cycle_01_20260609_045237_utc.json colab_worker_logs/colab_worker_cycle_08_20260606_083052_utc.json colab_worker_logs/colab_worker_cycle_01_20260606_032349_utc.json colab_worker_logs/colab_worker_cycle_01_20260606_025518_utc.json colab_worker_logs/colab_worker_cycle_03_20260607_052303_utc.json colab_worker_logs/colab_worker_cycle_02_20260607_051122_utc.json colab_worker_logs/colab_worker_cycle_07_20260606_030947_utc.json colab_worker_logs/colab_worker_cycle_06_20260606_032736_utc.json colab_worker_logs/colab_worker_cycle_01_20260606_102529_utc.json colab_worker_logs/colab_worker_cycle_06_20260606_082717_utc.json colab_worker_logs/colab_worker_cycle_05_20260606_024637_utc.json colab_worker_logs/colab_worker_cycle_10_20260606_083357_utc.json colab_worker_logs/colab_worker_cycle_01_20260606_215550_utc.json colab_worker_logs/colab_worker_cycle_02_20260606_032434_utc.json colab_worker_logs/colab_worker_cycle_03_20260606_103337_utc.json colab_worker_logs/colab_worker_notebook_smoke_executed_20260606_025704_utc.json colab_worker_logs/colab_worker_cycle_03_20260606_023631_utc.json colab_worker_logs/colab_worker_cycle_04_20260606_220638_utc.json colab_worker_logs/colab_worker_cycle_02_20260606_215736_utc.json colab_worker_logs/colab_worker_cycle_05_20260606_030814_utc.json colab_worker_logs/colab_worker_notebook_smoke_executed_20260606_025550_utc.json colab_worker_logs/colab_worker_cycle_01_20260606_025104_utc.json colab_worker_logs/uno_feature_regression_enhanced_dataset_bootstrap_executed_20260607_045023_utc.json colab_worker_logs/colab_worker_cycle_03_20260606_082256_utc.json colab_worker_logs/colab_worker_cycle_05_20260606_025310_utc.json colab_worker_logs/colab_worker_cycle_12_20260606_031340_utc.json colab_worker_logs/colab_worker_cycle_08_20260606_031034_utc.json colab_worker_logs/colab_worker_cycle_11_20260606_033123_utc.json colab_worker_logs/colab_worker_cycle_10_20260606_033038_utc.json colab_worker_logs/colab_worker_cycle_04_20260606_103610_utc.json colab_worker_logs/colab_worker_cycle_07_20260606_082905_utc.json colab_worker_logs/colab_worker_cycle_04_20260606_032605_utc.json colab_worker_logs/colab_worker_cycle_04_20260607_053830_utc.json colab_worker_logs/colab_worker_cycle_06_20260606_221756_utc.json colab_worker_logs/colab_worker_cycle_04_20260606_025239_utc.json colab_worker_logs/colab_worker_20260609_045236_utc.log colab_worker_logs/colab_worker_20260607_045022_utc.log colab_worker_logs/colab_worker_20260607_044106_utc.log colab_worker_logs/colab_worker_20260609_051233_utc.log colab_worker_logs/colab_worker_20260606_215105_utc.log colab_worker_logs/colab_worker_20260606_102044_utc.log training_results/feature_regression_enhanced/enhanced_v3_targeted25k_20260607_045410_utc/dataset_manifest.json training_results/feature_regression_enhanced/enhanced_v4_a1_b2_s3_20260609_051644_utc/dataset_manifest.json training_results/feature_regression_enhanced/enhanced_v4b_a1_b2_s3_topup14k_20260609_052343_utc/dataset_manifest.json training_results/feature_regression_enhanced/enhanced_v3_targeted25k_20260607_045410_utc/targeted25k_audit.json training_results/feature_regression_enhanced/enhanced_v4_a1_b2_s3_20260609_051644_utc/targeted25k_audit.json training_results/feature_regression_enhanced/enhanced_v4b_a1_b2_s3_topup14k_20260609_052343_utc/targeted25k_audit.json training_results/feature_regression_enhanced/enhanced_v3_targeted25k_20260607_045410_utc/label_summary.csv training_results/feature_regression_enhanced/enhanced_v3_targeted25k_20260607_045410_utc/new_targeted_label_summary.csv training_results/feature_regression_enhanced/enhanced_v4_a1_b2_s3_20260609_051644_utc/label_summary.csv training_results/feature_regression_enhanced/enhanced_v4_a1_b2_s3_20260609_051644_utc/new_targeted_label_summary.csv training_results/feature_regression_enhanced/enhanced_v4b_a1_b2_s3_topup14k_20260609_052343_utc/label_summary.csv training_results/feature_regression_enhanced/enhanced_v4b_a1_b2_s3_topup14k_20260609_052343_utc/new_targeted_label_summary.csv training_results/feature_regression_enhanced/enhanced_v3_targeted25k_20260607_045410_utc/feature_columns_enhanced.json training_results/feature_regression_enhanced/enhanced_v2_coupled16k_stratified_dropout_20260607_045033_utc/feature_columns_enhanced.json training_results/feature_regression_enhanced/enhanced_v4_a1_b2_s3_20260609_051644_utc/feature_columns_enhanced.json training_results/feature_regression_enhanced/enhanced_v4b_a1_b2_s3_topup14k_20260609_052343_utc/feature_columns_enhanced.json training_results/feature_regression_enhanced/enhanced_v2_coupled16k_stratified_dropout_20260609_051244_utc/feature_columns_enhanced.json training_results/feature_regression_enhanced/enhanced_v3_targeted25k_20260607_045410_utc/hard_target_histograms/S3_x__A3_y_hist2d.png training_results/feature_regression_enhanced/enhanced_v3_targeted25k_20260607_045410_utc/hard_target_histograms/S3_x__A3_x_hist2d.png training_results/feature_regression_enhanced/enhanced_v3_targeted25k_20260607_045410_utc/hard_target_histograms/C1__A3_y_hist2d.png training_results/feature_regression_enhanced/enhanced_v3_targeted25k_20260607_045410_utc/hard_target_histograms/C1__A3_x_hist2d.png training_results/feature_regression_enhanced/enhanced_v3_targeted25k_20260607_045410_utc/hard_target_histograms/C1__S3_x_hist2d.png training_results/feature_regression_enhanced/enhanced_v3_targeted25k_20260607_045410_utc/hard_target_histograms/S3_y__A3_y_hist2d.png training_results/feature_regression_enhanced/enhanced_v3_targeted25k_20260607_045410_utc/hard_target_histograms/S3_y__A3_x_hist2d.png training_results/feature_regression_enhanced/enhanced_v3_targeted25k_20260607_045410_utc/hard_target_histograms/A3_x__A3_y_hist2d.png training_results/feature_regression_enhanced/enhanced_v3_targeted25k_20260607_045410_utc/hard_target_histograms/C1__S3_y_hist2d.png training_results/feature_regression_enhanced/enhanced_v3_targeted25k_20260607_045410_utc/hard_target_histograms/S3_x__S3_y_hist2d.png training_results/feature_regression_enhanced/enhanced_v4_a1_b2_s3_20260609_051644_utc/hard_target_histograms/S3_x__A3_y_hist2d.png training_results/feature_regression_enhanced/enhanced_v4_a1_b2_s3_20260609_051644_utc/hard_target_histograms/S3_x__A3_x_hist2d.png training_results/feature_regression_enhanced/enhanced_v4_a1_b2_s3_20260609_051644_utc/hard_target_histograms/C1__A3_y_hist2d.png training_results/feature_regression_enhanced/enhanced_v4_a1_b2_s3_20260609_051644_utc/hard_target_histograms/C1__A3_x_hist2d.png training_results/feature_regression_enhanced/enhanced_v4_a1_b2_s3_20260609_051644_utc/hard_target_histograms/C1__S3_x_hist2d.png training_results/feature_regression_enhanced/enhanced_v4_a1_b2_s3_20260609_051644_utc/hard_target_histograms/S3_y__A3_y_hist2d.png training_results/feature_regression_enhanced/enhanced_v4_a1_b2_s3_20260609_051644_utc/hard_target_histograms/S3_y__A3_x_hist2d.png training_results/feature_regression_enhanced/enhanced_v4_a1_b2_s3_20260609_051644_utc/hard_target_histograms/A3_x__A3_y_hist2d.png training_results/feature_regression_enhanced/enhanced_v4_a1_b2_s3_20260609_051644_utc/hard_target_histograms/C1__S3_y_hist2d.png training_results/feature_regression_enhanced/enhanced_v4_a1_b2_s3_20260609_051644_utc/hard_target_histograms/S3_x__S3_y_hist2d.png training_results/feature_regression_enhanced/enhanced_v4b_a1_b2_s3_topup14k_20260609_052343_utc/hard_target_histograms/S3_x__A3_y_hist2d.png training_results/feature_regression_enhanced/enhanced_v4b_a1_b2_s3_topup14k_20260609_052343_utc/hard_target_histograms/S3_x__A3_x_hist2d.png training_results/feature_regression_enhanced/enhanced_v4b_a1_b2_s3_topup14k_20260609_052343_utc/hard_target_histograms/C1__A3_y_hist2d.png training_results/feature_regression_enhanced/enhanced_v4b_a1_b2_s3_topup14k_20260609_052343_utc/hard_target_histograms/C1__A3_x_hist2d.png training_results/feature_regression_enhanced/enhanced_v4b_a1_b2_s3_topup14k_20260609_052343_utc/hard_target_histograms/C1__S3_x_hist2d.png training_results/feature_regression_enhanced/enhanced_v4b_a1_b2_s3_topup14k_20260609_052343_utc/hard_target_histograms/S3_y__A3_y_hist2d.png training_results/feature_regression_enhanced/enhanced_v4b_a1_b2_s3_topup14k_20260609_052343_utc/hard_target_histograms/S3_y__A3_x_hist2d.png training_results/feature_regression_enhanced/enhanced_v4b_a1_b2_s3_topup14k_20260609_052343_utc/hard_target_histograms/A3_x__A3_y_hist2d.png training_results/feature_regression_enhanced/enhanced_v4b_a1_b2_s3_topup14k_20260609_052343_utc/hard_target_histograms/C1__S3_y_hist2d.png training_results/feature_regression_enhanced/enhanced_v4b_a1_b2_s3_topup14k_20260609_052343_utc/hard_target_histograms/S3_x__S3_y_hist2d.png training_results/model_selection_loop/D66_grouped_width256_lr6e-4_dropout0.075_targeted25k_20260607_051606_utc/run_manifest_model_loop.json training_results/model_selection_loop/D66_grouped_width384_lr6e-4_dropout0.075_targeted25k_20260607_060416_utc/run_manifest_model_loop.json training_results/model_selection_loop/D66_grouped_width192_lr6e-4_dropout0.075_targeted25k_20260607_050604_utc/run_manifest_model_loop.json training_results/model_selection_loop/D66_architectureD_width128_lr6e-4_respen1e-3_rerun_validation_protocol_20260606_215909_utc/run_manifest_model_loop.json training_results/model_selection_loop/D66_width128_lr8e-4_dropout0.05_20260606_103252_utc/run_manifest_model_loop.json training_results/model_selection_loop/D66_grouped_width192_lr4e-4_dropout0.075_validation_protocol_20260606_221623_utc/run_manifest_model_loop.json training_results/model_selection_loop/D66_grouped_width256_lr4e-4_dropout0.10_targeted25k_20260607_052920_utc/run_manifest_model_loop.json training_results/model_selection_loop/D66_width128_lr8e-4_dropout0.05_rerun_validation_protocol_20260606_215654_utc/run_manifest_model_loop.json training_results/model_selection_loop/D66_grouped_width320_lr8e-4_dropout0.075_targeted25k_20260607_055328_utc/run_manifest_model_loop.json training_results/model_selection_loop/D66_grouped_width192_lr4e-4_dropout0.10_validation_protocol_20260606_221043_utc/run_manifest_model_loop.json training_results/model_selection_loop/D66_grouped_width192_lr6e-4_dropout0.075_validation_protocol_20260606_222131_utc/run_manifest_model_loop.json training_results/model_selection_loop/D66_grouped_width320_lr6e-4_dropout0.10_targeted25k_20260607_061703_utc/run_manifest_model_loop.json training_results/model_selection_loop/D66_grouped_width320_lr6e-4_dropout0.075_targeted25k_20260607_054212_utc/run_manifest_model_loop.json training_results/model_selection_loop/D66_width128_lr6e-4_dropout0.05_20260606_103035_utc/run_manifest_model_loop.json training_results/model_selection_loop/D66_grouped_width192_lr4e-4_dropout0.05_validation_protocol_20260606_220507_utc/run_manifest_model_loop.json training_results/model_selection_loop/D66_width128_lr4e-4_dropout0.05_20260606_102435_utc/run_manifest_model_loop.json training_results/model_selection_loop/D66_grouped_width192_lr8e-4_dropout0.075_validation_protocol_20260606_222710_utc/run_manifest_model_loop.json training_results/model_selection_loop/D66_width128_lr8e-4_dropout0.05_rerun_validation_protocol_20260606_215459_utc/run_manifest_model_loop.json training_results/model_selection_loop/D66_grouped_width256_lr6e-4_dropout0.075_targeted25k_20260607_051606_utc/metrics_model_loop.json training_results/model_selection_loop/D66_grouped_width384_lr6e-4_dropout0.075_targeted25k_20260607_060416_utc/metrics_model_loop.json training_results/model_selection_loop/D66_grouped_width192_lr6e-4_dropout0.075_targeted25k_20260607_050604_utc/metrics_model_loop.json training_results/model_selection_loop/D66_architectureD_width128_lr6e-4_respen1e-3_rerun_validation_protocol_20260606_215909_utc/metrics_model_loop.json training_results/model_selection_loop/D66_width128_lr8e-4_dropout0.05_20260606_103252_utc/metrics_model_loop.json training_results/model_selection_loop/D66_grouped_width192_lr4e-4_dropout0.075_validation_protocol_20260606_221623_utc/metrics_model_loop.json training_results/model_selection_loop/D66_grouped_width256_lr4e-4_dropout0.10_targeted25k_20260607_052920_utc/metrics_model_loop.json training_results/model_selection_loop/D66_width128_lr8e-4_dropout0.05_rerun_validation_protocol_20260606_215654_utc/metrics_model_loop.json training_results/model_selection_loop/D66_grouped_width320_lr8e-4_dropout0.075_targeted25k_20260607_055328_utc/metrics_model_loop.json training_results/model_selection_loop/D66_grouped_width192_lr4e-4_dropout0.10_validation_protocol_20260606_221043_utc/metrics_model_loop.json training_results/model_selection_loop/D66_grouped_width192_lr6e-4_dropout0.075_validation_protocol_20260606_222131_utc/metrics_model_loop.json training_results/model_selection_loop/D66_grouped_width320_lr6e-4_dropout0.10_targeted25k_20260607_061703_utc/metrics_model_loop.json training_results/model_selection_loop/D66_grouped_width320_lr6e-4_dropout0.075_targeted25k_20260607_054212_utc/metrics_model_loop.json training_results/model_selection_loop/D66_width128_lr6e-4_dropout0.05_20260606_103035_utc/metrics_model_loop.json training_results/model_selection_loop/D66_grouped_width192_lr4e-4_dropout0.05_validation_protocol_20260606_220507_utc/metrics_model_loop.json training_results/model_selection_loop/D66_width128_lr4e-4_dropout0.05_20260606_102435_utc/metrics_model_loop.json training_results/model_selection_loop/D66_grouped_width192_lr8e-4_dropout0.075_validation_protocol_20260606_222710_utc/metrics_model_loop.json training_results/model_selection_loop/D66_width128_lr8e-4_dropout0.05_rerun_validation_protocol_20260606_215459_utc/metrics_model_loop.json training_results/model_selection_loop/D66_grouped_width256_lr6e-4_dropout0.075_targeted25k_20260607_051606_utc/per_target_diagnostics.json training_results/model_selection_loop/D66_grouped_width384_lr6e-4_dropout0.075_targeted25k_20260607_060416_utc/per_target_diagnostics.json training_results/model_selection_loop/D66_grouped_width192_lr6e-4_dropout0.075_targeted25k_20260607_050604_utc/per_target_diagnostics.json training_results/model_selection_loop/D66_grouped_width256_lr4e-4_dropout0.10_targeted25k_20260607_052920_utc/per_target_diagnostics.json training_results/model_selection_loop/D66_grouped_width320_lr8e-4_dropout0.075_targeted25k_20260607_055328_utc/per_target_diagnostics.json training_results/model_selection_loop/D66_grouped_width320_lr6e-4_dropout0.10_targeted25k_20260607_061703_utc/per_target_diagnostics.json training_results/model_selection_loop/D66_grouped_width320_lr6e-4_dropout0.075_targeted25k_20260607_054212_utc/per_target_diagnostics.json training_results/model_selection_loop/D66_grouped_width256_lr6e-4_dropout0.075_targeted25k_20260607_051606_utc/selection_score.json training_results/model_selection_loop/D66_grouped_width384_lr6e-4_dropout0.075_targeted25k_20260607_060416_utc/selection_score.json training_results/model_selection_loop/D66_grouped_width192_lr6e-4_dropout0.075_targeted25k_20260607_050604_utc/selection_score.json training_results/model_selection_loop/D66_architectureD_width128_lr6e-4_respen1e-3_rerun_validation_protocol_20260606_215909_utc/selection_score.json training_results/model_selection_loop/D66_width128_lr8e-4_dropout0.05_20260606_103252_utc/selection_score.json training_results/model_selection_loop/D66_grouped_width192_lr4e-4_dropout0.075_validation_protocol_20260606_221623_utc/selection_score.json training_results/model_selection_loop/D66_grouped_width256_lr4e-4_dropout0.10_targeted25k_20260607_052920_utc/selection_score.json training_results/model_selection_loop/D66_width128_lr8e-4_dropout0.05_rerun_validation_protocol_20260606_215654_utc/selection_score.json training_results/model_selection_loop/D66_grouped_width320_lr8e-4_dropout0.075_targeted25k_20260607_055328_utc/selection_score.json training_results/model_selection_loop/D66_grouped_width192_lr4e-4_dropout0.10_validation_protocol_20260606_221043_utc/selection_score.json training_results/model_selection_loop/D66_grouped_width192_lr6e-4_dropout0.075_validation_protocol_20260606_222131_utc/selection_score.json training_results/model_selection_loop/D66_grouped_width320_lr6e-4_dropout0.10_targeted25k_20260607_061703_utc/selection_score.json training_results/model_selection_loop/D66_grouped_width320_lr6e-4_dropout0.075_targeted25k_20260607_054212_utc/selection_score.json training_results/model_selection_loop/D66_width128_lr6e-4_dropout0.05_20260606_103035_utc/selection_score.json training_results/model_selection_loop/D66_grouped_width192_lr4e-4_dropout0.05_validation_protocol_20260606_220507_utc/selection_score.json training_results/model_selection_loop/D66_width128_lr4e-4_dropout0.05_20260606_102435_utc/selection_score.json training_results/model_selection_loop/D66_grouped_width192_lr8e-4_dropout0.075_validation_protocol_20260606_222710_utc/selection_score.json training_results/model_selection_loop/D66_width128_lr8e-4_dropout0.05_rerun_validation_protocol_20260606_215459_utc/selection_score.json training_results/model_selection_loop/D66_grouped_width256_lr6e-4_dropout0.075_targeted25k_20260607_051606_utc/model_registry_model_loop.csv training_results/model_selection_loop/D66_grouped_width384_lr6e-4_dropout0.075_targeted25k_20260607_060416_utc/model_registry_model_loop.csv training_results/model_selection_loop/D66_grouped_width192_lr6e-4_dropout0.075_targeted25k_20260607_050604_utc/model_registry_model_loop.csv training_results/model_selection_loop/D66_architectureD_width128_lr6e-4_respen1e-3_rerun_validation_protocol_20260606_215909_utc/model_registry_model_loop.csv training_results/model_selection_loop/D66_width128_lr8e-4_dropout0.05_20260606_103252_utc/model_registry_model_loop.csv training_results/model_selection_loop/D66_grouped_width192_lr4e-4_dropout0.075_validation_protocol_20260606_221623_utc/model_registry_model_loop.csv training_results/model_selection_loop/D66_grouped_width256_lr4e-4_dropout0.10_targeted25k_20260607_052920_utc/model_registry_model_loop.csv training_results/model_selection_loop/D66_width128_lr8e-4_dropout0.05_rerun_validation_protocol_20260606_215654_utc/model_registry_model_loop.csv training_results/model_selection_loop/D66_grouped_width320_lr8e-4_dropout0.075_targeted25k_20260607_055328_utc/model_registry_model_loop.csv training_results/model_selection_loop/D66_grouped_width192_lr4e-4_dropout0.10_validation_protocol_20260606_221043_utc/model_registry_model_loop.csv training_results/model_selection_loop/D66_grouped_width192_lr6e-4_dropout0.075_validation_protocol_20260606_222131_utc/model_registry_model_loop.csv training_results/model_selection_loop/D66_grouped_width320_lr6e-4_dropout0.10_targeted25k_20260607_061703_utc/model_registry_model_loop.csv training_results/model_selection_loop/D66_grouped_width320_lr6e-4_dropout0.075_targeted25k_20260607_054212_utc/model_registry_model_loop.csv training_results/model_selection_loop/D66_width128_lr6e-4_dropout0.05_20260606_103035_utc/model_registry_model_loop.csv training_results/model_selection_loop/D66_grouped_width192_lr4e-4_dropout0.05_validation_protocol_20260606_220507_utc/model_registry_model_loop.csv training_results/model_selection_loop/D66_width128_lr4e-4_dropout0.05_20260606_102435_utc/model_registry_model_loop.csv training_results/model_selection_loop/D66_grouped_width192_lr8e-4_dropout0.075_validation_protocol_20260606_222710_utc/model_registry_model_loop.csv training_results/model_selection_loop/D66_width128_lr8e-4_dropout0.05_rerun_validation_protocol_20260606_215459_utc/model_registry_model_loop.csv training_results/model_selection_loop/D66_grouped_width256_lr6e-4_dropout0.075_targeted25k_20260607_051606_utc/feature_scale_summary.csv training_results/model_selection_loop/D66_grouped_width256_lr6e-4_dropout0.075_targeted25k_20260607_051606_utc/training_history_summary.csv training_results/model_selection_loop/D66_grouped_width256_lr6e-4_dropout0.075_targeted25k_20260607_051606_utc/target_scale_summary.csv training_results/model_selection_loop/D66_grouped_width384_lr6e-4_dropout0.075_targeted25k_20260607_060416_utc/feature_scale_summary.csv training_results/model_selection_loop/D66_grouped_width384_lr6e-4_dropout0.075_targeted25k_20260607_060416_utc/training_history_summary.csv training_results/model_selection_loop/D66_grouped_width384_lr6e-4_dropout0.075_targeted25k_20260607_060416_utc/target_scale_summary.csv training_results/model_selection_loop/D66_grouped_width192_lr6e-4_dropout0.075_targeted25k_20260607_050604_utc/feature_scale_summary.csv training_results/model_selection_loop/D66_grouped_width192_lr6e-4_dropout0.075_targeted25k_20260607_050604_utc/training_history_summary.csv training_results/model_selection_loop/D66_grouped_width192_lr6e-4_dropout0.075_targeted25k_20260607_050604_utc/target_scale_summary.csv training_results/model_selection_loop/D66_width128_lr8e-4_dropout0.05_20260606_103252_utc/feature_scale_summary.csv training_results/model_selection_loop/D66_width128_lr8e-4_dropout0.05_20260606_103252_utc/training_history_summary.csv training_results/model_selection_loop/D66_width128_lr8e-4_dropout0.05_20260606_103252_utc/target_scale_summary.csv training_results/model_selection_loop/D66_grouped_width256_lr4e-4_dropout0.10_targeted25k_20260607_052920_utc/feature_scale_summary.csv training_results/model_selection_loop/D66_grouped_width256_lr4e-4_dropout0.10_targeted25k_20260607_052920_utc/training_history_summary.csv training_results/model_selection_loop/D66_grouped_width256_lr4e-4_dropout0.10_targeted25k_20260607_052920_utc/target_scale_summary.csv training_results/model_selection_loop/D66_grouped_width320_lr8e-4_dropout0.075_targeted25k_20260607_055328_utc/feature_scale_summary.csv training_results/model_selection_loop/D66_grouped_width320_lr8e-4_dropout0.075_targeted25k_20260607_055328_utc/training_history_summary.csv training_results/model_selection_loop/D66_grouped_width320_lr8e-4_dropout0.075_targeted25k_20260607_055328_utc/target_scale_summary.csv training_results/model_selection_loop/D66_grouped_width320_lr6e-4_dropout0.10_targeted25k_20260607_061703_utc/feature_scale_summary.csv training_results/model_selection_loop/D66_grouped_width320_lr6e-4_dropout0.10_targeted25k_20260607_061703_utc/training_history_summary.csv training_results/model_selection_loop/D66_grouped_width320_lr6e-4_dropout0.10_targeted25k_20260607_061703_utc/target_scale_summary.csv training_results/model_selection_loop/D66_grouped_width320_lr6e-4_dropout0.075_targeted25k_20260607_054212_utc/feature_scale_summary.csv training_results/model_selection_loop/D66_grouped_width320_lr6e-4_dropout0.075_targeted25k_20260607_054212_utc/training_history_summary.csv training_results/model_selection_loop/D66_grouped_width320_lr6e-4_dropout0.075_targeted25k_20260607_054212_utc/target_scale_summary.csv training_results/model_selection_loop/D66_width128_lr6e-4_dropout0.05_20260606_103035_utc/feature_scale_summary.csv training_results/model_selection_loop/D66_width128_lr6e-4_dropout0.05_20260606_103035_utc/training_history_summary.csv training_results/model_selection_loop/D66_width128_lr6e-4_dropout0.05_20260606_103035_utc/target_scale_summary.csv training_results/model_selection_loop/D66_width128_lr4e-4_dropout0.05_20260606_102435_utc/feature_scale_summary.csv training_results/model_selection_loop/D66_width128_lr4e-4_dropout0.05_20260606_102435_utc/training_history_summary.csv training_results/model_selection_loop/D66_width128_lr4e-4_dropout0.05_20260606_102435_utc/target_scale_summary.csv training_results/model_selection_loop/D66_grouped_width256_lr6e-4_dropout0.075_targeted25k_20260607_051606_utc/prediction_scatter_model_loop.png training_results/model_selection_loop/D66_grouped_width256_lr6e-4_dropout0.075_targeted25k_20260607_051606_utc/training_history_model_loop.png training_results/model_selection_loop/D66_grouped_width384_lr6e-4_dropout0.075_targeted25k_20260607_060416_utc/prediction_scatter_model_loop.png training_results/model_selection_loop/D66_grouped_width384_lr6e-4_dropout0.075_targeted25k_20260607_060416_utc/training_history_model_loop.png training_results/model_selection_loop/D66_grouped_width192_lr6e-4_dropout0.075_targeted25k_20260607_050604_utc/prediction_scatter_model_loop.png training_results/model_selection_loop/D66_grouped_width192_lr6e-4_dropout0.075_targeted25k_20260607_050604_utc/training_history_model_loop.png training_results/model_selection_loop/D66_architectureD_width128_lr6e-4_respen1e-3_rerun_validation_protocol_20260606_215909_utc/prediction_scatter_model_loop.png training_results/model_selection_loop/D66_architectureD_width128_lr6e-4_respen1e-3_rerun_validation_protocol_20260606_215909_utc/training_history_model_loop.png training_results/model_selection_loop/D66_width128_lr8e-4_dropout0.05_20260606_103252_utc/prediction_scatter_model_loop.png training_results/model_selection_loop/D66_width128_lr8e-4_dropout0.05_20260606_103252_utc/training_history_model_loop.png training_results/model_selection_loop/D66_grouped_width192_lr4e-4_dropout0.075_validation_protocol_20260606_221623_utc/prediction_scatter_model_loop.png training_results/model_selection_loop/D66_grouped_width192_lr4e-4_dropout0.075_validation_protocol_20260606_221623_utc/training_history_model_loop.png training_results/model_selection_loop/D66_grouped_width256_lr4e-4_dropout0.10_targeted25k_20260607_052920_utc/prediction_scatter_model_loop.png training_results/model_selection_loop/D66_grouped_width256_lr4e-4_dropout0.10_targeted25k_20260607_052920_utc/training_history_model_loop.png training_results/model_selection_loop/D66_width128_lr8e-4_dropout0.05_rerun_validation_protocol_20260606_215654_utc/prediction_scatter_model_loop.png training_results/model_selection_loop/D66_width128_lr8e-4_dropout0.05_rerun_validation_protocol_20260606_215654_utc/training_history_model_loop.png training_results/model_selection_loop/D66_grouped_width320_lr8e-4_dropout0.075_targeted25k_20260607_055328_utc/prediction_scatter_model_loop.png training_results/model_selection_loop/D66_grouped_width320_lr8e-4_dropout0.075_targeted25k_20260607_055328_utc/training_history_model_loop.png training_results/model_selection_loop/D66_grouped_width192_lr4e-4_dropout0.10_validation_protocol_20260606_221043_utc/prediction_scatter_model_loop.png training_results/model_selection_loop/D66_grouped_width192_lr4e-4_dropout0.10_validation_protocol_20260606_221043_utc/training_history_model_loop.png training_results/model_selection_loop/D66_grouped_width192_lr6e-4_dropout0.075_validation_protocol_20260606_222131_utc/prediction_scatter_model_loop.png training_results/model_selection_loop/D66_grouped_width192_lr6e-4_dropout0.075_validation_protocol_20260606_222131_utc/training_history_model_loop.png training_results/model_selection_loop/D66_grouped_width320_lr6e-4_dropout0.10_targeted25k_20260607_061703_utc/prediction_scatter_model_loop.png training_results/model_selection_loop/D66_grouped_width320_lr6e-4_dropout0.10_targeted25k_20260607_061703_utc/training_history_model_loop.png training_results/model_selection_loop/D66_grouped_width320_lr6e-4_dropout0.075_targeted25k_20260607_054212_utc/prediction_scatter_model_loop.png training_results/model_selection_loop/D66_grouped_width320_lr6e-4_dropout0.075_targeted25k_20260607_054212_utc/training_history_model_loop.png training_results/model_selection_loop/D66_width128_lr6e-4_dropout0.05_20260606_103035_utc/prediction_scatter_model_loop.png training_results/model_selection_loop/D66_width128_lr6e-4_dropout0.05_20260606_103035_utc/training_history_model_loop.png training_results/model_selection_loop/D66_grouped_width192_lr4e-4_dropout0.05_validation_protocol_20260606_220507_utc/prediction_scatter_model_loop.png training_results/model_selection_loop/D66_grouped_width192_lr4e-4_dropout0.05_validation_protocol_20260606_220507_utc/training_history_model_loop.png training_results/model_selection_loop/D66_width128_lr4e-4_dropout0.05_20260606_102435_utc/prediction_scatter_model_loop.png training_results/model_selection_loop/D66_width128_lr4e-4_dropout0.05_20260606_102435_utc/training_history_model_loop.png training_results/model_selection_loop/D66_grouped_width192_lr8e-4_dropout0.075_validation_protocol_20260606_222710_utc/prediction_scatter_model_loop.png training_results/model_selection_loop/D66_grouped_width192_lr8e-4_dropout0.075_validation_protocol_20260606_222710_utc/training_history_model_loop.png training_results/model_selection_loop/D66_width128_lr8e-4_dropout0.05_rerun_validation_protocol_20260606_215459_utc/prediction_scatter_model_loop.png training_results/model_selection_loop/D66_width128_lr8e-4_dropout0.05_rerun_validation_protocol_20260606_215459_utc/training_history_model_loop.png training_results/model_selection_batches/targeted25k_architecture_batch_live_20260607_055327_utc/batch_manifest.json training_results/model_selection_batches/targeted25k_architecture_batch_live_20260607_055327_utc/batch_summary.csv colab_worker_logs/colab_worker_cycle_02_20260609_052644_utc.json
