
$ git fetch origin main
From https://github.com/DrYGuo/Aberration-Simulation
 * branch            main       -> FETCH_HEAD

$ git pull --ff-only origin main
From https://github.com/DrYGuo/Aberration-Simulation
 * branch            main       -> FETCH_HEAD
Already up to date.

$ bash scripts/run_colab_v8_defocus_difference_workflow.sh
C1 sensitivity report: training_results/model_selection_reports/c1_feature_sensitivity_v6_d66_fixedsplit_input_20260614_000452_utc.md
C1 sensitivity JSON: training_results/model_selection_reports/c1_feature_sensitivity_v6_d66_fixedsplit_input_20260614_000452_utc/c1_feature_sensitivity.json
C1 sensitivity report: training_results/model_selection_reports/c1_feature_sensitivity_v8_c1diff_basic_20260614_000509_utc.md
C1 sensitivity JSON: training_results/model_selection_reports/c1_feature_sensitivity_v8_c1diff_basic_20260614_000509_utc/c1_feature_sensitivity.json
C1 sensitivity report: training_results/model_selection_reports/c1_feature_sensitivity_v8_c1diff_full_20260614_000552_utc.md
C1 sensitivity JSON: training_results/model_selection_reports/c1_feature_sensitivity_v8_c1diff_full_20260614_000552_utc/c1_feature_sensitivity.json
runtime batch config: colab_worker_logs/model_selection_batch_v8_defocus_difference_features_runtime.json
csv paths: {
  "v6": "training_results/feature_regression_enhanced/enhanced_v6_benchmark_gap100k_20260613_230608_utc/training_features_enhanced.csv",
  "c1diff_basic": "training_results/feature_regression_enhanced/enhanced_v8_c1diff_basic_20260613_231456_utc/training_features_enhanced.csv",
  "c1diff_full": "training_results/feature_regression_enhanced/enhanced_v8_c1diff_full_20260613_231542_utc/training_features_enhanced.csv"
}
$ /usr/bin/python3 scripts/run_model_selection_candidate.py --family enhanced --candidate-id D66_grouped_width320_lr6e-4_dropout0.075_v8c1diff_basic_seed23 --output-root training_results/model_selection_loop --architecture grouped_heads --hidden-dim 320 --dropout 0.075 --learning-rate 0.0006 --weight-decay 0.0001 --residual-penalty 0.003 --max-epochs 6000 --eval-every 25 --patience-epochs 1000 --easy-regression-limit 0.1 --torch-seed 23 --batch-size 0 --component-loss-kind smooth_l1 --component-smooth-l1-beta 0.25 --grad-clip-norm 1.0 --lr-scheduler plateau --lr-plateau-factor 0.5 --lr-plateau-patience-evals 8 --min-learning-rate 1e-05 --csv-path training_results/feature_regression_enhanced/enhanced_v8_c1diff_basic_20260613_231456_utc/training_features_enhanced.csv --baseline-metrics training_results/model_selection_loop/D66_grouped_width320_lr6e-4_dropout0.075_v6gap100k_seed23_20260612_051859_utc/metrics_model_loop.json --selection-config experiments/model_selection_weights.json --split-seed 7
candidate: D66_grouped_width320_lr6e-4_dropout0.075_v8c1diff_basic_seed23
family: enhanced
source CSV: /content/Aberration-Simulation/training_results/feature_regression_enhanced/enhanced_v8_c1diff_basic_20260613_231456_utc/training_features_enhanced.csv
features: 81
output: training_results/model_selection_loop/D66_grouped_width320_lr6e-4_dropout0.075_v8c1diff_basic_seed23_20260614_000621_utc
epoch     1 train_mse=1.543874 val_mse=1.636996 blind_mse=1.611545 stress_mse=1.629721 objective=0.838090 lr=0.0006
epoch    25 train_mse=0.699626 val_mse=0.847790 blind_mse=0.741543 stress_mse=0.843110 objective=0.436131 lr=0.0006
epoch    50 train_mse=0.318602 val_mse=0.417605 blind_mse=0.359421 stress_mse=0.418565 objective=0.239645 lr=0.0006
epoch    75 train_mse=0.147858 val_mse=0.217672 blind_mse=0.128798 stress_mse=0.169565 objective=0.141099 lr=0.0006
epoch   100 train_mse=0.106563 val_mse=0.168952 blind_mse=0.092253 stress_mse=0.121532 objective=0.105618 lr=0.0006
epoch   125 train_mse=0.086530 val_mse=0.140868 blind_mse=0.076581 stress_mse=0.099999 objective=0.088489 lr=0.0006
epoch   150 train_mse=0.073210 val_mse=0.120938 blind_mse=0.065751 stress_mse=0.085992 objective=0.077126 lr=0.0006
epoch   175 train_mse=0.063183 val_mse=0.106182 blind_mse=0.057948 stress_mse=0.075548 objective=0.068487 lr=0.0006
epoch   200 train_mse=0.055009 val_mse=0.093699 blind_mse=0.051657 stress_mse=0.066658 objective=0.061515 lr=0.0006
epoch   225 train_mse=0.048779 val_mse=0.083872 blind_mse=0.046676 stress_mse=0.059637 objective=0.055948 lr=0.0006
epoch   250 train_mse=0.044061 val_mse=0.076115 blind_mse=0.042828 stress_mse=0.054126 objective=0.051623 lr=0.0006
epoch   275 train_mse=0.040129 val_mse=0.069906 blind_mse=0.039776 stress_mse=0.049695 objective=0.047915 lr=0.0006
epoch   300 train_mse=0.036842 val_mse=0.064777 blind_mse=0.037233 stress_mse=0.045960 objective=0.044826 lr=0.0006
epoch   325 train_mse=0.034031 val_mse=0.060587 blind_mse=0.035025 stress_mse=0.042764 objective=0.042130 lr=0.0006
epoch   350 train_mse=0.031641 val_mse=0.056905 blind_mse=0.033224 stress_mse=0.040129 objective=0.039815 lr=0.0006
epoch   375 train_mse=0.029546 val_mse=0.053761 blind_mse=0.031544 stress_mse=0.037670 objective=0.037713 lr=0.0006
epoch   400 train_mse=0.027759 val_mse=0.051208 blind_mse=0.030154 stress_mse=0.035718 objective=0.035855 lr=0.0006
epoch   425 train_mse=0.026155 val_mse=0.048722 blind_mse=0.028747 stress_mse=0.033932 objective=0.034228 lr=0.0006
epoch   450 train_mse=0.024753 val_mse=0.046394 blind_mse=0.027584 stress_mse=0.032399 objective=0.032771 lr=0.0006
epoch   475 train_mse=0.023369 val_mse=0.044356 blind_mse=0.026541 stress_mse=0.030724 objective=0.031312 lr=0.0006
epoch   500 train_mse=0.022187 val_mse=0.042558 blind_mse=0.025466 stress_mse=0.029508 objective=0.030119 lr=0.0006
epoch   525 train_mse=0.021102 val_mse=0.040791 blind_mse=0.024449 stress_mse=0.028337 objective=0.028940 lr=0.0006
epoch   550 train_mse=0.020073 val_mse=0.039244 blind_mse=0.023702 stress_mse=0.027160 objective=0.027860 lr=0.0006
epoch   575 train_mse=0.019203 val_mse=0.037660 blind_mse=0.022752 stress_mse=0.026086 objective=0.026864 lr=0.0006
epoch   600 train_mse=0.018304 val_mse=0.036379 blind_mse=0.022031 stress_mse=0.025120 objective=0.025915 lr=0.0006
epoch   625 train_mse=0.017537 val_mse=0.035280 blind_mse=0.021282 stress_mse=0.024281 objective=0.025098 lr=0.0006
epoch   650 train_mse=0.016745 val_mse=0.034081 blind_mse=0.020643 stress_mse=0.023470 objective=0.024218 lr=0.0006
epoch   675 train_mse=0.015991 val_mse=0.032680 blind_mse=0.020005 stress_mse=0.022566 objective=0.023397 lr=0.0006
epoch   700 train_mse=0.015277 val_mse=0.031701 blind_mse=0.019468 stress_mse=0.021798 objective=0.022629 lr=0.0006
epoch   725 train_mse=0.014687 val_mse=0.030716 blind_mse=0.018780 stress_mse=0.021119 objective=0.021913 lr=0.0006
epoch   750 train_mse=0.014134 val_mse=0.030053 blind_mse=0.018348 stress_mse=0.020529 objective=0.021308 lr=0.0006
epoch   775 train_mse=0.013524 val_mse=0.029109 blind_mse=0.017792 stress_mse=0.019886 objective=0.020616 lr=0.0006
epoch   800 train_mse=0.013043 val_mse=0.028446 blind_mse=0.017296 stress_mse=0.019382 objective=0.020038 lr=0.0006
epoch   825 train_mse=0.012496 val_mse=0.027625 blind_mse=0.016851 stress_mse=0.018826 objective=0.019412 lr=0.0006
epoch   850 train_mse=0.012058 val_mse=0.026914 blind_mse=0.016304 stress_mse=0.018263 objective=0.018876 lr=0.0006
epoch   875 train_mse=0.011657 val_mse=0.026442 blind_mse=0.015942 stress_mse=0.017815 objective=0.018407 lr=0.0006
epoch   900 train_mse=0.011266 val_mse=0.025655 blind_mse=0.015633 stress_mse=0.017201 objective=0.017928 lr=0.0006
epoch   925 train_mse=0.010863 val_mse=0.025024 blind_mse=0.015177 stress_mse=0.016905 objective=0.017427 lr=0.0006
epoch   950 train_mse=0.010503 val_mse=0.024682 blind_mse=0.014956 stress_mse=0.016501 objective=0.017018 lr=0.0006
epoch   975 train_mse=0.010159 val_mse=0.023961 blind_mse=0.014549 stress_mse=0.016152 objective=0.016567 lr=0.0006
epoch  1000 train_mse=0.009891 val_mse=0.023510 blind_mse=0.014187 stress_mse=0.015805 objective=0.016199 lr=0.0006
epoch  1025 train_mse=0.009538 val_mse=0.022962 blind_mse=0.013870 stress_mse=0.015344 objective=0.015758 lr=0.0006
epoch  1050 train_mse=0.009244 val_mse=0.022608 blind_mse=0.013572 stress_mse=0.015229 objective=0.015417 lr=0.0006
epoch  1075 train_mse=0.008895 val_mse=0.022101 blind_mse=0.013268 stress_mse=0.014822 objective=0.014978 lr=0.0006
epoch  1100 train_mse=0.008737 val_mse=0.021825 blind_mse=0.013082 stress_mse=0.014551 objective=0.014761 lr=0.0006
epoch  1125 train_mse=0.008387 val_mse=0.021406 blind_mse=0.012797 stress_mse=0.014319 objective=0.014319 lr=0.0006
epoch  1150 train_mse=0.008150 val_mse=0.021112 blind_mse=0.012517 stress_mse=0.014202 objective=0.014002 lr=0.0006
epoch  1175 train_mse=0.007968 val_mse=0.020751 blind_mse=0.012377 stress_mse=0.013881 objective=0.013718 lr=0.0006
epoch  1200 train_mse=0.007783 val_mse=0.020342 blind_mse=0.012236 stress_mse=0.013683 objective=0.013498 lr=0.0006
epoch  1225 train_mse=0.007564 val_mse=0.020192 blind_mse=0.011902 stress_mse=0.013496 objective=0.013191 lr=0.0006
epoch  1250 train_mse=0.007402 val_mse=0.019856 blind_mse=0.011685 stress_mse=0.013242 objective=0.012956 lr=0.0006
epoch  1275 train_mse=0.007188 val_mse=0.019561 blind_mse=0.011476 stress_mse=0.013122 objective=0.012663 lr=0.0006
epoch  1300 train_mse=0.006978 val_mse=0.019241 blind_mse=0.011321 stress_mse=0.012902 objective=0.012392 lr=0.0006
epoch  1325 train_mse=0.006816 val_mse=0.018789 blind_mse=0.011050 stress_mse=0.012735 objective=0.012134 lr=0.0006
epoch  1350 train_mse=0.006642 val_mse=0.018737 blind_mse=0.010927 stress_mse=0.012631 objective=0.011930 lr=0.0006
epoch  1375 train_mse=0.006514 val_mse=0.018562 blind_mse=0.010893 stress_mse=0.012439 objective=0.011722 lr=0.0006
epoch  1400 train_mse=0.006335 val_mse=0.018362 blind_mse=0.010624 stress_mse=0.012281 objective=0.011482 lr=0.0006
epoch  1425 train_mse=0.006225 val_mse=0.018176 blind_mse=0.010628 stress_mse=0.012265 objective=0.011314 lr=0.0006
epoch  1450 train_mse=0.006068 val_mse=0.018003 blind_mse=0.010361 stress_mse=0.012011 objective=0.011098 lr=0.0006
epoch  1475 train_mse=0.005952 val_mse=0.017783 blind_mse=0.010182 stress_mse=0.011887 objective=0.010917 lr=0.0006
epoch  1500 train_mse=0.005850 val_mse=0.017631 blind_mse=0.010139 stress_mse=0.011864 objective=0.010772 lr=0.0006
epoch  1525 train_mse=0.005708 val_mse=0.017272 blind_mse=0.009921 stress_mse=0.011710 objective=0.010565 lr=0.0006
epoch  1550 train_mse=0.005597 val_mse=0.017263 blind_mse=0.009843 stress_mse=0.011643 objective=0.010402 lr=0.0006
epoch  1575 train_mse=0.005479 val_mse=0.017138 blind_mse=0.009722 stress_mse=0.011493 objective=0.010258 lr=0.0006
epoch  1600 train_mse=0.005372 val_mse=0.016898 blind_mse=0.009711 stress_mse=0.011392 objective=0.010087 lr=0.0006
epoch  1625 train_mse=0.005243 val_mse=0.016765 blind_mse=0.009557 stress_mse=0.011148 objective=0.009883 lr=0.0006
epoch  1650 train_mse=0.005153 val_mse=0.016586 blind_mse=0.009420 stress_mse=0.011153 objective=0.009750 lr=0.0006
epoch  1675 train_mse=0.005080 val_mse=0.016355 blind_mse=0.009377 stress_mse=0.011093 objective=0.009642 lr=0.0006
epoch  1700 train_mse=0.004974 val_mse=0.016295 blind_mse=0.009249 stress_mse=0.010879 objective=0.009478 lr=0.0006
epoch  1725 train_mse=0.004909 val_mse=0.016135 blind_mse=0.009105 stress_mse=0.010808 objective=0.009372 lr=0.0006
epoch  1750 train_mse=0.004818 val_mse=0.016082 blind_mse=0.009153 stress_mse=0.010817 objective=0.009251 lr=0.0006
epoch  1775 train_mse=0.004749 val_mse=0.016013 blind_mse=0.008992 stress_mse=0.010738 objective=0.009144 lr=0.0006
epoch  1800 train_mse=0.004627 val_mse=0.015807 blind_mse=0.008918 stress_mse=0.010554 objective=0.008957 lr=0.0006
epoch  1825 train_mse=0.004531 val_mse=0.015591 blind_mse=0.008846 stress_mse=0.010396 objective=0.008808 lr=0.0006
epoch  1850 train_mse=0.004515 val_mse=0.015581 blind_mse=0.008758 stress_mse=0.010405 objective=0.008780 lr=0.0006
epoch  1875 train_mse=0.004436 val_mse=0.015233 blind_mse=0.008662 stress_mse=0.010341 objective=0.008660 lr=0.0006
epoch  1900 train_mse=0.004363 val_mse=0.015344 blind_mse=0.008592 stress_mse=0.010271 objective=0.008552 lr=0.0006
epoch  1925 train_mse=0.004284 val_mse=0.015221 blind_mse=0.008513 stress_mse=0.010164 objective=0.008437 lr=0.0006
epoch  1950 train_mse=0.004196 val_mse=0.015042 blind_mse=0.008434 stress_mse=0.010133 objective=0.008299 lr=0.0006
epoch  1975 train_mse=0.004145 val_mse=0.015108 blind_mse=0.008372 stress_mse=0.010053 objective=0.008226 lr=0.0006
epoch  2000 train_mse=0.004092 val_mse=0.014907 blind_mse=0.008312 stress_mse=0.009994 objective=0.008133 lr=0.0006
epoch  2025 train_mse=0.004021 val_mse=0.014883 blind_mse=0.008269 stress_mse=0.009876 objective=0.008031 lr=0.0006
epoch  2050 train_mse=0.003988 val_mse=0.014874 blind_mse=0.008240 stress_mse=0.009916 objective=0.007970 lr=0.0006
epoch  2075 train_mse=0.003921 val_mse=0.014688 blind_mse=0.008192 stress_mse=0.009802 objective=0.007855 lr=0.0006
epoch  2100 train_mse=0.003871 val_mse=0.014484 blind_mse=0.008222 stress_mse=0.009719 objective=0.007788 lr=0.0006
epoch  2125 train_mse=0.003829 val_mse=0.014461 blind_mse=0.008026 stress_mse=0.009619 objective=0.007709 lr=0.0006
epoch  2150 train_mse=0.003789 val_mse=0.014330 blind_mse=0.008012 stress_mse=0.009555 objective=0.007654 lr=0.0006
epoch  2175 train_mse=0.003704 val_mse=0.014317 blind_mse=0.007883 stress_mse=0.009562 objective=0.007520 lr=0.0006
epoch  2200 train_mse=0.003655 val_mse=0.014366 blind_mse=0.007853 stress_mse=0.009427 objective=0.007455 lr=0.0006
epoch  2225 train_mse=0.003633 val_mse=0.014184 blind_mse=0.007863 stress_mse=0.009490 objective=0.007406 lr=0.0006
epoch  2250 train_mse=0.003575 val_mse=0.014163 blind_mse=0.007742 stress_mse=0.009343 objective=0.007312 lr=0.0006
epoch  2275 train_mse=0.003545 val_mse=0.014073 blind_mse=0.007792 stress_mse=0.009347 objective=0.007266 lr=0.0006
epoch  2300 train_mse=0.003484 val_mse=0.013955 blind_mse=0.007672 stress_mse=0.009280 objective=0.007171 lr=0.0006
epoch  2325 train_mse=0.003439 val_mse=0.013785 blind_mse=0.007697 stress_mse=0.009166 objective=0.007102 lr=0.0006
epoch  2350 train_mse=0.003394 val_mse=0.013888 blind_mse=0.007634 stress_mse=0.009132 objective=0.007026 lr=0.0006
epoch  2375 train_mse=0.003346 val_mse=0.013738 blind_mse=0.007560 stress_mse=0.009124 objective=0.006947 lr=0.0006
epoch  2400 train_mse=0.003328 val_mse=0.013812 blind_mse=0.007511 stress_mse=0.009083 objective=0.006923 lr=0.0006
epoch  2425 train_mse=0.003285 val_mse=0.013612 blind_mse=0.007498 stress_mse=0.009021 objective=0.006855 lr=0.0006
epoch  2450 train_mse=0.003264 val_mse=0.013557 blind_mse=0.007415 stress_mse=0.008971 objective=0.006812 lr=0.0006
epoch  2475 train_mse=0.003236 val_mse=0.013737 blind_mse=0.007400 stress_mse=0.008973 objective=0.006768 lr=0.0006
epoch  2500 train_mse=0.003220 val_mse=0.013669 blind_mse=0.007451 stress_mse=0.008945 objective=0.006752 lr=0.0006
epoch  2525 train_mse=0.003142 val_mse=0.013506 blind_mse=0.007320 stress_mse=0.008867 objective=0.006619 lr=0.0006
epoch  2550 train_mse=0.003145 val_mse=0.013420 blind_mse=0.007394 stress_mse=0.008823 objective=0.006623 lr=0.0006
epoch  2575 train_mse=0.003111 val_mse=0.013366 blind_mse=0.007267 stress_mse=0.008808 objective=0.006562 lr=0.0006
epoch  2600 train_mse=0.003059 val_mse=0.013250 blind_mse=0.007265 stress_mse=0.008748 objective=0.006480 lr=0.0006
epoch  2625 train_mse=0.003029 val_mse=0.013321 blind_mse=0.007223 stress_mse=0.008771 objective=0.006427 lr=0.0006
epoch  2650 train_mse=0.003016 val_mse=0.013374 blind_mse=0.007190 stress_mse=0.008758 objective=0.006406 lr=0.0006
epoch  2675 train_mse=0.002950 val_mse=0.013091 blind_mse=0.007136 stress_mse=0.008562 objective=0.006302 lr=0.0006
epoch  2700 train_mse=0.002934 val_mse=0.013173 blind_mse=0.007114 stress_mse=0.008587 objective=0.006275 lr=0.0006
epoch  2725 train_mse=0.002905 val_mse=0.012896 blind_mse=0.007075 stress_mse=0.008550 objective=0.006213 lr=0.0006
epoch  2750 train_mse=0.002886 val_mse=0.013052 blind_mse=0.007065 stress_mse=0.008561 objective=0.006195 lr=0.0006
epoch  2775 train_mse=0.002877 val_mse=0.012974 blind_mse=0.007045 stress_mse=0.008443 objective=0.006172 lr=0.0006
epoch  2800 train_mse=0.002828 val_mse=0.012839 blind_mse=0.006996 stress_mse=0.008416 objective=0.006089 lr=0.0006
epoch  2825 train_mse=0.002809 val_mse=0.012763 blind_mse=0.006931 stress_mse=0.008369 objective=0.006056 lr=0.0006
epoch  2850 train_mse=0.002776 val_mse=0.012840 blind_mse=0.006847 stress_mse=0.008385 objective=0.006001 lr=0.0006
epoch  2875 train_mse=0.002773 val_mse=0.012846 blind_mse=0.006918 stress_mse=0.008383 objective=0.005996 lr=0.0006
epoch  2900 train_mse=0.002750 val_mse=0.012818 blind_mse=0.006884 stress_mse=0.008356 objective=0.005963 lr=0.0006
epoch  2925 train_mse=0.002716 val_mse=0.012879 blind_mse=0.006846 stress_mse=0.008361 objective=0.005899 lr=0.0006
epoch  2950 train_mse=0.002687 val_mse=0.012735 blind_mse=0.006834 stress_mse=0.008292 objective=0.005845 lr=0.0006
epoch  2975 train_mse=0.002654 val_mse=0.012568 blind_mse=0.006806 stress_mse=0.008260 objective=0.005789 lr=0.0006
epoch  3000 train_mse=0.002661 val_mse=0.012613 blind_mse=0.006804 stress_mse=0.008217 objective=0.005803 lr=0.0006
epoch  3025 train_mse=0.002644 val_mse=0.012497 blind_mse=0.006774 stress_mse=0.008220 objective=0.005771 lr=0.0006
epoch  3050 train_mse=0.002630 val_mse=0.012654 blind_mse=0.006778 stress_mse=0.008240 objective=0.005758 lr=0.0006
epoch  3075 train_mse=0.002601 val_mse=0.012446 blind_mse=0.006754 stress_mse=0.008176 objective=0.005692 lr=0.0006
epoch  3100 train_mse=0.002568 val_mse=0.012458 blind_mse=0.006742 stress_mse=0.008137 objective=0.005648 lr=0.0006
epoch  3125 train_mse=0.002574 val_mse=0.012508 blind_mse=0.006748 stress_mse=0.008107 objective=0.005651 lr=0.0006
epoch  3150 train_mse=0.002527 val_mse=0.012384 blind_mse=0.006706 stress_mse=0.008080 objective=0.005566 lr=0.0006
epoch  3175 train_mse=0.002532 val_mse=0.012347 blind_mse=0.006728 stress_mse=0.008086 objective=0.005578 lr=0.0006
epoch  3200 train_mse=0.002507 val_mse=0.012350 blind_mse=0.006668 stress_mse=0.008039 objective=0.005540 lr=0.0006
epoch  3225 train_mse=0.002490 val_mse=0.012337 blind_mse=0.006727 stress_mse=0.008063 objective=0.005506 lr=0.0006
epoch  3250 train_mse=0.002470 val_mse=0.012317 blind_mse=0.006579 stress_mse=0.008034 objective=0.005463 lr=0.0006
epoch  3275 train_mse=0.002457 val_mse=0.012240 blind_mse=0.006573 stress_mse=0.007978 objective=0.005455 lr=0.0006
epoch  3300 train_mse=0.002444 val_mse=0.012130 blind_mse=0.006627 stress_mse=0.007955 objective=0.005425 lr=0.0006
epoch  3325 train_mse=0.002398 val_mse=0.012032 blind_mse=0.006518 stress_mse=0.007879 objective=0.005340 lr=0.0006
epoch  3350 train_mse=0.002421 val_mse=0.012279 blind_mse=0.006622 stress_mse=0.008010 objective=0.005380 lr=0.0006
epoch  3375 train_mse=0.002406 val_mse=0.012276 blind_mse=0.006525 stress_mse=0.007912 objective=0.005346 lr=0.0006
epoch  3400 train_mse=0.002388 val_mse=0.011989 blind_mse=0.006524 stress_mse=0.007917 objective=0.005323 lr=0.0006
epoch  3425 train_mse=0.002355 val_mse=0.012041 blind_mse=0.006554 stress_mse=0.007812 objective=0.005266 lr=0.0006
epoch  3450 train_mse=0.002351 val_mse=0.012135 blind_mse=0.006522 stress_mse=0.007833 objective=0.005259 lr=0.0006
epoch  3475 train_mse=0.002324 val_mse=0.012069 blind_mse=0.006497 stress_mse=0.007837 objective=0.005208 lr=0.0006
epoch  3500 train_mse=0.002322 val_mse=0.011959 blind_mse=0.006509 stress_mse=0.007844 objective=0.005208 lr=0.0006
epoch  3525 train_mse=0.002288 val_mse=0.011972 blind_mse=0.006415 stress_mse=0.007749 objective=0.005147 lr=0.0006
epoch  3550 train_mse=0.002293 val_mse=0.011968 blind_mse=0.006450 stress_mse=0.007808 objective=0.005152 lr=0.0006
epoch  3575 train_mse=0.002291 val_mse=0.012019 blind_mse=0.006450 stress_mse=0.007758 objective=0.005148 lr=0.0006
epoch  3600 train_mse=0.002292 val_mse=0.012030 blind_mse=0.006409 stress_mse=0.007807 objective=0.005152 lr=0.0006
epoch  3625 train_mse=0.002260 val_mse=0.011924 blind_mse=0.006397 stress_mse=0.007803 objective=0.005088 lr=0.0006
epoch  3650 train_mse=0.002268 val_mse=0.011926 blind_mse=0.006428 stress_mse=0.007771 objective=0.005106 lr=0.0006
epoch  3675 train_mse=0.002245 val_mse=0.011871 blind_mse=0.006380 stress_mse=0.007754 objective=0.005064 lr=0.0006
epoch  3700 train_mse=0.002234 val_mse=0.011893 blind_mse=0.006375 stress_mse=0.007693 objective=0.005053 lr=0.0006
epoch  3725 train_mse=0.002204 val_mse=0.011773 blind_mse=0.006405 stress_mse=0.007665 objective=0.004987 lr=0.0006
epoch  3750 train_mse=0.002202 val_mse=0.011684 blind_mse=0.006369 stress_mse=0.007689 objective=0.004988 lr=0.0006
epoch  3775 train_mse=0.002197 val_mse=0.011632 blind_mse=0.006321 stress_mse=0.007710 objective=0.004973 lr=0.0006
epoch  3800 train_mse=0.002191 val_mse=0.011826 blind_mse=0.006352 stress_mse=0.007685 objective=0.004964 lr=0.0006
epoch  3825 train_mse=0.002185 val_mse=0.011850 blind_mse=0.006353 stress_mse=0.007661 objective=0.004956 lr=0.0006
epoch  3850 train_mse=0.002157 val_mse=0.011568 blind_mse=0.006284 stress_mse=0.007583 objective=0.004906 lr=0.0006
epoch  3875 train_mse=0.002166 val_mse=0.011589 blind_mse=0.006301 stress_mse=0.007655 objective=0.004925 lr=0.0006
epoch  3900 train_mse=0.002144 val_mse=0.011655 blind_mse=0.006296 stress_mse=0.007606 objective=0.004880 lr=0.0006
epoch  3925 train_mse=0.002126 val_mse=0.011526 blind_mse=0.006250 stress_mse=0.007605 objective=0.004840 lr=0.0006
epoch  3950 train_mse=0.002118 val_mse=0.011532 blind_mse=0.006321 stress_mse=0.007610 objective=0.004831 lr=0.0006
epoch  3975 train_mse=0.002092 val_mse=0.011552 blind_mse=0.006270 stress_mse=0.007598 objective=0.004781 lr=0.0006
epoch  4000 train_mse=0.002083 val_mse=0.011541 blind_mse=0.006214 stress_mse=0.007544 objective=0.004767 lr=0.0006
epoch  4025 train_mse=0.002087 val_mse=0.011474 blind_mse=0.006261 stress_mse=0.007570 objective=0.004773 lr=0.0006
epoch  4050 train_mse=0.002075 val_mse=0.011498 blind_mse=0.006243 stress_mse=0.007560 objective=0.004755 lr=0.0006
epoch  4075 train_mse=0.002056 val_mse=0.011400 blind_mse=0.006222 stress_mse=0.007508 objective=0.004720 lr=0.0006
epoch  4100 train_mse=0.002084 val_mse=0.011614 blind_mse=0.006281 stress_mse=0.007594 objective=0.004771 lr=0.0006
epoch  4125 train_mse=0.002069 val_mse=0.011628 blind_mse=0.006225 stress_mse=0.007557 objective=0.004743 lr=0.0006
epoch  4150 train_mse=0.002047 val_mse=0.011466 blind_mse=0.006160 stress_mse=0.007546 objective=0.004709 lr=0.0006
epoch  4175 train_mse=0.002043 val_mse=0.011451 blind_mse=0.006175 stress_mse=0.007563 objective=0.004695 lr=0.0006
epoch  4200 train_mse=0.002027 val_mse=0.011417 blind_mse=0.006183 stress_mse=0.007488 objective=0.004661 lr=0.0006
epoch  4225 train_mse=0.002041 val_mse=0.011366 blind_mse=0.006224 stress_mse=0.007521 objective=0.004689 lr=0.0006
epoch  4250 train_mse=0.002020 val_mse=0.011343 blind_mse=0.006186 stress_mse=0.007484 objective=0.004659 lr=0.0006
epoch  4275 train_mse=0.002007 val_mse=0.011438 blind_mse=0.006163 stress_mse=0.007447 objective=0.004627 lr=0.0006
epoch  4300 train_mse=0.001992 val_mse=0.011329 blind_mse=0.006129 stress_mse=0.007398 objective=0.004599 lr=0.0006
epoch  4325 train_mse=0.001990 val_mse=0.011359 blind_mse=0.006167 stress_mse=0.007432 objective=0.004604 lr=0.0006
epoch  4350 train_mse=0.002016 val_mse=0.011371 blind_mse=0.006159 stress_mse=0.007421 objective=0.004649 lr=0.0006
epoch  4375 train_mse=0.001966 val_mse=0.011266 blind_mse=0.006137 stress_mse=0.007356 objective=0.004556 lr=0.0006
epoch  4400 train_mse=0.001978 val_mse=0.011287 blind_mse=0.006187 stress_mse=0.007402 objective=0.004575 lr=0.0006
epoch  4425 train_mse=0.001957 val_mse=0.011325 blind_mse=0.006067 stress_mse=0.007356 objective=0.004538 lr=0.0006
epoch  4450 train_mse=0.001937 val_mse=0.011181 blind_mse=0.006133 stress_mse=0.007418 objective=0.004502 lr=0.0006
epoch  4475 train_mse=0.001943 val_mse=0.011122 blind_mse=0.006096 stress_mse=0.007433 objective=0.004514 lr=0.0006
epoch  4500 train_mse=0.001940 val_mse=0.011300 blind_mse=0.006106 stress_mse=0.007331 objective=0.004506 lr=0.0006
epoch  4525 train_mse=0.001927 val_mse=0.011063 blind_mse=0.005999 stress_mse=0.007401 objective=0.004479 lr=0.0006
epoch  4550 train_mse=0.001916 val_mse=0.011048 blind_mse=0.006066 stress_mse=0.007336 objective=0.004459 lr=0.0006
epoch  4575 train_mse=0.001913 val_mse=0.011245 blind_mse=0.006055 stress_mse=0.007311 objective=0.004456 lr=0.0006
epoch  4600 train_mse=0.001939 val_mse=0.011110 blind_mse=0.006032 stress_mse=0.007401 objective=0.004505 lr=0.0006
epoch  4625 train_mse=0.001918 val_mse=0.011207 blind_mse=0.006090 stress_mse=0.007333 objective=0.004465 lr=0.0006
epoch  4650 train_mse=0.001900 val_mse=0.011073 blind_mse=0.006036 stress_mse=0.007312 objective=0.004431 lr=0.0006
epoch  4675 train_mse=0.001899 val_mse=0.011193 blind_mse=0.005997 stress_mse=0.007328 objective=0.004427 lr=0.0006
epoch  4700 train_mse=0.001903 val_mse=0.011157 blind_mse=0.006071 stress_mse=0.007333 objective=0.004435 lr=0.0006
epoch  4725 train_mse=0.001886 val_mse=0.011069 blind_mse=0.006006 stress_mse=0.007362 objective=0.004401 lr=0.0006
epoch  4750 train_mse=0.001858 val_mse=0.011114 blind_mse=0.005980 stress_mse=0.007297 objective=0.004353 lr=0.0006
epoch  4775 train_mse=0.001835 val_mse=0.010967 blind_mse=0.005905 stress_mse=0.007245 objective=0.004306 lr=0.0006
epoch  4800 train_mse=0.001860 val_mse=0.011016 blind_mse=0.005968 stress_mse=0.007337 objective=0.004353 lr=0.0006
epoch  4825 train_mse=0.001864 val_mse=0.011108 blind_mse=0.005973 stress_mse=0.007276 objective=0.004360 lr=0.0006
epoch  4850 train_mse=0.001840 val_mse=0.010966 blind_mse=0.005974 stress_mse=0.007344 objective=0.004314 lr=0.0006
epoch  4875 train_mse=0.001839 val_mse=0.011096 blind_mse=0.005988 stress_mse=0.007245 objective=0.004311 lr=0.0006
epoch  4900 train_mse=0.001820 val_mse=0.011057 blind_mse=0.005978 stress_mse=0.007211 objective=0.004279 lr=0.0006
epoch  4925 train_mse=0.001827 val_mse=0.011065 blind_mse=0.005967 stress_mse=0.007215 objective=0.004290 lr=0.0006
epoch  4950 train_mse=0.001814 val_mse=0.010989 blind_mse=0.005964 stress_mse=0.007200 objective=0.004266 lr=0.0006
epoch  4975 train_mse=0.001822 val_mse=0.011009 blind_mse=0.005899 stress_mse=0.007198 objective=0.004280 lr=0.0006
epoch  5000 train_mse=0.001849 val_mse=0.011013 blind_mse=0.005963 stress_mse=0.007213 objective=0.004336 lr=0.0006
epoch  5025 train_mse=0.001745 val_mse=0.010822 blind_mse=0.005891 stress_mse=0.007129 objective=0.004134 lr=0.0003
epoch  5050 train_mse=0.001729 val_mse=0.010778 blind_mse=0.005847 stress_mse=0.007099 objective=0.004103 lr=0.0003
epoch  5075 train_mse=0.001745 val_mse=0.010817 blind_mse=0.005843 stress_mse=0.007112 objective=0.004129 lr=0.0003
epoch  5100 train_mse=0.001732 val_mse=0.010807 blind_mse=0.005820 stress_mse=0.007113 objective=0.004107 lr=0.0003
epoch  5125 train_mse=0.001735 val_mse=0.010691 blind_mse=0.005863 stress_mse=0.007075 objective=0.004113 lr=0.0003
epoch  5150 train_mse=0.001725 val_mse=0.010707 blind_mse=0.005807 stress_mse=0.007157 objective=0.004093 lr=0.0003
epoch  5175 train_mse=0.001723 val_mse=0.010759 blind_mse=0.005847 stress_mse=0.007073 objective=0.004090 lr=0.0003
epoch  5200 train_mse=0.001723 val_mse=0.010771 blind_mse=0.005867 stress_mse=0.007098 objective=0.004090 lr=0.0003
epoch  5225 train_mse=0.001722 val_mse=0.010750 blind_mse=0.005839 stress_mse=0.007097 objective=0.004090 lr=0.0003
epoch  5250 train_mse=0.001716 val_mse=0.010753 blind_mse=0.005887 stress_mse=0.007032 objective=0.004074 lr=0.0003
epoch  5275 train_mse=0.001715 val_mse=0.010721 blind_mse=0.005785 stress_mse=0.007091 objective=0.004076 lr=0.0003
epoch  5300 train_mse=0.001711 val_mse=0.010783 blind_mse=0.005802 stress_mse=0.007101 objective=0.004070 lr=0.0003
epoch  5325 train_mse=0.001704 val_mse=0.010759 blind_mse=0.005800 stress_mse=0.007117 objective=0.004053 lr=0.0003
epoch  5350 train_mse=0.001707 val_mse=0.010712 blind_mse=0.005820 stress_mse=0.007060 objective=0.004061 lr=0.0003
epoch  5375 train_mse=0.001684 val_mse=0.010725 blind_mse=0.005790 stress_mse=0.007070 objective=0.004014 lr=0.00015
epoch  5400 train_mse=0.001678 val_mse=0.010625 blind_mse=0.005785 stress_mse=0.007050 objective=0.004002 lr=0.00015
epoch  5425 train_mse=0.001676 val_mse=0.010693 blind_mse=0.005764 stress_mse=0.007053 objective=0.003999 lr=0.00015
epoch  5450 train_mse=0.001667 val_mse=0.010651 blind_mse=0.005743 stress_mse=0.007039 objective=0.003984 lr=0.00015
epoch  5475 train_mse=0.001670 val_mse=0.010686 blind_mse=0.005741 stress_mse=0.007049 objective=0.003987 lr=0.00015
epoch  5500 train_mse=0.001672 val_mse=0.010673 blind_mse=0.005761 stress_mse=0.007019 objective=0.003991 lr=0.00015
epoch  5525 train_mse=0.001671 val_mse=0.010627 blind_mse=0.005753 stress_mse=0.006992 objective=0.003990 lr=0.00015
epoch  5550 train_mse=0.001664 val_mse=0.010658 blind_mse=0.005765 stress_mse=0.007053 objective=0.003977 lr=0.00015
epoch  5575 train_mse=0.001665 val_mse=0.010678 blind_mse=0.005759 stress_mse=0.007038 objective=0.003977 lr=0.00015
epoch  5600 train_mse=0.001662 val_mse=0.010651 blind_mse=0.005759 stress_mse=0.007055 objective=0.003972 lr=0.00015
epoch  5625 train_mse=0.001665 val_mse=0.010593 blind_mse=0.005772 stress_mse=0.007046 objective=0.003978 lr=0.00015
epoch  5650 train_mse=0.001658 val_mse=0.010677 blind_mse=0.005746 stress_mse=0.007001 objective=0.003966 lr=0.00015
epoch  5675 train_mse=0.001659 val_mse=0.010695 blind_mse=0.005743 stress_mse=0.007015 objective=0.003964 lr=0.00015
epoch  5700 train_mse=0.001658 val_mse=0.010633 blind_mse=0.005728 stress_mse=0.007015 objective=0.003965 lr=0.00015
epoch  5725 train_mse=0.001660 val_mse=0.010660 blind_mse=0.005767 stress_mse=0.007019 objective=0.003968 lr=0.00015
epoch  5750 train_mse=0.001662 val_mse=0.010561 blind_mse=0.005745 stress_mse=0.006987 objective=0.003971 lr=0.00015
epoch  5775 train_mse=0.001658 val_mse=0.010622 blind_mse=0.005755 stress_mse=0.007017 objective=0.003964 lr=0.00015
epoch  5800 train_mse=0.001655 val_mse=0.010691 blind_mse=0.005738 stress_mse=0.007001 objective=0.003958 lr=0.00015
epoch  5825 train_mse=0.001657 val_mse=0.010697 blind_mse=0.005753 stress_mse=0.007016 objective=0.003961 lr=0.00015
epoch  5850 train_mse=0.001650 val_mse=0.010589 blind_mse=0.005749 stress_mse=0.007049 objective=0.003950 lr=0.00015
epoch  5875 train_mse=0.001643 val_mse=0.010567 blind_mse=0.005742 stress_mse=0.007027 objective=0.003938 lr=0.00015
epoch  5900 train_mse=0.001644 val_mse=0.010666 blind_mse=0.005736 stress_mse=0.006968 objective=0.003938 lr=0.00015
epoch  5925 train_mse=0.001641 val_mse=0.010576 blind_mse=0.005733 stress_mse=0.006962 objective=0.003932 lr=0.00015
epoch  5950 train_mse=0.001652 val_mse=0.010553 blind_mse=0.005721 stress_mse=0.007059 objective=0.003952 lr=0.00015
epoch  5975 train_mse=0.001637 val_mse=0.010538 blind_mse=0.005726 stress_mse=0.006990 objective=0.003926 lr=0.00015
epoch  6000 train_mse=0.001649 val_mse=0.010596 blind_mse=0.005743 stress_mse=0.007010 objective=0.003946 lr=0.00015
metrics: training_results/model_selection_loop/D66_grouped_width320_lr6e-4_dropout0.075_v8c1diff_basic_seed23_20260614_000621_utc/metrics_model_loop.json
selection: training_results/model_selection_loop/D66_grouped_width320_lr6e-4_dropout0.075_v8c1diff_basic_seed23_20260614_000621_utc/selection_score.json
weighted_score: 0.03779580818489194
rejected: False []
$ /usr/bin/python3 scripts/run_model_selection_candidate.py --family enhanced --candidate-id D66_grouped_width320_lr6e-4_dropout0.075_v8c1diff_full_seed23 --output-root training_results/model_selection_loop --architecture grouped_heads --hidden-dim 320 --dropout 0.075 --learning-rate 0.0006 --weight-decay 0.0001 --residual-penalty 0.003 --max-epochs 6000 --eval-every 25 --patience-epochs 1000 --easy-regression-limit 0.1 --torch-seed 23 --batch-size 0 --component-loss-kind smooth_l1 --component-smooth-l1-beta 0.25 --grad-clip-norm 1.0 --lr-scheduler plateau --lr-plateau-factor 0.5 --lr-plateau-patience-evals 8 --min-learning-rate 1e-05 --csv-path training_results/feature_regression_enhanced/enhanced_v8_c1diff_full_20260613_231542_utc/training_features_enhanced.csv --baseline-metrics training_results/model_selection_loop/D66_grouped_width320_lr6e-4_dropout0.075_v6gap100k_seed23_20260612_051859_utc/metrics_model_loop.json --selection-config experiments/model_selection_weights.json --split-seed 7
candidate: D66_grouped_width320_lr6e-4_dropout0.075_v8c1diff_full_seed23
family: enhanced
source CSV: /content/Aberration-Simulation/training_results/feature_regression_enhanced/enhanced_v8_c1diff_full_20260613_231542_utc/training_features_enhanced.csv
features: 189
output: training_results/model_selection_loop/D66_grouped_width320_lr6e-4_dropout0.075_v8c1diff_full_seed23_20260614_010207_utc
epoch     1 train_mse=1.537506 val_mse=1.684262 blind_mse=1.463329 stress_mse=1.613640 objective=0.849558 lr=0.0006
epoch    25 train_mse=0.676968 val_mse=0.803131 blind_mse=0.655616 stress_mse=0.774888 objective=0.426270 lr=0.0006
epoch    50 train_mse=0.256135 val_mse=0.344631 blind_mse=0.235727 stress_mse=0.284559 objective=0.215056 lr=0.0006
epoch    75 train_mse=0.114141 val_mse=0.183944 blind_mse=0.101848 stress_mse=0.133378 objective=0.116590 lr=0.0006
epoch   100 train_mse=0.078505 val_mse=0.134410 blind_mse=0.073970 stress_mse=0.096436 objective=0.085092 lr=0.0006
epoch   125 train_mse=0.060591 val_mse=0.106975 blind_mse=0.059349 stress_mse=0.074640 objective=0.068858 lr=0.0006
epoch   150 train_mse=0.049629 val_mse=0.088041 blind_mse=0.049807 stress_mse=0.061135 objective=0.058496 lr=0.0006
epoch   175 train_mse=0.042191 val_mse=0.074611 blind_mse=0.043311 stress_mse=0.051957 objective=0.051392 lr=0.0006
epoch   200 train_mse=0.036858 val_mse=0.065387 blind_mse=0.038938 stress_mse=0.046162 objective=0.046088 lr=0.0006
epoch   225 train_mse=0.032632 val_mse=0.058637 blind_mse=0.035515 stress_mse=0.041545 objective=0.041884 lr=0.0006
epoch   250 train_mse=0.029383 val_mse=0.053409 blind_mse=0.032933 stress_mse=0.037805 objective=0.038478 lr=0.0006
epoch   275 train_mse=0.026867 val_mse=0.049511 blind_mse=0.030968 stress_mse=0.034944 objective=0.035880 lr=0.0006
epoch   300 train_mse=0.024516 val_mse=0.045960 blind_mse=0.028765 stress_mse=0.032371 objective=0.033355 lr=0.0006
epoch   325 train_mse=0.022497 val_mse=0.042805 blind_mse=0.026912 stress_mse=0.030042 objective=0.031124 lr=0.0006
epoch   350 train_mse=0.020827 val_mse=0.040283 blind_mse=0.025434 stress_mse=0.027955 objective=0.029324 lr=0.0006
epoch   375 train_mse=0.019220 val_mse=0.037674 blind_mse=0.024128 stress_mse=0.026207 objective=0.027519 lr=0.0006
epoch   400 train_mse=0.018172 val_mse=0.036170 blind_mse=0.023122 stress_mse=0.024939 objective=0.026508 lr=0.0006
epoch   425 train_mse=0.016719 val_mse=0.033746 blind_mse=0.021748 stress_mse=0.023275 objective=0.024704 lr=0.0006
epoch   450 train_mse=0.015726 val_mse=0.032528 blind_mse=0.020618 stress_mse=0.022243 objective=0.023641 lr=0.0006
epoch   475 train_mse=0.014748 val_mse=0.031016 blind_mse=0.019661 stress_mse=0.021027 objective=0.022447 lr=0.0006
epoch   500 train_mse=0.013813 val_mse=0.029568 blind_mse=0.018803 stress_mse=0.019988 objective=0.021313 lr=0.0006
epoch   525 train_mse=0.013048 val_mse=0.028396 blind_mse=0.018061 stress_mse=0.019238 objective=0.020386 lr=0.0006
epoch   550 train_mse=0.012358 val_mse=0.027609 blind_mse=0.017332 stress_mse=0.018459 objective=0.019524 lr=0.0006
epoch   575 train_mse=0.011722 val_mse=0.026515 blind_mse=0.016715 stress_mse=0.017766 objective=0.018743 lr=0.0006
epoch   600 train_mse=0.011186 val_mse=0.025681 blind_mse=0.016225 stress_mse=0.017340 objective=0.018131 lr=0.0006
epoch   625 train_mse=0.010565 val_mse=0.024830 blind_mse=0.015571 stress_mse=0.016608 objective=0.017283 lr=0.0006
epoch   650 train_mse=0.010061 val_mse=0.023898 blind_mse=0.015081 stress_mse=0.016129 objective=0.016642 lr=0.0006
epoch   675 train_mse=0.009660 val_mse=0.023272 blind_mse=0.014569 stress_mse=0.015791 objective=0.016106 lr=0.0006
epoch   700 train_mse=0.009198 val_mse=0.022831 blind_mse=0.014152 stress_mse=0.015369 objective=0.015522 lr=0.0006
epoch   725 train_mse=0.008843 val_mse=0.022005 blind_mse=0.013908 stress_mse=0.014951 objective=0.015038 lr=0.0006
epoch   750 train_mse=0.008435 val_mse=0.021497 blind_mse=0.013488 stress_mse=0.014541 objective=0.014480 lr=0.0006
epoch   775 train_mse=0.008085 val_mse=0.020977 blind_mse=0.013174 stress_mse=0.014219 objective=0.013994 lr=0.0006
epoch   800 train_mse=0.007789 val_mse=0.020530 blind_mse=0.012865 stress_mse=0.013948 objective=0.013595 lr=0.0006
epoch   825 train_mse=0.007466 val_mse=0.020197 blind_mse=0.012613 stress_mse=0.013648 objective=0.013144 lr=0.0006
epoch   850 train_mse=0.007200 val_mse=0.019744 blind_mse=0.012333 stress_mse=0.013369 objective=0.012780 lr=0.0006
epoch   875 train_mse=0.006962 val_mse=0.019247 blind_mse=0.012174 stress_mse=0.013257 objective=0.012456 lr=0.0006
epoch   900 train_mse=0.006719 val_mse=0.018847 blind_mse=0.011885 stress_mse=0.012929 objective=0.012079 lr=0.0006
epoch   925 train_mse=0.006466 val_mse=0.018483 blind_mse=0.011679 stress_mse=0.012718 objective=0.011751 lr=0.0006
epoch   950 train_mse=0.006238 val_mse=0.018113 blind_mse=0.011433 stress_mse=0.012451 objective=0.011408 lr=0.0006
epoch   975 train_mse=0.006062 val_mse=0.017855 blind_mse=0.011254 stress_mse=0.012359 objective=0.011182 lr=0.0006
epoch  1000 train_mse=0.005926 val_mse=0.017708 blind_mse=0.011104 stress_mse=0.012256 objective=0.011027 lr=0.0006
epoch  1025 train_mse=0.005693 val_mse=0.017216 blind_mse=0.010916 stress_mse=0.011902 objective=0.010607 lr=0.0006
epoch  1050 train_mse=0.005540 val_mse=0.017056 blind_mse=0.010768 stress_mse=0.011882 objective=0.010386 lr=0.0006
epoch  1075 train_mse=0.005347 val_mse=0.016956 blind_mse=0.010563 stress_mse=0.011629 objective=0.010087 lr=0.0006
epoch  1100 train_mse=0.005177 val_mse=0.016508 blind_mse=0.010476 stress_mse=0.011506 objective=0.009838 lr=0.0006
epoch  1125 train_mse=0.005071 val_mse=0.016257 blind_mse=0.010312 stress_mse=0.011425 objective=0.009697 lr=0.0006
epoch  1150 train_mse=0.004911 val_mse=0.016143 blind_mse=0.010201 stress_mse=0.011153 objective=0.009438 lr=0.0006
epoch  1175 train_mse=0.004768 val_mse=0.015643 blind_mse=0.010073 stress_mse=0.011039 objective=0.009204 lr=0.0006
epoch  1200 train_mse=0.004664 val_mse=0.015770 blind_mse=0.010012 stress_mse=0.010997 objective=0.009045 lr=0.0006
epoch  1225 train_mse=0.004509 val_mse=0.015513 blind_mse=0.009912 stress_mse=0.010770 objective=0.008809 lr=0.0006
epoch  1250 train_mse=0.004404 val_mse=0.015264 blind_mse=0.009825 stress_mse=0.010684 objective=0.008640 lr=0.0006
epoch  1275 train_mse=0.004316 val_mse=0.015080 blind_mse=0.009709 stress_mse=0.010583 objective=0.008502 lr=0.0006
epoch  1300 train_mse=0.004202 val_mse=0.014936 blind_mse=0.009704 stress_mse=0.010505 objective=0.008314 lr=0.0006
epoch  1325 train_mse=0.004107 val_mse=0.014768 blind_mse=0.009517 stress_mse=0.010409 objective=0.008166 lr=0.0006
epoch  1350 train_mse=0.004024 val_mse=0.014622 blind_mse=0.009403 stress_mse=0.010177 objective=0.008040 lr=0.0006
epoch  1375 train_mse=0.003925 val_mse=0.014362 blind_mse=0.009505 stress_mse=0.010160 objective=0.007889 lr=0.0006
epoch  1400 train_mse=0.003853 val_mse=0.014230 blind_mse=0.009399 stress_mse=0.010147 objective=0.007760 lr=0.0006
epoch  1425 train_mse=0.003774 val_mse=0.014132 blind_mse=0.009327 stress_mse=0.010011 objective=0.007642 lr=0.0006
epoch  1450 train_mse=0.003705 val_mse=0.013961 blind_mse=0.009245 stress_mse=0.010033 objective=0.007530 lr=0.0006
epoch  1475 train_mse=0.003636 val_mse=0.013860 blind_mse=0.009081 stress_mse=0.009926 objective=0.007422 lr=0.0006
epoch  1500 train_mse=0.003558 val_mse=0.013708 blind_mse=0.009118 stress_mse=0.009851 objective=0.007285 lr=0.0006
epoch  1525 train_mse=0.003488 val_mse=0.013619 blind_mse=0.008985 stress_mse=0.009695 objective=0.007166 lr=0.0006
epoch  1550 train_mse=0.003419 val_mse=0.013564 blind_mse=0.008934 stress_mse=0.009637 objective=0.007063 lr=0.0006
epoch  1575 train_mse=0.003366 val_mse=0.013373 blind_mse=0.008900 stress_mse=0.009601 objective=0.006966 lr=0.0006
epoch  1600 train_mse=0.003302 val_mse=0.013400 blind_mse=0.008950 stress_mse=0.009601 objective=0.006863 lr=0.0006
epoch  1625 train_mse=0.003259 val_mse=0.013329 blind_mse=0.008773 stress_mse=0.009455 objective=0.006788 lr=0.0006
epoch  1650 train_mse=0.003175 val_mse=0.013155 blind_mse=0.008827 stress_mse=0.009448 objective=0.006652 lr=0.0006
epoch  1675 train_mse=0.003150 val_mse=0.013199 blind_mse=0.008688 stress_mse=0.009342 objective=0.006610 lr=0.0006
epoch  1700 train_mse=0.003116 val_mse=0.013112 blind_mse=0.008750 stress_mse=0.009303 objective=0.006549 lr=0.0006
epoch  1725 train_mse=0.003021 val_mse=0.012896 blind_mse=0.008517 stress_mse=0.009224 objective=0.006384 lr=0.0006
epoch  1750 train_mse=0.002995 val_mse=0.012875 blind_mse=0.008659 stress_mse=0.009179 objective=0.006336 lr=0.0006
epoch  1775 train_mse=0.002946 val_mse=0.012637 blind_mse=0.008451 stress_mse=0.009206 objective=0.006266 lr=0.0006
epoch  1800 train_mse=0.002911 val_mse=0.012718 blind_mse=0.008537 stress_mse=0.009196 objective=0.006199 lr=0.0006
epoch  1825 train_mse=0.002869 val_mse=0.012497 blind_mse=0.008471 stress_mse=0.009129 objective=0.006126 lr=0.0006
epoch  1850 train_mse=0.002826 val_mse=0.012549 blind_mse=0.008369 stress_mse=0.009074 objective=0.006063 lr=0.0006
epoch  1875 train_mse=0.002797 val_mse=0.012343 blind_mse=0.008407 stress_mse=0.009054 objective=0.006003 lr=0.0006
epoch  1900 train_mse=0.002742 val_mse=0.012332 blind_mse=0.008347 stress_mse=0.008936 objective=0.005901 lr=0.0006
epoch  1925 train_mse=0.002718 val_mse=0.012313 blind_mse=0.008249 stress_mse=0.008992 objective=0.005865 lr=0.0006
epoch  1950 train_mse=0.002663 val_mse=0.012076 blind_mse=0.008181 stress_mse=0.008956 objective=0.005770 lr=0.0006
epoch  1975 train_mse=0.002629 val_mse=0.012112 blind_mse=0.008165 stress_mse=0.008709 objective=0.005710 lr=0.0006
epoch  2000 train_mse=0.002619 val_mse=0.012105 blind_mse=0.008210 stress_mse=0.008797 objective=0.005703 lr=0.0006
epoch  2025 train_mse=0.002634 val_mse=0.012093 blind_mse=0.008040 stress_mse=0.008808 objective=0.005735 lr=0.0006
epoch  2050 train_mse=0.002543 val_mse=0.012012 blind_mse=0.008072 stress_mse=0.008704 objective=0.005565 lr=0.0006
epoch  2075 train_mse=0.002512 val_mse=0.011886 blind_mse=0.008060 stress_mse=0.008615 objective=0.005499 lr=0.0006
epoch  2100 train_mse=0.002516 val_mse=0.011899 blind_mse=0.007932 stress_mse=0.008632 objective=0.005510 lr=0.0006
epoch  2125 train_mse=0.002446 val_mse=0.011669 blind_mse=0.007987 stress_mse=0.008575 objective=0.005384 lr=0.0006
epoch  2150 train_mse=0.002438 val_mse=0.011822 blind_mse=0.007906 stress_mse=0.008586 objective=0.005366 lr=0.0006
epoch  2175 train_mse=0.002408 val_mse=0.011754 blind_mse=0.007950 stress_mse=0.008564 objective=0.005319 lr=0.0006
epoch  2200 train_mse=0.002396 val_mse=0.011706 blind_mse=0.007842 stress_mse=0.008565 objective=0.005301 lr=0.0006
epoch  2225 train_mse=0.002377 val_mse=0.011690 blind_mse=0.007829 stress_mse=0.008527 objective=0.005263 lr=0.0006
epoch  2250 train_mse=0.002358 val_mse=0.011653 blind_mse=0.007807 stress_mse=0.008416 objective=0.005231 lr=0.0006
epoch  2275 train_mse=0.002326 val_mse=0.011449 blind_mse=0.007759 stress_mse=0.008377 objective=0.005172 lr=0.0006
epoch  2300 train_mse=0.002289 val_mse=0.011535 blind_mse=0.007694 stress_mse=0.008421 objective=0.005099 lr=0.0006
epoch  2325 train_mse=0.002307 val_mse=0.011560 blind_mse=0.007700 stress_mse=0.008359 objective=0.005142 lr=0.0006
epoch  2350 train_mse=0.002257 val_mse=0.011331 blind_mse=0.007629 stress_mse=0.008248 objective=0.005058 lr=0.0006
epoch  2375 train_mse=0.002240 val_mse=0.011410 blind_mse=0.007663 stress_mse=0.008333 objective=0.005012 lr=0.0006
epoch  2400 train_mse=0.002216 val_mse=0.011369 blind_mse=0.007671 stress_mse=0.008351 objective=0.004975 lr=0.0006
epoch  2425 train_mse=0.002186 val_mse=0.011261 blind_mse=0.007545 stress_mse=0.008234 objective=0.004917 lr=0.0006
epoch  2450 train_mse=0.002190 val_mse=0.011420 blind_mse=0.007642 stress_mse=0.008295 objective=0.004917 lr=0.0006
epoch  2475 train_mse=0.002155 val_mse=0.011191 blind_mse=0.007525 stress_mse=0.008235 objective=0.004865 lr=0.0006
epoch  2500 train_mse=0.002145 val_mse=0.011364 blind_mse=0.007601 stress_mse=0.008198 objective=0.004845 lr=0.0006
epoch  2525 train_mse=0.002128 val_mse=0.011174 blind_mse=0.007448 stress_mse=0.008204 objective=0.004819 lr=0.0006
epoch  2550 train_mse=0.002098 val_mse=0.011126 blind_mse=0.007377 stress_mse=0.008175 objective=0.004757 lr=0.0006
epoch  2575 train_mse=0.002078 val_mse=0.011074 blind_mse=0.007542 stress_mse=0.008176 objective=0.004718 lr=0.0006
epoch  2600 train_mse=0.002136 val_mse=0.011155 blind_mse=0.007378 stress_mse=0.008065 objective=0.004833 lr=0.0006
epoch  2625 train_mse=0.002045 val_mse=0.010989 blind_mse=0.007443 stress_mse=0.008082 objective=0.004658 lr=0.0006
epoch  2650 train_mse=0.002025 val_mse=0.011016 blind_mse=0.007498 stress_mse=0.008123 objective=0.004622 lr=0.0006
epoch  2675 train_mse=0.002016 val_mse=0.011001 blind_mse=0.007461 stress_mse=0.008038 objective=0.004611 lr=0.0006
epoch  2700 train_mse=0.002022 val_mse=0.010983 blind_mse=0.007449 stress_mse=0.008074 objective=0.004622 lr=0.0006
epoch  2725 train_mse=0.002008 val_mse=0.010940 blind_mse=0.007375 stress_mse=0.008044 objective=0.004596 lr=0.0006
epoch  2750 train_mse=0.001974 val_mse=0.010871 blind_mse=0.007244 stress_mse=0.008005 objective=0.004534 lr=0.0006
epoch  2775 train_mse=0.001955 val_mse=0.010777 blind_mse=0.007384 stress_mse=0.007917 objective=0.004492 lr=0.0006
epoch  2800 train_mse=0.001962 val_mse=0.010842 blind_mse=0.007281 stress_mse=0.008048 objective=0.004504 lr=0.0006
epoch  2825 train_mse=0.001953 val_mse=0.010963 blind_mse=0.007224 stress_mse=0.007992 objective=0.004492 lr=0.0006
epoch  2850 train_mse=0.001925 val_mse=0.010903 blind_mse=0.007180 stress_mse=0.007941 objective=0.004438 lr=0.0006
epoch  2875 train_mse=0.001919 val_mse=0.011023 blind_mse=0.007405 stress_mse=0.007895 objective=0.004432 lr=0.0006
epoch  2900 train_mse=0.001930 val_mse=0.010848 blind_mse=0.007052 stress_mse=0.007886 objective=0.004450 lr=0.0006
epoch  2925 train_mse=0.001900 val_mse=0.010822 blind_mse=0.007254 stress_mse=0.007836 objective=0.004392 lr=0.0006
epoch  2950 train_mse=0.001926 val_mse=0.010955 blind_mse=0.007183 stress_mse=0.007946 objective=0.004448 lr=0.0006
epoch  2975 train_mse=0.001866 val_mse=0.010757 blind_mse=0.007133 stress_mse=0.007853 objective=0.004333 lr=0.0006
epoch  3000 train_mse=0.001865 val_mse=0.010779 blind_mse=0.007182 stress_mse=0.007879 objective=0.004325 lr=0.0006
epoch  3025 train_mse=0.001851 val_mse=0.010639 blind_mse=0.006955 stress_mse=0.007795 objective=0.004302 lr=0.0006
epoch  3050 train_mse=0.001841 val_mse=0.010823 blind_mse=0.007022 stress_mse=0.007882 objective=0.004286 lr=0.0006
epoch  3075 train_mse=0.001857 val_mse=0.010596 blind_mse=0.007082 stress_mse=0.007826 objective=0.004317 lr=0.0006
epoch  3100 train_mse=0.001845 val_mse=0.010654 blind_mse=0.007245 stress_mse=0.007814 objective=0.004302 lr=0.0006
epoch  3125 train_mse=0.001817 val_mse=0.010733 blind_mse=0.007063 stress_mse=0.007838 objective=0.004244 lr=0.0006
epoch  3150 train_mse=0.001803 val_mse=0.010700 blind_mse=0.007011 stress_mse=0.007793 objective=0.004213 lr=0.0006
epoch  3175 train_mse=0.001795 val_mse=0.010696 blind_mse=0.006981 stress_mse=0.007795 objective=0.004203 lr=0.0006
epoch  3200 train_mse=0.001771 val_mse=0.010553 blind_mse=0.007042 stress_mse=0.007705 objective=0.004157 lr=0.0006
epoch  3225 train_mse=0.001772 val_mse=0.010894 blind_mse=0.007116 stress_mse=0.007767 objective=0.004152 lr=0.0006
epoch  3250 train_mse=0.001741 val_mse=0.010481 blind_mse=0.006852 stress_mse=0.007729 objective=0.004097 lr=0.0006
epoch  3275 train_mse=0.001749 val_mse=0.010722 blind_mse=0.006983 stress_mse=0.007783 objective=0.004115 lr=0.0006
epoch  3300 train_mse=0.001726 val_mse=0.010582 blind_mse=0.006873 stress_mse=0.007733 objective=0.004069 lr=0.0006
epoch  3325 train_mse=0.001762 val_mse=0.010691 blind_mse=0.006946 stress_mse=0.007684 objective=0.004143 lr=0.0006
epoch  3350 train_mse=0.001710 val_mse=0.010530 blind_mse=0.007001 stress_mse=0.007711 objective=0.004038 lr=0.0006
epoch  3375 train_mse=0.001739 val_mse=0.010655 blind_mse=0.006950 stress_mse=0.007651 objective=0.004095 lr=0.0006
epoch  3400 train_mse=0.001714 val_mse=0.010603 blind_mse=0.006900 stress_mse=0.007649 objective=0.004048 lr=0.0006
epoch  3425 train_mse=0.001740 val_mse=0.010780 blind_mse=0.006881 stress_mse=0.007739 objective=0.004095 lr=0.0006
epoch  3450 train_mse=0.001689 val_mse=0.010424 blind_mse=0.007031 stress_mse=0.007697 objective=0.003998 lr=0.0006
epoch  3475 train_mse=0.001667 val_mse=0.010443 blind_mse=0.006811 stress_mse=0.007578 objective=0.003958 lr=0.0006
epoch  3500 train_mse=0.001694 val_mse=0.010530 blind_mse=0.006870 stress_mse=0.007641 objective=0.004011 lr=0.0006
epoch  3525 train_mse=0.001670 val_mse=0.010602 blind_mse=0.006857 stress_mse=0.007710 objective=0.003964 lr=0.0006
epoch  3550 train_mse=0.001697 val_mse=0.010541 blind_mse=0.006845 stress_mse=0.007674 objective=0.004014 lr=0.0006
epoch  3575 train_mse=0.001699 val_mse=0.010593 blind_mse=0.006798 stress_mse=0.007556 objective=0.004018 lr=0.0006
epoch  3600 train_mse=0.001670 val_mse=0.010497 blind_mse=0.006839 stress_mse=0.007731 objective=0.003962 lr=0.0006
epoch  3625 train_mse=0.001649 val_mse=0.010434 blind_mse=0.006752 stress_mse=0.007627 objective=0.003925 lr=0.0006
epoch  3650 train_mse=0.001655 val_mse=0.010422 blind_mse=0.006723 stress_mse=0.007651 objective=0.003937 lr=0.0006
epoch  3675 train_mse=0.001631 val_mse=0.010528 blind_mse=0.006831 stress_mse=0.007606 objective=0.003888 lr=0.0006
epoch  3700 train_mse=0.001621 val_mse=0.010384 blind_mse=0.006627 stress_mse=0.007605 objective=0.003871 lr=0.0006
epoch  3725 train_mse=0.001615 val_mse=0.010381 blind_mse=0.006777 stress_mse=0.007682 objective=0.003867 lr=0.0006
epoch  3750 train_mse=0.001642 val_mse=0.010608 blind_mse=0.006884 stress_mse=0.007750 objective=0.003916 lr=0.0006
epoch  3775 train_mse=0.001597 val_mse=0.010369 blind_mse=0.006763 stress_mse=0.007613 objective=0.003830 lr=0.0006
epoch  3800 train_mse=0.001639 val_mse=0.010733 blind_mse=0.006822 stress_mse=0.007697 objective=0.003909 lr=0.0006
epoch  3825 train_mse=0.001642 val_mse=0.010458 blind_mse=0.006691 stress_mse=0.007765 objective=0.003914 lr=0.0006
epoch  3850 train_mse=0.001589 val_mse=0.010277 blind_mse=0.006593 stress_mse=0.007644 objective=0.003807 lr=0.0006
epoch  3875 train_mse=0.001574 val_mse=0.010334 blind_mse=0.006701 stress_mse=0.007629 objective=0.003783 lr=0.0006
epoch  3900 train_mse=0.001583 val_mse=0.010468 blind_mse=0.006780 stress_mse=0.007669 objective=0.003796 lr=0.0006
epoch  3925 train_mse=0.001575 val_mse=0.010349 blind_mse=0.006601 stress_mse=0.007612 objective=0.003781 lr=0.0006
epoch  3950 train_mse=0.001557 val_mse=0.010418 blind_mse=0.006689 stress_mse=0.007578 objective=0.003749 lr=0.0006
epoch  3975 train_mse=0.001561 val_mse=0.010347 blind_mse=0.006581 stress_mse=0.007572 objective=0.003755 lr=0.0006
epoch  4000 train_mse=0.001554 val_mse=0.010387 blind_mse=0.006661 stress_mse=0.007630 objective=0.003744 lr=0.0006
epoch  4025 train_mse=0.001535 val_mse=0.010225 blind_mse=0.006617 stress_mse=0.007686 objective=0.003707 lr=0.0006
epoch  4050 train_mse=0.001536 val_mse=0.010353 blind_mse=0.006602 stress_mse=0.007529 objective=0.003703 lr=0.0006
epoch  4075 train_mse=0.001542 val_mse=0.010599 blind_mse=0.006695 stress_mse=0.007628 objective=0.003721 lr=0.0006
epoch  4100 train_mse=0.001534 val_mse=0.010486 blind_mse=0.006567 stress_mse=0.007650 objective=0.003702 lr=0.0006
epoch  4125 train_mse=0.001535 val_mse=0.010433 blind_mse=0.006555 stress_mse=0.007570 objective=0.003705 lr=0.0006
epoch  4150 train_mse=0.001546 val_mse=0.010239 blind_mse=0.006616 stress_mse=0.007716 objective=0.003728 lr=0.0006
epoch  4175 train_mse=0.001517 val_mse=0.010162 blind_mse=0.006611 stress_mse=0.007573 objective=0.003671 lr=0.0006
epoch  4200 train_mse=0.001538 val_mse=0.010326 blind_mse=0.006529 stress_mse=0.007635 objective=0.003705 lr=0.0006
epoch  4225 train_mse=0.001506 val_mse=0.010310 blind_mse=0.006521 stress_mse=0.007622 objective=0.003645 lr=0.0006
epoch  4250 train_mse=0.001494 val_mse=0.010307 blind_mse=0.006453 stress_mse=0.007648 objective=0.003626 lr=0.0006
epoch  4275 train_mse=0.001488 val_mse=0.010333 blind_mse=0.006476 stress_mse=0.007592 objective=0.003613 lr=0.0006
epoch  4300 train_mse=0.001484 val_mse=0.010323 blind_mse=0.006575 stress_mse=0.007522 objective=0.003605 lr=0.0006
epoch  4325 train_mse=0.001488 val_mse=0.010266 blind_mse=0.006529 stress_mse=0.007581 objective=0.003609 lr=0.0006
epoch  4350 train_mse=0.001505 val_mse=0.010266 blind_mse=0.006558 stress_mse=0.007581 objective=0.003648 lr=0.0006
epoch  4375 train_mse=0.001477 val_mse=0.010234 blind_mse=0.006438 stress_mse=0.007549 objective=0.003590 lr=0.0006
epoch  4400 train_mse=0.001470 val_mse=0.010148 blind_mse=0.006457 stress_mse=0.007645 objective=0.003578 lr=0.0006
epoch  4425 train_mse=0.001480 val_mse=0.010135 blind_mse=0.006499 stress_mse=0.007680 objective=0.003598 lr=0.0006
epoch  4450 train_mse=0.001478 val_mse=0.010076 blind_mse=0.006300 stress_mse=0.007615 objective=0.003595 lr=0.0006
epoch  4475 train_mse=0.001471 val_mse=0.010206 blind_mse=0.006415 stress_mse=0.007684 objective=0.003585 lr=0.0006
epoch  4500 train_mse=0.001510 val_mse=0.010241 blind_mse=0.006400 stress_mse=0.007719 objective=0.003653 lr=0.0006
epoch  4525 train_mse=0.001484 val_mse=0.010306 blind_mse=0.006456 stress_mse=0.007681 objective=0.003602 lr=0.0006
epoch  4550 train_mse=0.001445 val_mse=0.010298 blind_mse=0.006368 stress_mse=0.007631 objective=0.003528 lr=0.0006
epoch  4575 train_mse=0.001447 val_mse=0.010140 blind_mse=0.006342 stress_mse=0.007583 objective=0.003537 lr=0.0006
epoch  4600 train_mse=0.001444 val_mse=0.010172 blind_mse=0.006272 stress_mse=0.007533 objective=0.003529 lr=0.0006
epoch  4625 train_mse=0.001430 val_mse=0.010062 blind_mse=0.006440 stress_mse=0.007581 objective=0.003499 lr=0.0006
epoch  4650 train_mse=0.001452 val_mse=0.010165 blind_mse=0.006311 stress_mse=0.007642 objective=0.003544 lr=0.0006
epoch  4675 train_mse=0.001437 val_mse=0.010152 blind_mse=0.006409 stress_mse=0.007502 objective=0.003516 lr=0.0006
epoch  4700 train_mse=0.001444 val_mse=0.010210 blind_mse=0.006373 stress_mse=0.007584 objective=0.003530 lr=0.0006
epoch  4725 train_mse=0.001441 val_mse=0.010177 blind_mse=0.006246 stress_mse=0.007561 objective=0.003518 lr=0.0006
epoch  4750 train_mse=0.001419 val_mse=0.010162 blind_mse=0.006254 stress_mse=0.007694 objective=0.003478 lr=0.0006
epoch  4775 train_mse=0.001417 val_mse=0.010096 blind_mse=0.006220 stress_mse=0.007578 objective=0.003477 lr=0.0006
epoch  4800 train_mse=0.001443 val_mse=0.009936 blind_mse=0.006168 stress_mse=0.007548 objective=0.003529 lr=0.0006
epoch  4825 train_mse=0.001409 val_mse=0.009988 blind_mse=0.006216 stress_mse=0.007595 objective=0.003461 lr=0.0006
epoch  4850 train_mse=0.001431 val_mse=0.010174 blind_mse=0.006291 stress_mse=0.007670 objective=0.003503 lr=0.0006
epoch  4875 train_mse=0.001428 val_mse=0.009877 blind_mse=0.006177 stress_mse=0.007609 objective=0.003498 lr=0.0006
epoch  4900 train_mse=0.001411 val_mse=0.010000 blind_mse=0.006147 stress_mse=0.007493 objective=0.003458 lr=0.0006
epoch  4925 train_mse=0.001440 val_mse=0.010052 blind_mse=0.006306 stress_mse=0.007626 objective=0.003518 lr=0.0006
epoch  4950 train_mse=0.001401 val_mse=0.009890 blind_mse=0.006179 stress_mse=0.007583 objective=0.003443 lr=0.0006
epoch  4975 train_mse=0.001394 val_mse=0.009848 blind_mse=0.006206 stress_mse=0.007570 objective=0.003429 lr=0.0006
epoch  5000 train_mse=0.001402 val_mse=0.009790 blind_mse=0.006125 stress_mse=0.007516 objective=0.003446 lr=0.0006
epoch  5025 train_mse=0.001387 val_mse=0.009941 blind_mse=0.006153 stress_mse=0.007530 objective=0.003415 lr=0.0006
epoch  5050 train_mse=0.001417 val_mse=0.009844 blind_mse=0.006143 stress_mse=0.007526 objective=0.003478 lr=0.0006
epoch  5075 train_mse=0.001385 val_mse=0.009943 blind_mse=0.006156 stress_mse=0.007398 objective=0.003410 lr=0.0006
epoch  5100 train_mse=0.001421 val_mse=0.009989 blind_mse=0.006191 stress_mse=0.007595 objective=0.003483 lr=0.0006
epoch  5125 train_mse=0.001424 val_mse=0.009919 blind_mse=0.006126 stress_mse=0.007536 objective=0.003488 lr=0.0006
epoch  5150 train_mse=0.001377 val_mse=0.009743 blind_mse=0.006062 stress_mse=0.007639 objective=0.003396 lr=0.0006
epoch  5175 train_mse=0.001394 val_mse=0.010053 blind_mse=0.006197 stress_mse=0.007538 objective=0.003433 lr=0.0006
epoch  5200 train_mse=0.001381 val_mse=0.009951 blind_mse=0.006108 stress_mse=0.007577 objective=0.003405 lr=0.0006
epoch  5225 train_mse=0.001357 val_mse=0.009937 blind_mse=0.006208 stress_mse=0.007523 objective=0.003354 lr=0.0006
epoch  5250 train_mse=0.001382 val_mse=0.009909 blind_mse=0.006134 stress_mse=0.007546 objective=0.003408 lr=0.0006
epoch  5275 train_mse=0.001392 val_mse=0.009952 blind_mse=0.006179 stress_mse=0.007543 objective=0.003423 lr=0.0006
epoch  5300 train_mse=0.001400 val_mse=0.010048 blind_mse=0.006169 stress_mse=0.007670 objective=0.003440 lr=0.0006
epoch  5325 train_mse=0.001355 val_mse=0.009813 blind_mse=0.006083 stress_mse=0.007522 objective=0.003353 lr=0.0006
epoch  5350 train_mse=0.001352 val_mse=0.009783 blind_mse=0.006094 stress_mse=0.007495 objective=0.003348 lr=0.0006
epoch  5375 train_mse=0.001351 val_mse=0.009913 blind_mse=0.006097 stress_mse=0.007585 objective=0.003343 lr=0.0006
epoch  5400 train_mse=0.001288 val_mse=0.009737 blind_mse=0.006020 stress_mse=0.007444 objective=0.003222 lr=0.0003
epoch  5425 train_mse=0.001277 val_mse=0.009762 blind_mse=0.006059 stress_mse=0.007526 objective=0.003199 lr=0.0003
epoch  5450 train_mse=0.001279 val_mse=0.009654 blind_mse=0.005970 stress_mse=0.007444 objective=0.003201 lr=0.0003
epoch  5475 train_mse=0.001274 val_mse=0.009698 blind_mse=0.006011 stress_mse=0.007526 objective=0.003193 lr=0.0003
epoch  5500 train_mse=0.001278 val_mse=0.009704 blind_mse=0.005967 stress_mse=0.007453 objective=0.003201 lr=0.0003
epoch  5525 train_mse=0.001270 val_mse=0.009787 blind_mse=0.006029 stress_mse=0.007516 objective=0.003185 lr=0.0003
epoch  5550 train_mse=0.001273 val_mse=0.009856 blind_mse=0.006007 stress_mse=0.007493 objective=0.003189 lr=0.0003
epoch  5575 train_mse=0.001270 val_mse=0.009747 blind_mse=0.005949 stress_mse=0.007482 objective=0.003186 lr=0.0003
epoch  5600 train_mse=0.001274 val_mse=0.009847 blind_mse=0.005996 stress_mse=0.007502 objective=0.003192 lr=0.0003
epoch  5625 train_mse=0.001262 val_mse=0.009616 blind_mse=0.005964 stress_mse=0.007452 objective=0.003171 lr=0.0003
epoch  5650 train_mse=0.001269 val_mse=0.009754 blind_mse=0.006021 stress_mse=0.007559 objective=0.003182 lr=0.0003
epoch  5675 train_mse=0.001259 val_mse=0.009658 blind_mse=0.005890 stress_mse=0.007443 objective=0.003162 lr=0.0003
epoch  5700 train_mse=0.001266 val_mse=0.009639 blind_mse=0.005961 stress_mse=0.007432 objective=0.003179 lr=0.0003
epoch  5725 train_mse=0.001271 val_mse=0.009747 blind_mse=0.006021 stress_mse=0.007449 objective=0.003185 lr=0.0003
epoch  5750 train_mse=0.001261 val_mse=0.009642 blind_mse=0.006008 stress_mse=0.007521 objective=0.003166 lr=0.0003
epoch  5775 train_mse=0.001264 val_mse=0.009594 blind_mse=0.005941 stress_mse=0.007450 objective=0.003173 lr=0.0003
epoch  5800 train_mse=0.001271 val_mse=0.009583 blind_mse=0.005968 stress_mse=0.007446 objective=0.003188 lr=0.0003
epoch  5825 train_mse=0.001268 val_mse=0.009619 blind_mse=0.005917 stress_mse=0.007477 objective=0.003180 lr=0.0003
epoch  5850 train_mse=0.001263 val_mse=0.009671 blind_mse=0.005955 stress_mse=0.007475 objective=0.003170 lr=0.0003
epoch  5875 train_mse=0.001261 val_mse=0.009754 blind_mse=0.005974 stress_mse=0.007478 objective=0.003166 lr=0.0003
epoch  5900 train_mse=0.001263 val_mse=0.009625 blind_mse=0.005976 stress_mse=0.007467 objective=0.003170 lr=0.0003
epoch  5925 train_mse=0.001259 val_mse=0.009714 blind_mse=0.005940 stress_mse=0.007437 objective=0.003163 lr=0.0003
epoch  5950 train_mse=0.001248 val_mse=0.009552 blind_mse=0.005945 stress_mse=0.007486 objective=0.003143 lr=0.0003
epoch  5975 train_mse=0.001256 val_mse=0.009633 blind_mse=0.005946 stress_mse=0.007490 objective=0.003156 lr=0.0003
epoch  6000 train_mse=0.001251 val_mse=0.009703 blind_mse=0.005986 stress_mse=0.007487 objective=0.003146 lr=0.0003
metrics: training_results/model_selection_loop/D66_grouped_width320_lr6e-4_dropout0.075_v8c1diff_full_seed23_20260614_010207_utc/metrics_model_loop.json
selection: training_results/model_selection_loop/D66_grouped_width320_lr6e-4_dropout0.075_v8c1diff_full_seed23_20260614_010207_utc/selection_score.json
weighted_score: 0.036357190888016845
rejected: False []
$ /usr/bin/python3 scripts/run_model_selection_candidate.py --family enhanced --candidate-id D66_grouped_width320_lr6e-4_dropout0.075_v8c1diff_basic_seed7 --output-root training_results/model_selection_loop --architecture grouped_heads --hidden-dim 320 --dropout 0.075 --learning-rate 0.0006 --weight-decay 0.0001 --residual-penalty 0.003 --max-epochs 6000 --eval-every 25 --patience-epochs 1000 --easy-regression-limit 0.1 --torch-seed 7 --batch-size 0 --component-loss-kind smooth_l1 --component-smooth-l1-beta 0.25 --grad-clip-norm 1.0 --lr-scheduler plateau --lr-plateau-factor 0.5 --lr-plateau-patience-evals 8 --min-learning-rate 1e-05 --csv-path training_results/feature_regression_enhanced/enhanced_v8_c1diff_basic_20260613_231456_utc/training_features_enhanced.csv --baseline-metrics training_results/model_selection_loop/D66_grouped_width320_lr6e-4_dropout0.075_v6gap100k_seed23_20260612_051859_utc/metrics_model_loop.json --selection-config experiments/model_selection_weights.json --split-seed 7
candidate: D66_grouped_width320_lr6e-4_dropout0.075_v8c1diff_basic_seed7
family: enhanced
source CSV: /content/Aberration-Simulation/training_results/feature_regression_enhanced/enhanced_v8_c1diff_basic_20260613_231456_utc/training_features_enhanced.csv
features: 81
output: training_results/model_selection_loop/D66_grouped_width320_lr6e-4_dropout0.075_v8c1diff_basic_seed7_20260614_015953_utc
epoch     1 train_mse=1.344752 val_mse=1.536640 blind_mse=1.436434 stress_mse=1.413605 objective=0.767472 lr=0.0006
epoch    25 train_mse=0.588582 val_mse=0.730513 blind_mse=0.606673 stress_mse=0.677196 objective=0.381538 lr=0.0006
epoch    50 train_mse=0.247605 val_mse=0.334034 blind_mse=0.207099 stress_mse=0.276038 objective=0.206470 lr=0.0006
epoch    75 train_mse=0.133409 val_mse=0.195980 blind_mse=0.106854 stress_mse=0.141855 objective=0.126992 lr=0.0006
epoch   100 train_mse=0.100258 val_mse=0.158356 blind_mse=0.086361 stress_mse=0.113734 objective=0.099598 lr=0.0006
epoch   125 train_mse=0.082883 val_mse=0.134535 blind_mse=0.073363 stress_mse=0.097705 objective=0.084597 lr=0.0006
epoch   150 train_mse=0.070603 val_mse=0.115613 blind_mse=0.062914 stress_mse=0.084563 objective=0.074315 lr=0.0006
epoch   175 train_mse=0.060736 val_mse=0.100881 blind_mse=0.055330 stress_mse=0.074032 objective=0.065987 lr=0.0006
epoch   200 train_mse=0.052440 val_mse=0.087741 blind_mse=0.048902 stress_mse=0.064344 objective=0.059082 lr=0.0006
epoch   225 train_mse=0.046534 val_mse=0.078612 blind_mse=0.044213 stress_mse=0.057210 objective=0.053707 lr=0.0006
epoch   250 train_mse=0.042033 val_mse=0.071444 blind_mse=0.040572 stress_mse=0.051826 objective=0.049547 lr=0.0006
epoch   275 train_mse=0.038462 val_mse=0.065973 blind_mse=0.037825 stress_mse=0.047352 objective=0.046185 lr=0.0006
epoch   300 train_mse=0.035326 val_mse=0.061289 blind_mse=0.035476 stress_mse=0.043722 objective=0.043189 lr=0.0006
epoch   325 train_mse=0.032729 val_mse=0.057440 blind_mse=0.033465 stress_mse=0.040845 objective=0.040679 lr=0.0006
epoch   350 train_mse=0.030564 val_mse=0.054432 blind_mse=0.031831 stress_mse=0.038173 objective=0.038532 lr=0.0006
epoch   375 train_mse=0.028665 val_mse=0.051761 blind_mse=0.030280 stress_mse=0.036103 objective=0.036617 lr=0.0006
epoch   400 train_mse=0.026879 val_mse=0.048861 blind_mse=0.028844 stress_mse=0.034067 objective=0.034802 lr=0.0006
epoch   425 train_mse=0.025327 val_mse=0.046893 blind_mse=0.027681 stress_mse=0.032334 objective=0.033257 lr=0.0006
epoch   450 train_mse=0.023989 val_mse=0.044753 blind_mse=0.026571 stress_mse=0.030828 objective=0.031847 lr=0.0006
epoch   475 train_mse=0.022671 val_mse=0.042721 blind_mse=0.025468 stress_mse=0.029434 objective=0.030512 lr=0.0006
epoch   500 train_mse=0.021529 val_mse=0.041199 blind_mse=0.024572 stress_mse=0.028064 objective=0.029319 lr=0.0006
epoch   525 train_mse=0.020535 val_mse=0.039622 blind_mse=0.023534 stress_mse=0.027097 objective=0.028240 lr=0.0006
epoch   550 train_mse=0.019425 val_mse=0.038069 blind_mse=0.022673 stress_mse=0.025992 objective=0.027087 lr=0.0006
epoch   575 train_mse=0.018558 val_mse=0.036640 blind_mse=0.021845 stress_mse=0.024957 objective=0.026135 lr=0.0006
epoch   600 train_mse=0.017690 val_mse=0.035496 blind_mse=0.021172 stress_mse=0.024017 objective=0.025223 lr=0.0006
epoch   625 train_mse=0.016872 val_mse=0.034110 blind_mse=0.020352 stress_mse=0.023024 objective=0.024323 lr=0.0006
epoch   650 train_mse=0.016185 val_mse=0.033128 blind_mse=0.019642 stress_mse=0.022336 objective=0.023542 lr=0.0006
epoch   675 train_mse=0.015422 val_mse=0.032093 blind_mse=0.019058 stress_mse=0.021548 objective=0.022712 lr=0.0006
epoch   700 train_mse=0.014867 val_mse=0.031073 blind_mse=0.018528 stress_mse=0.020890 objective=0.022077 lr=0.0006
epoch   725 train_mse=0.014136 val_mse=0.030029 blind_mse=0.017834 stress_mse=0.020286 objective=0.021247 lr=0.0006
epoch   750 train_mse=0.013533 val_mse=0.029134 blind_mse=0.017391 stress_mse=0.019582 objective=0.020590 lr=0.0006
epoch   775 train_mse=0.012962 val_mse=0.028215 blind_mse=0.016892 stress_mse=0.019073 objective=0.019936 lr=0.0006
epoch   800 train_mse=0.012541 val_mse=0.027625 blind_mse=0.016476 stress_mse=0.018642 objective=0.019450 lr=0.0006
epoch   825 train_mse=0.012024 val_mse=0.026900 blind_mse=0.015947 stress_mse=0.018191 objective=0.018822 lr=0.0006
epoch   850 train_mse=0.011683 val_mse=0.026302 blind_mse=0.015538 stress_mse=0.017654 objective=0.018373 lr=0.0006
epoch   875 train_mse=0.011237 val_mse=0.025758 blind_mse=0.015209 stress_mse=0.017337 objective=0.017890 lr=0.0006
epoch   900 train_mse=0.010765 val_mse=0.024867 blind_mse=0.014736 stress_mse=0.016911 objective=0.017320 lr=0.0006
epoch   925 train_mse=0.010372 val_mse=0.024533 blind_mse=0.014436 stress_mse=0.016421 objective=0.016817 lr=0.0006
epoch   950 train_mse=0.010107 val_mse=0.024006 blind_mse=0.014135 stress_mse=0.016091 objective=0.016465 lr=0.0006
epoch   975 train_mse=0.009759 val_mse=0.023406 blind_mse=0.013780 stress_mse=0.015767 objective=0.016051 lr=0.0006
epoch  1000 train_mse=0.009435 val_mse=0.023087 blind_mse=0.013575 stress_mse=0.015397 objective=0.015612 lr=0.0006
epoch  1025 train_mse=0.009113 val_mse=0.022628 blind_mse=0.013225 stress_mse=0.015126 objective=0.015206 lr=0.0006
epoch  1050 train_mse=0.008818 val_mse=0.022192 blind_mse=0.012937 stress_mse=0.014847 objective=0.014859 lr=0.0006
epoch  1075 train_mse=0.008590 val_mse=0.021723 blind_mse=0.012578 stress_mse=0.014537 objective=0.014516 lr=0.0006
epoch  1100 train_mse=0.008317 val_mse=0.021354 blind_mse=0.012465 stress_mse=0.014446 objective=0.014175 lr=0.0006
epoch  1125 train_mse=0.008079 val_mse=0.021039 blind_mse=0.012136 stress_mse=0.014016 objective=0.013867 lr=0.0006
epoch  1150 train_mse=0.007833 val_mse=0.020738 blind_mse=0.011921 stress_mse=0.013824 objective=0.013548 lr=0.0006
epoch  1175 train_mse=0.007622 val_mse=0.020411 blind_mse=0.011648 stress_mse=0.013576 objective=0.013257 lr=0.0006
epoch  1200 train_mse=0.007500 val_mse=0.020151 blind_mse=0.011379 stress_mse=0.013371 objective=0.013034 lr=0.0006
epoch  1225 train_mse=0.007218 val_mse=0.019905 blind_mse=0.011241 stress_mse=0.013160 objective=0.012712 lr=0.0006
epoch  1250 train_mse=0.006987 val_mse=0.019618 blind_mse=0.011121 stress_mse=0.013038 objective=0.012405 lr=0.0006
epoch  1275 train_mse=0.006878 val_mse=0.019364 blind_mse=0.010963 stress_mse=0.012993 objective=0.012232 lr=0.0006
epoch  1300 train_mse=0.006709 val_mse=0.019069 blind_mse=0.010730 stress_mse=0.012712 objective=0.012008 lr=0.0006
epoch  1325 train_mse=0.006555 val_mse=0.018908 blind_mse=0.010575 stress_mse=0.012571 objective=0.011779 lr=0.0006
epoch  1350 train_mse=0.006401 val_mse=0.018577 blind_mse=0.010350 stress_mse=0.012278 objective=0.011546 lr=0.0006
epoch  1375 train_mse=0.006264 val_mse=0.018581 blind_mse=0.010263 stress_mse=0.012224 objective=0.011379 lr=0.0006
epoch  1400 train_mse=0.006087 val_mse=0.018265 blind_mse=0.010074 stress_mse=0.012091 objective=0.011118 lr=0.0006
epoch  1425 train_mse=0.005947 val_mse=0.017878 blind_mse=0.009926 stress_mse=0.011856 objective=0.010918 lr=0.0006
epoch  1450 train_mse=0.005803 val_mse=0.017696 blind_mse=0.009843 stress_mse=0.011743 objective=0.010713 lr=0.0006
epoch  1475 train_mse=0.005708 val_mse=0.017504 blind_mse=0.009692 stress_mse=0.011722 objective=0.010568 lr=0.0006
epoch  1500 train_mse=0.005566 val_mse=0.017318 blind_mse=0.009607 stress_mse=0.011528 objective=0.010369 lr=0.0006
epoch  1525 train_mse=0.005450 val_mse=0.017291 blind_mse=0.009443 stress_mse=0.011388 objective=0.010201 lr=0.0006
epoch  1550 train_mse=0.005369 val_mse=0.016982 blind_mse=0.009363 stress_mse=0.011269 objective=0.010071 lr=0.0006
epoch  1575 train_mse=0.005282 val_mse=0.016813 blind_mse=0.009291 stress_mse=0.011291 objective=0.009940 lr=0.0006
epoch  1600 train_mse=0.005130 val_mse=0.016772 blind_mse=0.009150 stress_mse=0.011081 objective=0.009711 lr=0.0006
epoch  1625 train_mse=0.005059 val_mse=0.016600 blind_mse=0.009077 stress_mse=0.011052 objective=0.009610 lr=0.0006
epoch  1650 train_mse=0.004953 val_mse=0.016289 blind_mse=0.008991 stress_mse=0.010869 objective=0.009449 lr=0.0006
epoch  1675 train_mse=0.004862 val_mse=0.016116 blind_mse=0.008828 stress_mse=0.010765 objective=0.009307 lr=0.0006
epoch  1700 train_mse=0.004806 val_mse=0.016061 blind_mse=0.008811 stress_mse=0.010787 objective=0.009237 lr=0.0006
epoch  1725 train_mse=0.004699 val_mse=0.015832 blind_mse=0.008722 stress_mse=0.010610 objective=0.009078 lr=0.0006
epoch  1750 train_mse=0.004587 val_mse=0.015796 blind_mse=0.008486 stress_mse=0.010411 objective=0.008896 lr=0.0006
epoch  1775 train_mse=0.004567 val_mse=0.015651 blind_mse=0.008518 stress_mse=0.010551 objective=0.008853 lr=0.0006
epoch  1800 train_mse=0.004485 val_mse=0.015516 blind_mse=0.008474 stress_mse=0.010395 objective=0.008741 lr=0.0006
epoch  1825 train_mse=0.004430 val_mse=0.015470 blind_mse=0.008392 stress_mse=0.010327 objective=0.008647 lr=0.0006
epoch  1850 train_mse=0.004353 val_mse=0.015222 blind_mse=0.008352 stress_mse=0.010231 objective=0.008527 lr=0.0006
epoch  1875 train_mse=0.004251 val_mse=0.015222 blind_mse=0.008190 stress_mse=0.010140 objective=0.008371 lr=0.0006
epoch  1900 train_mse=0.004199 val_mse=0.015040 blind_mse=0.008180 stress_mse=0.010116 objective=0.008291 lr=0.0006
epoch  1925 train_mse=0.004166 val_mse=0.014879 blind_mse=0.008106 stress_mse=0.010005 objective=0.008243 lr=0.0006
epoch  1950 train_mse=0.004093 val_mse=0.014919 blind_mse=0.008077 stress_mse=0.009944 objective=0.008127 lr=0.0006
epoch  1975 train_mse=0.004050 val_mse=0.014668 blind_mse=0.008085 stress_mse=0.009835 objective=0.008052 lr=0.0006
epoch  2000 train_mse=0.003975 val_mse=0.014510 blind_mse=0.008013 stress_mse=0.009900 objective=0.007943 lr=0.0006
epoch  2025 train_mse=0.003918 val_mse=0.014599 blind_mse=0.007879 stress_mse=0.009708 objective=0.007850 lr=0.0006
epoch  2050 train_mse=0.003848 val_mse=0.014314 blind_mse=0.007782 stress_mse=0.009659 objective=0.007748 lr=0.0006
epoch  2075 train_mse=0.003823 val_mse=0.014152 blind_mse=0.007726 stress_mse=0.009543 objective=0.007709 lr=0.0006
epoch  2100 train_mse=0.003765 val_mse=0.014341 blind_mse=0.007785 stress_mse=0.009613 objective=0.007613 lr=0.0006
epoch  2125 train_mse=0.003734 val_mse=0.014072 blind_mse=0.007675 stress_mse=0.009499 objective=0.007559 lr=0.0006
epoch  2150 train_mse=0.003672 val_mse=0.013901 blind_mse=0.007710 stress_mse=0.009461 objective=0.007467 lr=0.0006
epoch  2175 train_mse=0.003623 val_mse=0.014041 blind_mse=0.007559 stress_mse=0.009439 objective=0.007382 lr=0.0006
epoch  2200 train_mse=0.003582 val_mse=0.013929 blind_mse=0.007566 stress_mse=0.009418 objective=0.007318 lr=0.0006
epoch  2225 train_mse=0.003532 val_mse=0.013866 blind_mse=0.007463 stress_mse=0.009319 objective=0.007243 lr=0.0006
epoch  2250 train_mse=0.003516 val_mse=0.013672 blind_mse=0.007464 stress_mse=0.009312 objective=0.007222 lr=0.0006
epoch  2275 train_mse=0.003433 val_mse=0.013682 blind_mse=0.007423 stress_mse=0.009157 objective=0.007079 lr=0.0006
epoch  2300 train_mse=0.003394 val_mse=0.013574 blind_mse=0.007377 stress_mse=0.009144 objective=0.007014 lr=0.0006
epoch  2325 train_mse=0.003394 val_mse=0.013478 blind_mse=0.007387 stress_mse=0.009147 objective=0.007026 lr=0.0006
epoch  2350 train_mse=0.003351 val_mse=0.013425 blind_mse=0.007331 stress_mse=0.009124 objective=0.006948 lr=0.0006
epoch  2375 train_mse=0.003333 val_mse=0.013277 blind_mse=0.007252 stress_mse=0.009010 objective=0.006914 lr=0.0006
epoch  2400 train_mse=0.003272 val_mse=0.013275 blind_mse=0.007204 stress_mse=0.009018 objective=0.006817 lr=0.0006
epoch  2425 train_mse=0.003242 val_mse=0.013307 blind_mse=0.007151 stress_mse=0.008960 objective=0.006766 lr=0.0006
epoch  2450 train_mse=0.003204 val_mse=0.013400 blind_mse=0.007183 stress_mse=0.008951 objective=0.006702 lr=0.0006
epoch  2475 train_mse=0.003196 val_mse=0.013045 blind_mse=0.007149 stress_mse=0.008888 objective=0.006684 lr=0.0006
epoch  2500 train_mse=0.003136 val_mse=0.013115 blind_mse=0.007066 stress_mse=0.008814 objective=0.006587 lr=0.0006
epoch  2525 train_mse=0.003109 val_mse=0.013000 blind_mse=0.007030 stress_mse=0.008792 objective=0.006544 lr=0.0006
epoch  2550 train_mse=0.003066 val_mse=0.013161 blind_mse=0.007023 stress_mse=0.008707 objective=0.006467 lr=0.0006
epoch  2575 train_mse=0.003052 val_mse=0.012979 blind_mse=0.006992 stress_mse=0.008689 objective=0.006452 lr=0.0006
epoch  2600 train_mse=0.003011 val_mse=0.012808 blind_mse=0.006961 stress_mse=0.008634 objective=0.006379 lr=0.0006
epoch  2625 train_mse=0.002987 val_mse=0.012826 blind_mse=0.006892 stress_mse=0.008675 objective=0.006340 lr=0.0006
epoch  2650 train_mse=0.002935 val_mse=0.012692 blind_mse=0.006920 stress_mse=0.008555 objective=0.006255 lr=0.0006
epoch  2675 train_mse=0.002946 val_mse=0.012759 blind_mse=0.006944 stress_mse=0.008542 objective=0.006282 lr=0.0006
epoch  2700 train_mse=0.002887 val_mse=0.012651 blind_mse=0.006961 stress_mse=0.008468 objective=0.006178 lr=0.0006
epoch  2725 train_mse=0.002888 val_mse=0.012709 blind_mse=0.006892 stress_mse=0.008527 objective=0.006171 lr=0.0006
epoch  2750 train_mse=0.002866 val_mse=0.012625 blind_mse=0.006772 stress_mse=0.008540 objective=0.006144 lr=0.0006
epoch  2775 train_mse=0.002840 val_mse=0.012684 blind_mse=0.006811 stress_mse=0.008486 objective=0.006100 lr=0.0006
epoch  2800 train_mse=0.002802 val_mse=0.012538 blind_mse=0.006782 stress_mse=0.008493 objective=0.006028 lr=0.0006
epoch  2825 train_mse=0.002783 val_mse=0.012720 blind_mse=0.006808 stress_mse=0.008365 objective=0.005997 lr=0.0006
epoch  2850 train_mse=0.002758 val_mse=0.012575 blind_mse=0.006713 stress_mse=0.008342 objective=0.005955 lr=0.0006
epoch  2875 train_mse=0.002759 val_mse=0.012347 blind_mse=0.006761 stress_mse=0.008287 objective=0.005955 lr=0.0006
epoch  2900 train_mse=0.002721 val_mse=0.012351 blind_mse=0.006745 stress_mse=0.008302 objective=0.005889 lr=0.0006
epoch  2925 train_mse=0.002725 val_mse=0.012424 blind_mse=0.006704 stress_mse=0.008300 objective=0.005905 lr=0.0006
epoch  2950 train_mse=0.002695 val_mse=0.012347 blind_mse=0.006733 stress_mse=0.008323 objective=0.005843 lr=0.0006
epoch  2975 train_mse=0.002666 val_mse=0.012240 blind_mse=0.006614 stress_mse=0.008321 objective=0.005796 lr=0.0006
epoch  3000 train_mse=0.002652 val_mse=0.012423 blind_mse=0.006670 stress_mse=0.008305 objective=0.005775 lr=0.0006
epoch  3025 train_mse=0.002616 val_mse=0.012190 blind_mse=0.006643 stress_mse=0.008246 objective=0.005710 lr=0.0006
epoch  3050 train_mse=0.002594 val_mse=0.012298 blind_mse=0.006568 stress_mse=0.008163 objective=0.005676 lr=0.0006
epoch  3075 train_mse=0.002590 val_mse=0.012089 blind_mse=0.006628 stress_mse=0.008075 objective=0.005670 lr=0.0006
epoch  3100 train_mse=0.002564 val_mse=0.012173 blind_mse=0.006534 stress_mse=0.008147 objective=0.005627 lr=0.0006
epoch  3125 train_mse=0.002537 val_mse=0.012071 blind_mse=0.006556 stress_mse=0.008111 objective=0.005571 lr=0.0006
epoch  3150 train_mse=0.002542 val_mse=0.012018 blind_mse=0.006566 stress_mse=0.008136 objective=0.005580 lr=0.0006
epoch  3175 train_mse=0.002488 val_mse=0.011859 blind_mse=0.006530 stress_mse=0.008011 objective=0.005491 lr=0.0006
epoch  3200 train_mse=0.002472 val_mse=0.012030 blind_mse=0.006540 stress_mse=0.007977 objective=0.005465 lr=0.0006
epoch  3225 train_mse=0.002485 val_mse=0.012118 blind_mse=0.006562 stress_mse=0.008037 objective=0.005479 lr=0.0006
epoch  3250 train_mse=0.002458 val_mse=0.011990 blind_mse=0.006516 stress_mse=0.008021 objective=0.005437 lr=0.0006
epoch  3275 train_mse=0.002454 val_mse=0.011854 blind_mse=0.006485 stress_mse=0.007977 objective=0.005428 lr=0.0006
epoch  3300 train_mse=0.002453 val_mse=0.011905 blind_mse=0.006466 stress_mse=0.007955 objective=0.005430 lr=0.0006
epoch  3325 train_mse=0.002425 val_mse=0.011808 blind_mse=0.006490 stress_mse=0.007892 objective=0.005380 lr=0.0006
epoch  3350 train_mse=0.002396 val_mse=0.011893 blind_mse=0.006478 stress_mse=0.007909 objective=0.005327 lr=0.0006
epoch  3375 train_mse=0.002371 val_mse=0.011759 blind_mse=0.006389 stress_mse=0.007912 objective=0.005280 lr=0.0006
epoch  3400 train_mse=0.002398 val_mse=0.011868 blind_mse=0.006439 stress_mse=0.007980 objective=0.005332 lr=0.0006
epoch  3425 train_mse=0.002368 val_mse=0.011867 blind_mse=0.006481 stress_mse=0.007868 objective=0.005285 lr=0.0006
epoch  3450 train_mse=0.002348 val_mse=0.011754 blind_mse=0.006381 stress_mse=0.007856 objective=0.005247 lr=0.0006
epoch  3475 train_mse=0.002302 val_mse=0.011796 blind_mse=0.006354 stress_mse=0.007751 objective=0.005159 lr=0.0006
epoch  3500 train_mse=0.002310 val_mse=0.011751 blind_mse=0.006392 stress_mse=0.007839 objective=0.005172 lr=0.0006
epoch  3525 train_mse=0.002332 val_mse=0.011593 blind_mse=0.006381 stress_mse=0.007858 objective=0.005226 lr=0.0006
epoch  3550 train_mse=0.002300 val_mse=0.011600 blind_mse=0.006318 stress_mse=0.007869 objective=0.005163 lr=0.0006
epoch  3575 train_mse=0.002304 val_mse=0.011550 blind_mse=0.006372 stress_mse=0.007797 objective=0.005178 lr=0.0006
epoch  3600 train_mse=0.002246 val_mse=0.011563 blind_mse=0.006326 stress_mse=0.007803 objective=0.005064 lr=0.0006
epoch  3625 train_mse=0.002261 val_mse=0.011441 blind_mse=0.006264 stress_mse=0.007819 objective=0.005096 lr=0.0006
epoch  3650 train_mse=0.002242 val_mse=0.011666 blind_mse=0.006345 stress_mse=0.007783 objective=0.005057 lr=0.0006
epoch  3675 train_mse=0.002228 val_mse=0.011592 blind_mse=0.006357 stress_mse=0.007692 objective=0.005033 lr=0.0006
epoch  3700 train_mse=0.002221 val_mse=0.011439 blind_mse=0.006323 stress_mse=0.007710 objective=0.005017 lr=0.0006
epoch  3725 train_mse=0.002213 val_mse=0.011395 blind_mse=0.006300 stress_mse=0.007650 objective=0.005006 lr=0.0006
epoch  3750 train_mse=0.002181 val_mse=0.011517 blind_mse=0.006248 stress_mse=0.007692 objective=0.004942 lr=0.0006
epoch  3775 train_mse=0.002203 val_mse=0.011466 blind_mse=0.006393 stress_mse=0.007677 objective=0.004981 lr=0.0006
epoch  3800 train_mse=0.002199 val_mse=0.011472 blind_mse=0.006263 stress_mse=0.007661 objective=0.004978 lr=0.0006
epoch  3825 train_mse=0.002156 val_mse=0.011264 blind_mse=0.006247 stress_mse=0.007664 objective=0.004897 lr=0.0006
epoch  3850 train_mse=0.002165 val_mse=0.011325 blind_mse=0.006320 stress_mse=0.007610 objective=0.004916 lr=0.0006
epoch  3875 train_mse=0.002139 val_mse=0.011254 blind_mse=0.006308 stress_mse=0.007681 objective=0.004865 lr=0.0006
epoch  3900 train_mse=0.002138 val_mse=0.011144 blind_mse=0.006273 stress_mse=0.007567 objective=0.004866 lr=0.0006
epoch  3925 train_mse=0.002140 val_mse=0.011316 blind_mse=0.006220 stress_mse=0.007623 objective=0.004870 lr=0.0006
epoch  3950 train_mse=0.002114 val_mse=0.011185 blind_mse=0.006180 stress_mse=0.007578 objective=0.004822 lr=0.0006
epoch  3975 train_mse=0.002101 val_mse=0.011109 blind_mse=0.006249 stress_mse=0.007556 objective=0.004798 lr=0.0006
epoch  4000 train_mse=0.002094 val_mse=0.011114 blind_mse=0.006191 stress_mse=0.007533 objective=0.004787 lr=0.0006
epoch  4025 train_mse=0.002104 val_mse=0.011143 blind_mse=0.006189 stress_mse=0.007547 objective=0.004803 lr=0.0006
epoch  4050 train_mse=0.002073 val_mse=0.011141 blind_mse=0.006180 stress_mse=0.007421 objective=0.004751 lr=0.0006
epoch  4075 train_mse=0.002067 val_mse=0.011354 blind_mse=0.006161 stress_mse=0.007469 objective=0.004735 lr=0.0006
epoch  4100 train_mse=0.002060 val_mse=0.011056 blind_mse=0.006223 stress_mse=0.007449 objective=0.004724 lr=0.0006
epoch  4125 train_mse=0.002075 val_mse=0.011218 blind_mse=0.006239 stress_mse=0.007459 objective=0.004749 lr=0.0006
epoch  4150 train_mse=0.002059 val_mse=0.011197 blind_mse=0.006227 stress_mse=0.007363 objective=0.004717 lr=0.0006
epoch  4175 train_mse=0.002038 val_mse=0.011070 blind_mse=0.006172 stress_mse=0.007427 objective=0.004682 lr=0.0006
epoch  4200 train_mse=0.002030 val_mse=0.011081 blind_mse=0.006104 stress_mse=0.007416 objective=0.004668 lr=0.0006
epoch  4225 train_mse=0.002025 val_mse=0.011129 blind_mse=0.006134 stress_mse=0.007390 objective=0.004656 lr=0.0006
epoch  4250 train_mse=0.002012 val_mse=0.010977 blind_mse=0.006156 stress_mse=0.007410 objective=0.004632 lr=0.0006
epoch  4275 train_mse=0.001994 val_mse=0.010899 blind_mse=0.006096 stress_mse=0.007364 objective=0.004602 lr=0.0006
epoch  4300 train_mse=0.001982 val_mse=0.011011 blind_mse=0.006031 stress_mse=0.007328 objective=0.004581 lr=0.0006
epoch  4325 train_mse=0.001993 val_mse=0.011060 blind_mse=0.006121 stress_mse=0.007379 objective=0.004601 lr=0.0006
epoch  4350 train_mse=0.001991 val_mse=0.010977 blind_mse=0.006134 stress_mse=0.007380 objective=0.004598 lr=0.0006
epoch  4375 train_mse=0.001997 val_mse=0.011009 blind_mse=0.006142 stress_mse=0.007382 objective=0.004606 lr=0.0006
epoch  4400 train_mse=0.001967 val_mse=0.010944 blind_mse=0.006119 stress_mse=0.007314 objective=0.004554 lr=0.0006
epoch  4425 train_mse=0.001936 val_mse=0.010867 blind_mse=0.006044 stress_mse=0.007280 objective=0.004495 lr=0.0006
epoch  4450 train_mse=0.001970 val_mse=0.010825 blind_mse=0.006127 stress_mse=0.007320 objective=0.004556 lr=0.0006
epoch  4475 train_mse=0.001949 val_mse=0.010992 blind_mse=0.006068 stress_mse=0.007282 objective=0.004518 lr=0.0006
epoch  4500 train_mse=0.001960 val_mse=0.010814 blind_mse=0.006030 stress_mse=0.007267 objective=0.004542 lr=0.0006
epoch  4525 train_mse=0.001976 val_mse=0.010891 blind_mse=0.006141 stress_mse=0.007274 objective=0.004571 lr=0.0006
epoch  4550 train_mse=0.001935 val_mse=0.010862 blind_mse=0.006071 stress_mse=0.007327 objective=0.004489 lr=0.0006
epoch  4575 train_mse=0.001931 val_mse=0.010938 blind_mse=0.006063 stress_mse=0.007245 objective=0.004493 lr=0.0006
epoch  4600 train_mse=0.001924 val_mse=0.010796 blind_mse=0.006056 stress_mse=0.007238 objective=0.004474 lr=0.0006
epoch  4625 train_mse=0.001898 val_mse=0.010801 blind_mse=0.006081 stress_mse=0.007238 objective=0.004421 lr=0.0006
epoch  4650 train_mse=0.001915 val_mse=0.010918 blind_mse=0.006097 stress_mse=0.007310 objective=0.004454 lr=0.0006
epoch  4675 train_mse=0.001913 val_mse=0.010932 blind_mse=0.006097 stress_mse=0.007264 objective=0.004449 lr=0.0006
epoch  4700 train_mse=0.001906 val_mse=0.010817 blind_mse=0.006094 stress_mse=0.007231 objective=0.004439 lr=0.0006
epoch  4725 train_mse=0.001871 val_mse=0.010693 blind_mse=0.006089 stress_mse=0.007198 objective=0.004375 lr=0.0006
epoch  4750 train_mse=0.001857 val_mse=0.010775 blind_mse=0.006066 stress_mse=0.007126 objective=0.004346 lr=0.0006
epoch  4775 train_mse=0.001875 val_mse=0.010754 blind_mse=0.006110 stress_mse=0.007151 objective=0.004384 lr=0.0006
epoch  4800 train_mse=0.001842 val_mse=0.010573 blind_mse=0.006000 stress_mse=0.007136 objective=0.004327 lr=0.0006
epoch  4825 train_mse=0.001852 val_mse=0.010775 blind_mse=0.006052 stress_mse=0.007133 objective=0.004340 lr=0.0006
epoch  4850 train_mse=0.001857 val_mse=0.010837 blind_mse=0.006056 stress_mse=0.007151 objective=0.004348 lr=0.0006
epoch  4875 train_mse=0.001867 val_mse=0.010817 blind_mse=0.006080 stress_mse=0.007162 objective=0.004361 lr=0.0006
epoch  4900 train_mse=0.001856 val_mse=0.010780 blind_mse=0.006024 stress_mse=0.007117 objective=0.004340 lr=0.0006
epoch  4925 train_mse=0.001839 val_mse=0.010759 blind_mse=0.006018 stress_mse=0.007148 objective=0.004315 lr=0.0006
epoch  4950 train_mse=0.001818 val_mse=0.010748 blind_mse=0.005986 stress_mse=0.007107 objective=0.004273 lr=0.0006
epoch  4975 train_mse=0.001821 val_mse=0.010685 blind_mse=0.006023 stress_mse=0.007115 objective=0.004275 lr=0.0006
epoch  5000 train_mse=0.001833 val_mse=0.010723 blind_mse=0.006031 stress_mse=0.007156 objective=0.004303 lr=0.0006
epoch  5025 train_mse=0.001830 val_mse=0.010610 blind_mse=0.005972 stress_mse=0.007055 objective=0.004298 lr=0.0006
epoch  5050 train_mse=0.001756 val_mse=0.010626 blind_mse=0.005960 stress_mse=0.007075 objective=0.004155 lr=0.0003
epoch  5075 train_mse=0.001755 val_mse=0.010627 blind_mse=0.005950 stress_mse=0.007050 objective=0.004148 lr=0.0003
epoch  5100 train_mse=0.001747 val_mse=0.010584 blind_mse=0.005975 stress_mse=0.006984 objective=0.004132 lr=0.0003
epoch  5125 train_mse=0.001746 val_mse=0.010466 blind_mse=0.005927 stress_mse=0.007019 objective=0.004134 lr=0.0003
epoch  5150 train_mse=0.001735 val_mse=0.010551 blind_mse=0.005937 stress_mse=0.006991 objective=0.004111 lr=0.0003
epoch  5175 train_mse=0.001727 val_mse=0.010426 blind_mse=0.005903 stress_mse=0.007030 objective=0.004094 lr=0.0003
epoch  5200 train_mse=0.001729 val_mse=0.010534 blind_mse=0.005930 stress_mse=0.006999 objective=0.004100 lr=0.0003
epoch  5225 train_mse=0.001735 val_mse=0.010570 blind_mse=0.005919 stress_mse=0.006955 objective=0.004111 lr=0.0003
epoch  5250 train_mse=0.001720 val_mse=0.010547 blind_mse=0.005885 stress_mse=0.006950 objective=0.004084 lr=0.0003
epoch  5275 train_mse=0.001724 val_mse=0.010381 blind_mse=0.005909 stress_mse=0.007003 objective=0.004088 lr=0.0003
epoch  5300 train_mse=0.001736 val_mse=0.010557 blind_mse=0.005924 stress_mse=0.006990 objective=0.004110 lr=0.0003
epoch  5325 train_mse=0.001732 val_mse=0.010502 blind_mse=0.005920 stress_mse=0.006970 objective=0.004103 lr=0.0003
epoch  5350 train_mse=0.001725 val_mse=0.010516 blind_mse=0.005929 stress_mse=0.007003 objective=0.004090 lr=0.0003
epoch  5375 train_mse=0.001718 val_mse=0.010651 blind_mse=0.005934 stress_mse=0.006995 objective=0.004079 lr=0.0003
epoch  5400 train_mse=0.001702 val_mse=0.010542 blind_mse=0.005874 stress_mse=0.006965 objective=0.004051 lr=0.0003
epoch  5425 train_mse=0.001710 val_mse=0.010549 blind_mse=0.005871 stress_mse=0.006964 objective=0.004063 lr=0.0003
epoch  5450 train_mse=0.001710 val_mse=0.010532 blind_mse=0.005865 stress_mse=0.006958 objective=0.004063 lr=0.0003
epoch  5475 train_mse=0.001706 val_mse=0.010545 blind_mse=0.005885 stress_mse=0.006966 objective=0.004055 lr=0.0003
epoch  5500 train_mse=0.001695 val_mse=0.010450 blind_mse=0.005878 stress_mse=0.006956 objective=0.004037 lr=0.0003
epoch  5525 train_mse=0.001672 val_mse=0.010439 blind_mse=0.005830 stress_mse=0.006889 objective=0.003992 lr=0.00015
epoch  5550 train_mse=0.001671 val_mse=0.010421 blind_mse=0.005816 stress_mse=0.006880 objective=0.003988 lr=0.00015
epoch  5575 train_mse=0.001667 val_mse=0.010465 blind_mse=0.005846 stress_mse=0.006915 objective=0.003981 lr=0.00015
epoch  5600 train_mse=0.001665 val_mse=0.010467 blind_mse=0.005813 stress_mse=0.006910 objective=0.003977 lr=0.00015
epoch  5625 train_mse=0.001658 val_mse=0.010375 blind_mse=0.005820 stress_mse=0.006886 objective=0.003964 lr=0.00015
epoch  5650 train_mse=0.001655 val_mse=0.010381 blind_mse=0.005813 stress_mse=0.006875 objective=0.003959 lr=0.00015
epoch  5675 train_mse=0.001662 val_mse=0.010448 blind_mse=0.005856 stress_mse=0.006916 objective=0.003970 lr=0.00015
epoch  5700 train_mse=0.001664 val_mse=0.010406 blind_mse=0.005831 stress_mse=0.006883 objective=0.003977 lr=0.00015
epoch  5725 train_mse=0.001655 val_mse=0.010345 blind_mse=0.005788 stress_mse=0.006902 objective=0.003956 lr=0.00015
epoch  5750 train_mse=0.001652 val_mse=0.010412 blind_mse=0.005822 stress_mse=0.006893 objective=0.003954 lr=0.00015
epoch  5775 train_mse=0.001648 val_mse=0.010400 blind_mse=0.005845 stress_mse=0.006891 objective=0.003945 lr=0.00015
epoch  5800 train_mse=0.001664 val_mse=0.010450 blind_mse=0.005853 stress_mse=0.006881 objective=0.003974 lr=0.00015
epoch  5825 train_mse=0.001657 val_mse=0.010423 blind_mse=0.005839 stress_mse=0.006868 objective=0.003960 lr=0.00015
epoch  5850 train_mse=0.001666 val_mse=0.010453 blind_mse=0.005838 stress_mse=0.006899 objective=0.003978 lr=0.00015
epoch  5875 train_mse=0.001653 val_mse=0.010451 blind_mse=0.005828 stress_mse=0.006878 objective=0.003954 lr=0.00015
epoch  5900 train_mse=0.001638 val_mse=0.010420 blind_mse=0.005825 stress_mse=0.006870 objective=0.003926 lr=0.00015
epoch  5925 train_mse=0.001660 val_mse=0.010445 blind_mse=0.005856 stress_mse=0.006871 objective=0.003965 lr=0.00015
epoch  5950 train_mse=0.001640 val_mse=0.010384 blind_mse=0.005823 stress_mse=0.006883 objective=0.003930 lr=0.00015
epoch  5975 train_mse=0.001630 val_mse=0.010348 blind_mse=0.005803 stress_mse=0.006852 objective=0.003908 lr=7.5e-05
epoch  6000 train_mse=0.001628 val_mse=0.010360 blind_mse=0.005795 stress_mse=0.006862 objective=0.003905 lr=7.5e-05
metrics: training_results/model_selection_loop/D66_grouped_width320_lr6e-4_dropout0.075_v8c1diff_basic_seed7_20260614_015953_utc/metrics_model_loop.json
selection: training_results/model_selection_loop/D66_grouped_width320_lr6e-4_dropout0.075_v8c1diff_basic_seed7_20260614_015953_utc/selection_score.json
weighted_score: 0.03716075346697695
rejected: False []
$ /usr/bin/python3 scripts/run_model_selection_candidate.py --family enhanced --candidate-id D66_grouped_width320_lr6e-4_dropout0.075_v8c1diff_full_seed7 --output-root training_results/model_selection_loop --architecture grouped_heads --hidden-dim 320 --dropout 0.075 --learning-rate 0.0006 --weight-decay 0.0001 --residual-penalty 0.003 --max-epochs 6000 --eval-every 25 --patience-epochs 1000 --easy-regression-limit 0.1 --torch-seed 7 --batch-size 0 --component-loss-kind smooth_l1 --component-smooth-l1-beta 0.25 --grad-clip-norm 1.0 --lr-scheduler plateau --lr-plateau-factor 0.5 --lr-plateau-patience-evals 8 --min-learning-rate 1e-05 --csv-path training_results/feature_regression_enhanced/enhanced_v8_c1diff_full_20260613_231542_utc/training_features_enhanced.csv --baseline-metrics training_results/model_selection_loop/D66_grouped_width320_lr6e-4_dropout0.075_v6gap100k_seed23_20260612_051859_utc/metrics_model_loop.json --selection-config experiments/model_selection_weights.json --split-seed 7
